Pipeline Test Run - 2025-12-13 16:32:02
================================================================================
Pipeline ready.


================================================================================
[1/15] List all clients with their industries.
================================================================================

--- STAGE 1 PROMPT ---
You are a Python data analyst. Write Pandas code to answer questions about business data.

    ## Available DataFrames:
    - clients_df: [client_id (string), client_name (string), industry (string), country (string)]
- invoices_df: [invoice_id (string), client_id (string), invoice_date (datetime), due_date (datetime), status (string), currency (string), fx_rate_to_usd (float)]
- line_items_df: [line_id (string), invoice_id (string), service_name (string), quantity (int), unit_price (int), tax_rate (float)]

    ## Key Relationships:
    - clients_df.client_id links to invoices_df.client_id
    - invoices_df.invoice_id links to line_items_df.invoice_id

    ## Important Notes:
    - invoice_date and due_date are datetime objects (use .dt accessor for year, month, etc.)
    - tax_rate is a decimal (e.g., 0.2 means 20%)
    - Line total with tax = quantity * unit_price * (1 + tax_rate)
    - Month reference: January=1, February=2, March=3, April=4, May=5, June=6, July=7, August=8, September=9, October=10, November=11, December=12
    - European countries in data: UK, Germany, Netherlands, Norway, Switzerland, France, Spain, Ireland, Portugal
    - To compare dates: use pd.Timestamp('2024-12-31') for date comparisons
    - datetime is already available (no import needed)
    - DO NOT use import statements - pd, np, datetime are pre-provided
    
        ## Sample Data:
        clients_df sample:
client_id  client_name      industry country
     C001    Acme Corp Manufacturing     USA
     C002 Bright Legal         Legal      UK

invoices_df sample:
invoice_id client_id invoice_date   due_date  status currency  fx_rate_to_usd
     I1001      C001   2024-01-10 2024-02-10    Paid      USD             1.0
     I1002      C002   2024-02-15 2024-03-15 Overdue      EUR             1.1

line_items_df sample:
line_id invoice_id     service_name  quantity  unit_price  tax_rate
   L001      I1001 Court Appearance         1         500       0.2
   L002      I1001     M&A Advisory         2         200       0.0
        
    ## Question:
    List all clients with their industries.

    ## Instructions:
    1. Use ONLY: clients_df, invoices_df, line_items_df
    2. Use exact column names from schema
    3. NO import statements (pd, np, datetime are available)
    4. NO print statements - the last line must be an expression that returns the answer
    5. Output ONLY Python code, no explanations or markdown

    Code:

--- STAGE 1 GENERATED CODE ---
clients_df[['client_name', 'industry']]

--- EXECUTION RESULT ---
DataFrame with 20 rows:
        client_name           industry
          Acme Corp      Manufacturing
       Bright Legal              Legal
     Summit Finance Financial Services
  GreenField Retail             Retail
Northwind Logistics          Logistics
 BlueSky Consulting         Consulting
        Nova Health         Healthcare
         Urban Tech         Technology
     RedRock Energy             Energy
   Silverline Media              Media
   Zenith Education          Education
 Alpine Hospitality        Hospitality
     Orion Security           Security
      Pacific Foods    Food & Beverage
    Metro Transport     Transportation
   Vertex Analytics         Technology
   Harbor Insurance          Insurance
    Crescent Pharma    Pharmaceuticals
    Aurora Textiles      Manufacturing
Prairie Agriculture        Agriculture

--- STAGE 2 PROMPT ---
You are a professional data analyst assistant. Based on the data query result below, provide a clear and concise answer to the user's question.

    ## User Question:
    List all clients with their industries.

    ## Query Result:
    DataFrame with 20 rows:
        client_name           industry
          Acme Corp      Manufacturing
       Bright Legal              Legal
     Summit Finance Financial Services
  GreenField Retail             Retail
Northwind Logistics          Logistics
 BlueSky Consulting         Consulting
        Nova Health         Healthcare
         Urban Tech         Technology
     RedRock Energy             Energy
   Silverline Media              Media
   Zenith Education          Education
 Alpine Hospitality        Hospitality
     Orion Security           Security
      Pacific Foods    Food & Beverage
    Metro Transport     Transportation
   Vertex Analytics         Technology
   Harbor Insurance          Insurance
    Crescent Pharma    Pharmaceuticals
    Aurora Textiles      Manufacturing
Prairie Agriculture        Agriculture

    ## Instructions:
    1. Answer the question directly using the data provided
    2. Include specific numbers/values from the result
    3. Keep the answer concise but complete
    4. introduce any additional table formatting if strictly necessary for the answer.
    5. If the result is a table, summarize the key findings
    6. Do NOT make up any numbers - only use what's in the result
    7. Format currency values with appropriate symbols when relevant

    Answer:

--- FINAL ANSWER ---
Here is the list of all clients with their industries:

| Client Name | Industry |
| --- | --- |
| Acme Corp | Manufacturing |
| Bright Legal | Legal |
| Summit Finance | Financial Services |
| GreenField Retail | Retail |
| Northwind Logistics | Logistics |
| BlueSky Consulting | Consulting |
| Nova Health | Healthcare |
| Urban Tech | Technology |
| RedRock Energy | Energy |
| Silverline Media | Media |
| Zenith Education | Education |
| Alpine Hospitality | Hospitality |
| Orion Security | Security |
| Pacific Foods | Food & Beverage |
| Metro Transport | Transportation |
| Vertex Analytics | Technology |
| Harbor Insurance | Insurance |
| Crescent Pharma | Pharmaceuticals |
| Aurora Textiles | Manufacturing |
| Prairie Agriculture | Agriculture |

There are 20 clients across various industries. The industries represented include Manufacturing (2 clients), Legal, Financial Services, Retail, Logistics, Consulting, Healthcare, Technology (2 clients), Energy, Media, Education, Hospitality, Security, Food & Beverage, Transportation, Insurance, Pharmaceuticals, and Agriculture.

Status: SUCCESS

================================================================================
[2/15] Which clients are based in the UK?
================================================================================

--- STAGE 1 PROMPT ---
You are a Python data analyst. Write Pandas code to answer questions about business data.

    ## Available DataFrames:
    - clients_df: [client_id (string), client_name (string), industry (string), country (string)]
- invoices_df: [invoice_id (string), client_id (string), invoice_date (datetime), due_date (datetime), status (string), currency (string), fx_rate_to_usd (float)]
- line_items_df: [line_id (string), invoice_id (string), service_name (string), quantity (int), unit_price (int), tax_rate (float)]

    ## Key Relationships:
    - clients_df.client_id links to invoices_df.client_id
    - invoices_df.invoice_id links to line_items_df.invoice_id

    ## Important Notes:
    - invoice_date and due_date are datetime objects (use .dt accessor for year, month, etc.)
    - tax_rate is a decimal (e.g., 0.2 means 20%)
    - Line total with tax = quantity * unit_price * (1 + tax_rate)
    - Month reference: January=1, February=2, March=3, April=4, May=5, June=6, July=7, August=8, September=9, October=10, November=11, December=12
    - European countries in data: UK, Germany, Netherlands, Norway, Switzerland, France, Spain, Ireland, Portugal
    - To compare dates: use pd.Timestamp('2024-12-31') for date comparisons
    - datetime is already available (no import needed)
    - DO NOT use import statements - pd, np, datetime are pre-provided
    
        ## Sample Data:
        clients_df sample:
client_id  client_name      industry country
     C001    Acme Corp Manufacturing     USA
     C002 Bright Legal         Legal      UK

invoices_df sample:
invoice_id client_id invoice_date   due_date  status currency  fx_rate_to_usd
     I1001      C001   2024-01-10 2024-02-10    Paid      USD             1.0
     I1002      C002   2024-02-15 2024-03-15 Overdue      EUR             1.1

line_items_df sample:
line_id invoice_id     service_name  quantity  unit_price  tax_rate
   L001      I1001 Court Appearance         1         500       0.2
   L002      I1001     M&A Advisory         2         200       0.0
        
    ## Question:
    Which clients are based in the UK?

    ## Instructions:
    1. Use ONLY: clients_df, invoices_df, line_items_df
    2. Use exact column names from schema
    3. NO import statements (pd, np, datetime are available)
    4. NO print statements - the last line must be an expression that returns the answer
    5. Output ONLY Python code, no explanations or markdown

    Code:

--- STAGE 1 GENERATED CODE ---
uk_clients = clients_df[clients_df['country'] == 'UK']
uk_clients

--- EXECUTION RESULT ---
DataFrame with 2 rows:
client_id      client_name industry country
     C002     Bright Legal    Legal      UK
     C010 Silverline Media    Media      UK

--- STAGE 2 PROMPT ---
You are a professional data analyst assistant. Based on the data query result below, provide a clear and concise answer to the user's question.

    ## User Question:
    Which clients are based in the UK?

    ## Query Result:
    DataFrame with 2 rows:
client_id      client_name industry country
     C002     Bright Legal    Legal      UK
     C010 Silverline Media    Media      UK

    ## Instructions:
    1. Answer the question directly using the data provided
    2. Include specific numbers/values from the result
    3. Keep the answer concise but complete
    4. introduce any additional table formatting if strictly necessary for the answer.
    5. If the result is a table, summarize the key findings
    6. Do NOT make up any numbers - only use what's in the result
    7. Format currency values with appropriate symbols when relevant

    Answer:

--- FINAL ANSWER ---
The clients based in the UK are Bright Legal and Silverline Media.

**UK Clients:**

| Client Name        | Industry |
|--------------------|----------|
| Bright Legal       | Legal    |
| Silverline Media   | Media    |

There are 2 clients based in the UK.

Status: SUCCESS

================================================================================
[3/15] List all invoices issued in March 2024 with their statuses.
================================================================================

--- STAGE 1 PROMPT ---
You are a Python data analyst. Write Pandas code to answer questions about business data.

    ## Available DataFrames:
    - clients_df: [client_id (string), client_name (string), industry (string), country (string)]
- invoices_df: [invoice_id (string), client_id (string), invoice_date (datetime), due_date (datetime), status (string), currency (string), fx_rate_to_usd (float)]
- line_items_df: [line_id (string), invoice_id (string), service_name (string), quantity (int), unit_price (int), tax_rate (float)]

    ## Key Relationships:
    - clients_df.client_id links to invoices_df.client_id
    - invoices_df.invoice_id links to line_items_df.invoice_id

    ## Important Notes:
    - invoice_date and due_date are datetime objects (use .dt accessor for year, month, etc.)
    - tax_rate is a decimal (e.g., 0.2 means 20%)
    - Line total with tax = quantity * unit_price * (1 + tax_rate)
    - Month reference: January=1, February=2, March=3, April=4, May=5, June=6, July=7, August=8, September=9, October=10, November=11, December=12
    - European countries in data: UK, Germany, Netherlands, Norway, Switzerland, France, Spain, Ireland, Portugal
    - To compare dates: use pd.Timestamp('2024-12-31') for date comparisons
    - datetime is already available (no import needed)
    - DO NOT use import statements - pd, np, datetime are pre-provided
    
        ## Sample Data:
        clients_df sample:
client_id  client_name      industry country
     C001    Acme Corp Manufacturing     USA
     C002 Bright Legal         Legal      UK

invoices_df sample:
invoice_id client_id invoice_date   due_date  status currency  fx_rate_to_usd
     I1001      C001   2024-01-10 2024-02-10    Paid      USD             1.0
     I1002      C002   2024-02-15 2024-03-15 Overdue      EUR             1.1

line_items_df sample:
line_id invoice_id     service_name  quantity  unit_price  tax_rate
   L001      I1001 Court Appearance         1         500       0.2
   L002      I1001     M&A Advisory         2         200       0.0
        
    ## Question:
    List all invoices issued in March 2024 with their statuses.

    ## Instructions:
    1. Use ONLY: clients_df, invoices_df, line_items_df
    2. Use exact column names from schema
    3. NO import statements (pd, np, datetime are available)
    4. NO print statements - the last line must be an expression that returns the answer
    5. Output ONLY Python code, no explanations or markdown

    Code:

--- STAGE 1 GENERATED CODE ---
result = invoices_df.loc[
    (invoices_df['invoice_date'].dt.year == 2024) &
    (invoices_df['invoice_date'].dt.month == 3),
    ['invoice_id', 'status']
]

--- ERROR ---
SyntaxError: unexpected EOF while parsing (<string>, line 4)

--- FINAL ANSWER ---
We couldn't process your question about listing invoices from March 2024 due to a technical issue. The error suggests there might be a problem with the way the question was formatted or a missing detail. Try rephrasing your question or providing more context, and we'll do our best to help.

Status: FAILED

================================================================================
[4/15] Which invoices are currently marked as 'Overdue'?
================================================================================

--- STAGE 1 PROMPT ---
You are a Python data analyst. Write Pandas code to answer questions about business data.

    ## Available DataFrames:
    - clients_df: [client_id (string), client_name (string), industry (string), country (string)]
- invoices_df: [invoice_id (string), client_id (string), invoice_date (datetime), due_date (datetime), status (string), currency (string), fx_rate_to_usd (float)]
- line_items_df: [line_id (string), invoice_id (string), service_name (string), quantity (int), unit_price (int), tax_rate (float)]

    ## Key Relationships:
    - clients_df.client_id links to invoices_df.client_id
    - invoices_df.invoice_id links to line_items_df.invoice_id

    ## Important Notes:
    - invoice_date and due_date are datetime objects (use .dt accessor for year, month, etc.)
    - tax_rate is a decimal (e.g., 0.2 means 20%)
    - Line total with tax = quantity * unit_price * (1 + tax_rate)
    - Month reference: January=1, February=2, March=3, April=4, May=5, June=6, July=7, August=8, September=9, October=10, November=11, December=12
    - European countries in data: UK, Germany, Netherlands, Norway, Switzerland, France, Spain, Ireland, Portugal
    - To compare dates: use pd.Timestamp('2024-12-31') for date comparisons
    - datetime is already available (no import needed)
    - DO NOT use import statements - pd, np, datetime are pre-provided
    
        ## Sample Data:
        clients_df sample:
client_id  client_name      industry country
     C001    Acme Corp Manufacturing     USA
     C002 Bright Legal         Legal      UK

invoices_df sample:
invoice_id client_id invoice_date   due_date  status currency  fx_rate_to_usd
     I1001      C001   2024-01-10 2024-02-10    Paid      USD             1.0
     I1002      C002   2024-02-15 2024-03-15 Overdue      EUR             1.1

line_items_df sample:
line_id invoice_id     service_name  quantity  unit_price  tax_rate
   L001      I1001 Court Appearance         1         500       0.2
   L002      I1001     M&A Advisory         2         200       0.0
        
    ## Question:
    Which invoices are currently marked as 'Overdue'?

    ## Instructions:
    1. Use ONLY: clients_df, invoices_df, line_items_df
    2. Use exact column names from schema
    3. NO import statements (pd, np, datetime are available)
    4. NO print statements - the last line must be an expression that returns the answer
    5. Output ONLY Python code, no explanations or markdown

    Code:

--- STAGE 1 GENERATED CODE ---
overdue_invoices = invoices_df[invoices_df['status'] == 'Overdue']
overdue_invoices

--- EXECUTION RESULT ---
DataFrame with 9 rows:
invoice_id client_id invoice_date   due_date  status currency  fx_rate_to_usd
     I1002      C002   2024-02-15 2024-03-15 Overdue      EUR            1.10
     I1005      C004   2024-04-01 2024-05-01 Overdue      EUR            1.09
     I1009      C008   2024-06-01 2024-07-01 Overdue      EUR            1.12
     I1013      C012   2024-07-20 2024-08-19 Overdue      CHF            1.12
     I1015      C014   2024-08-10 2024-09-09 Overdue      NZD            0.62
     I1020      C019   2024-10-01 2024-10-31 Overdue      EUR            1.07
     I1028      C007   2024-11-15 2024-12-15 Overdue      USD            1.00
     I1032      C011   2024-12-05 2025-01-04 Overdue      USD            1.00
     I1038      C017   2024-12-26 2025-01-25 Overdue      USD            1.00

--- STAGE 2 PROMPT ---
You are a professional data analyst assistant. Based on the data query result below, provide a clear and concise answer to the user's question.

    ## User Question:
    Which invoices are currently marked as 'Overdue'?

    ## Query Result:
    DataFrame with 9 rows:
invoice_id client_id invoice_date   due_date  status currency  fx_rate_to_usd
     I1002      C002   2024-02-15 2024-03-15 Overdue      EUR            1.10
     I1005      C004   2024-04-01 2024-05-01 Overdue      EUR            1.09
     I1009      C008   2024-06-01 2024-07-01 Overdue      EUR            1.12
     I1013      C012   2024-07-20 2024-08-19 Overdue      CHF            1.12
     I1015      C014   2024-08-10 2024-09-09 Overdue      NZD            0.62
     I1020      C019   2024-10-01 2024-10-31 Overdue      EUR            1.07
     I1028      C007   2024-11-15 2024-12-15 Overdue      USD            1.00
     I1032      C011   2024-12-05 2025-01-04 Overdue      USD            1.00
     I1038      C017   2024-12-26 2025-01-25 Overdue      USD            1.00

    ## Instructions:
    1. Answer the question directly using the data provided
    2. Include specific numbers/values from the result
    3. Keep the answer concise but complete
    4. introduce any additional table formatting if strictly necessary for the answer.
    5. If the result is a table, summarize the key findings
    6. Do NOT make up any numbers - only use what's in the result
    7. Format currency values with appropriate symbols when relevant

    Answer:

--- FINAL ANSWER ---
The invoices currently marked as 'Overdue' are:

| invoice_id | client_id | due_date   | currency | 
|------------|-----------|------------|----------|
| I1002      | C002      | 2024-03-15 | €        |
| I1005      | C004      | 2024-05-01 | €        |
| I1009      | C008      | 2024-07-01 | €        |
| I1013      | C012      | 2024-08-19 | CHF      |
| I1015      | C014      | 2024-09-09 | NZD      |
| I1020      | C019      | 2024-10-31 | €        |
| I1028      | C007      | 2024-12-15 | $        |
| I1032      | C011      | 2025-01-04 | $        |
| I1038      | C017      | 2025-01-25 | $        |

There are 9 invoices marked as 'Overdue'. The invoice IDs range from I1002 to I1038, with due dates between March 15, 2024, and January 25, 2025. The currencies involved are EUR (€), CHF, NZD, and USD ($).

Status: SUCCESS

================================================================================
[5/15] For each service_name in InvoiceLineItems, how many line items are there?
================================================================================

--- STAGE 1 PROMPT ---
You are a Python data analyst. Write Pandas code to answer questions about business data.

    ## Available DataFrames:
    - clients_df: [client_id (string), client_name (string), industry (string), country (string)]
- invoices_df: [invoice_id (string), client_id (string), invoice_date (datetime), due_date (datetime), status (string), currency (string), fx_rate_to_usd (float)]
- line_items_df: [line_id (string), invoice_id (string), service_name (string), quantity (int), unit_price (int), tax_rate (float)]

    ## Key Relationships:
    - clients_df.client_id links to invoices_df.client_id
    - invoices_df.invoice_id links to line_items_df.invoice_id

    ## Important Notes:
    - invoice_date and due_date are datetime objects (use .dt accessor for year, month, etc.)
    - tax_rate is a decimal (e.g., 0.2 means 20%)
    - Line total with tax = quantity * unit_price * (1 + tax_rate)
    - Month reference: January=1, February=2, March=3, April=4, May=5, June=6, July=7, August=8, September=9, October=10, November=11, December=12
    - European countries in data: UK, Germany, Netherlands, Norway, Switzerland, France, Spain, Ireland, Portugal
    - To compare dates: use pd.Timestamp('2024-12-31') for date comparisons
    - datetime is already available (no import needed)
    - DO NOT use import statements - pd, np, datetime are pre-provided
    
        ## Sample Data:
        clients_df sample:
client_id  client_name      industry country
     C001    Acme Corp Manufacturing     USA
     C002 Bright Legal         Legal      UK

invoices_df sample:
invoice_id client_id invoice_date   due_date  status currency  fx_rate_to_usd
     I1001      C001   2024-01-10 2024-02-10    Paid      USD             1.0
     I1002      C002   2024-02-15 2024-03-15 Overdue      EUR             1.1

line_items_df sample:
line_id invoice_id     service_name  quantity  unit_price  tax_rate
   L001      I1001 Court Appearance         1         500       0.2
   L002      I1001     M&A Advisory         2         200       0.0
        
    ## Question:
    For each service_name in InvoiceLineItems, how many line items are there?

    ## Instructions:
    1. Use ONLY: clients_df, invoices_df, line_items_df
    2. Use exact column names from schema
    3. NO import statements (pd, np, datetime are available)
    4. NO print statements - the last line must be an expression that returns the answer
    5. Output ONLY Python code, no explanations or markdown

    Code:

--- STAGE 1 GENERATED CODE ---
result = line_items_df.groupby('service_name')['line_id'].count().reset_index(name='line_item_count')
result

--- EXECUTION RESULT ---
DataFrame with 8 rows:
               service_name  line_item_count
            Contract Review               11
           Court Appearance               13
           Custom Reporting               11
     IT Security Assessment               14
               M&A Advisory               16
Regulatory Compliance Audit               10
               Tax Planning               14
           Training Session                7

--- STAGE 2 PROMPT ---
You are a professional data analyst assistant. Based on the data query result below, provide a clear and concise answer to the user's question.

    ## User Question:
    For each service_name in InvoiceLineItems, how many line items are there?

    ## Query Result:
    DataFrame with 8 rows:
               service_name  line_item_count
            Contract Review               11
           Court Appearance               13
           Custom Reporting               11
     IT Security Assessment               14
               M&A Advisory               16
Regulatory Compliance Audit               10
               Tax Planning               14
           Training Session                7

    ## Instructions:
    1. Answer the question directly using the data provided
    2. Include specific numbers/values from the result
    3. Keep the answer concise but complete
    4. introduce any additional table formatting if strictly necessary for the answer.
    5. If the result is a table, summarize the key findings
    6. Do NOT make up any numbers - only use what's in the result
    7. Format currency values with appropriate symbols when relevant

    Answer:

--- FINAL ANSWER ---
Here is the answer to the user's question:

The number of line items for each service_name in InvoiceLineItems is as follows:

| Service Name | Line Item Count |
| --- | --- |
| Contract Review | 11 |
| Court Appearance | 13 |
| Custom Reporting | 11 |
| IT Security Assessment | 14 |
| M&A Advisory | 16 |
| Regulatory Compliance Audit | 10 |
| Tax Planning | 14 |
| Training Session | 7 |

Key findings: The service_name with the most line items is M&A Advisory with 16, while Training Session has the fewest with 7. 

Alternatively, a concise summary can be provided: 
The line item counts range from 7 to 16 across different service names, with M&A Advisory having the highest count of 16 and Training Session having the lowest count of 7.

Status: SUCCESS

================================================================================
[6/15] List all invoices for Acme Corp with their invoice IDs, invoice dates, due dates, and statuses.
================================================================================

--- STAGE 1 PROMPT ---
You are a Python data analyst. Write Pandas code to answer questions about business data.

    ## Available DataFrames:
    - clients_df: [client_id (string), client_name (string), industry (string), country (string)]
- invoices_df: [invoice_id (string), client_id (string), invoice_date (datetime), due_date (datetime), status (string), currency (string), fx_rate_to_usd (float)]
- line_items_df: [line_id (string), invoice_id (string), service_name (string), quantity (int), unit_price (int), tax_rate (float)]

    ## Key Relationships:
    - clients_df.client_id links to invoices_df.client_id
    - invoices_df.invoice_id links to line_items_df.invoice_id

    ## Important Notes:
    - invoice_date and due_date are datetime objects (use .dt accessor for year, month, etc.)
    - tax_rate is a decimal (e.g., 0.2 means 20%)
    - Line total with tax = quantity * unit_price * (1 + tax_rate)
    - Month reference: January=1, February=2, March=3, April=4, May=5, June=6, July=7, August=8, September=9, October=10, November=11, December=12
    - European countries in data: UK, Germany, Netherlands, Norway, Switzerland, France, Spain, Ireland, Portugal
    - To compare dates: use pd.Timestamp('2024-12-31') for date comparisons
    - datetime is already available (no import needed)
    - DO NOT use import statements - pd, np, datetime are pre-provided
    
        ## Sample Data:
        clients_df sample:
client_id  client_name      industry country
     C001    Acme Corp Manufacturing     USA
     C002 Bright Legal         Legal      UK

invoices_df sample:
invoice_id client_id invoice_date   due_date  status currency  fx_rate_to_usd
     I1001      C001   2024-01-10 2024-02-10    Paid      USD             1.0
     I1002      C002   2024-02-15 2024-03-15 Overdue      EUR             1.1

line_items_df sample:
line_id invoice_id     service_name  quantity  unit_price  tax_rate
   L001      I1001 Court Appearance         1         500       0.2
   L002      I1001     M&A Advisory         2         200       0.0
        
    ## Question:
    List all invoices for Acme Corp with their invoice IDs, invoice dates, due dates, and statuses.

    ## Instructions:
    1. Use ONLY: clients_df, invoices_df, line_items_df
    2. Use exact column names from schema
    3. NO import statements (pd, np, datetime are available)
    4. NO print statements - the last line must be an expression that returns the answer
    5. Output ONLY Python code, no explanations or markdown

    Code:

--- STAGE 1 GENERATED CODE ---
result = invoices_df[
    invoices_df['client_id'].isin(
        clients_df.loc[clients_df['client_name'] == 'Acme Corp', 'client_id']
    )
][['invoice_id', 'invoice_date', 'due_date', 'status']]
result

--- EXECUTION RESULT ---
DataFrame with 3 rows:
invoice_id invoice_date   due_date status
     I1001   2024-01-10 2024-02-10   Paid
     I1004   2024-03-20 2024-04-20   Paid
     I1022   2024-10-15 2024-11-14   Paid

--- STAGE 2 PROMPT ---
You are a professional data analyst assistant. Based on the data query result below, provide a clear and concise answer to the user's question.

    ## User Question:
    List all invoices for Acme Corp with their invoice IDs, invoice dates, due dates, and statuses.

    ## Query Result:
    DataFrame with 3 rows:
invoice_id invoice_date   due_date status
     I1001   2024-01-10 2024-02-10   Paid
     I1004   2024-03-20 2024-04-20   Paid
     I1022   2024-10-15 2024-11-14   Paid

    ## Instructions:
    1. Answer the question directly using the data provided
    2. Include specific numbers/values from the result
    3. Keep the answer concise but complete
    4. introduce any additional table formatting if strictly necessary for the answer.
    5. If the result is a table, summarize the key findings
    6. Do NOT make up any numbers - only use what's in the result
    7. Format currency values with appropriate symbols when relevant

    Answer:

--- FINAL ANSWER ---
Here is the list of invoices for Acme Corp with their invoice IDs, invoice dates, due dates, and statuses:

| Invoice ID | Invoice Date | Due Date   | Status |
|------------|--------------|------------|--------|
| I1001      | 2024-01-10   | 2024-02-10 | Paid   |
| I1004      | 2024-03-20   | 2024-04-20 | Paid   |
| I1022      | 2024-10-15   | 2024-11-14 | Paid   |

All three invoices for Acme Corp are marked as "Paid".

Status: SUCCESS

================================================================================
[7/15] Show all invoices issued to Bright Legal in February 2024, including their status and currency.
================================================================================

--- STAGE 1 PROMPT ---
You are a Python data analyst. Write Pandas code to answer questions about business data.

    ## Available DataFrames:
    - clients_df: [client_id (string), client_name (string), industry (string), country (string)]
- invoices_df: [invoice_id (string), client_id (string), invoice_date (datetime), due_date (datetime), status (string), currency (string), fx_rate_to_usd (float)]
- line_items_df: [line_id (string), invoice_id (string), service_name (string), quantity (int), unit_price (int), tax_rate (float)]

    ## Key Relationships:
    - clients_df.client_id links to invoices_df.client_id
    - invoices_df.invoice_id links to line_items_df.invoice_id

    ## Important Notes:
    - invoice_date and due_date are datetime objects (use .dt accessor for year, month, etc.)
    - tax_rate is a decimal (e.g., 0.2 means 20%)
    - Line total with tax = quantity * unit_price * (1 + tax_rate)
    - Month reference: January=1, February=2, March=3, April=4, May=5, June=6, July=7, August=8, September=9, October=10, November=11, December=12
    - European countries in data: UK, Germany, Netherlands, Norway, Switzerland, France, Spain, Ireland, Portugal
    - To compare dates: use pd.Timestamp('2024-12-31') for date comparisons
    - datetime is already available (no import needed)
    - DO NOT use import statements - pd, np, datetime are pre-provided
    
        ## Sample Data:
        clients_df sample:
client_id  client_name      industry country
     C001    Acme Corp Manufacturing     USA
     C002 Bright Legal         Legal      UK

invoices_df sample:
invoice_id client_id invoice_date   due_date  status currency  fx_rate_to_usd
     I1001      C001   2024-01-10 2024-02-10    Paid      USD             1.0
     I1002      C002   2024-02-15 2024-03-15 Overdue      EUR             1.1

line_items_df sample:
line_id invoice_id     service_name  quantity  unit_price  tax_rate
   L001      I1001 Court Appearance         1         500       0.2
   L002      I1001     M&A Advisory         2         200       0.0
        
    ## Question:
    Show all invoices issued to Bright Legal in February 2024, including their status and currency.

    ## Instructions:
    1. Use ONLY: clients_df, invoices_df, line_items_df
    2. Use exact column names from schema
    3. NO import statements (pd, np, datetime are available)
    4. NO print statements - the last line must be an expression that returns the answer
    5. Output ONLY Python code, no explanations or markdown

    Code:

--- STAGE 1 GENERATED CODE ---
bright_client_id = clients_df.loc[clients_df['client_name'] == 'Bright Legal', 'client_id'].iloc[0]

result = invoices_df[
    (invoices_df['client_id'] == bright_client_id) &
    (invoices_df['invoice_date'].dt.year == 2024) &
    (invoices_df['invoice_date'].dt.month == 2)
][['invoice_id', 'status', 'currency']]

result

--- EXECUTION RESULT ---
DataFrame with 1 rows:
invoice_id  status currency
     I1002 Overdue      EUR

--- STAGE 2 PROMPT ---
You are a professional data analyst assistant. Based on the data query result below, provide a clear and concise answer to the user's question.

    ## User Question:
    Show all invoices issued to Bright Legal in February 2024, including their status and currency.

    ## Query Result:
    DataFrame with 1 rows:
invoice_id  status currency
     I1002 Overdue      EUR

    ## Instructions:
    1. Answer the question directly using the data provided
    2. Include specific numbers/values from the result
    3. Keep the answer concise but complete
    4. introduce any additional table formatting if strictly necessary for the answer.
    5. If the result is a table, summarize the key findings
    6. Do NOT make up any numbers - only use what's in the result
    7. Format currency values with appropriate symbols when relevant

    Answer:

--- FINAL ANSWER ---
Here is the answer to the user's question:

Bright Legal has 1 invoice issued in February 2024. The details are as follows:

| Invoice ID | Status | Currency |
| --- | --- | --- |
| I1002 | Overdue | €EUR |

The invoice is overdue and is denominated in Euros (€).

Status: SUCCESS

================================================================================
[8/15] For invoice I1001, list all line items with service name, quantity, unit price, tax rate, and compute the line total (including tax) for each.
================================================================================

--- STAGE 1 PROMPT ---
You are a Python data analyst. Write Pandas code to answer questions about business data.

    ## Available DataFrames:
    - clients_df: [client_id (string), client_name (string), industry (string), country (string)]
- invoices_df: [invoice_id (string), client_id (string), invoice_date (datetime), due_date (datetime), status (string), currency (string), fx_rate_to_usd (float)]
- line_items_df: [line_id (string), invoice_id (string), service_name (string), quantity (int), unit_price (int), tax_rate (float)]

    ## Key Relationships:
    - clients_df.client_id links to invoices_df.client_id
    - invoices_df.invoice_id links to line_items_df.invoice_id

    ## Important Notes:
    - invoice_date and due_date are datetime objects (use .dt accessor for year, month, etc.)
    - tax_rate is a decimal (e.g., 0.2 means 20%)
    - Line total with tax = quantity * unit_price * (1 + tax_rate)
    - Month reference: January=1, February=2, March=3, April=4, May=5, June=6, July=7, August=8, September=9, October=10, November=11, December=12
    - European countries in data: UK, Germany, Netherlands, Norway, Switzerland, France, Spain, Ireland, Portugal
    - To compare dates: use pd.Timestamp('2024-12-31') for date comparisons
    - datetime is already available (no import needed)
    - DO NOT use import statements - pd, np, datetime are pre-provided
    
        ## Sample Data:
        clients_df sample:
client_id  client_name      industry country
     C001    Acme Corp Manufacturing     USA
     C002 Bright Legal         Legal      UK

invoices_df sample:
invoice_id client_id invoice_date   due_date  status currency  fx_rate_to_usd
     I1001      C001   2024-01-10 2024-02-10    Paid      USD             1.0
     I1002      C002   2024-02-15 2024-03-15 Overdue      EUR             1.1

line_items_df sample:
line_id invoice_id     service_name  quantity  unit_price  tax_rate
   L001      I1001 Court Appearance         1         500       0.2
   L002      I1001     M&A Advisory         2         200       0.0
        
    ## Question:
    For invoice I1001, list all line items with service name, quantity, unit price, tax rate, and compute the line total (including tax) for each.

    ## Instructions:
    1. Use ONLY: clients_df, invoices_df, line_items_df
    2. Use exact column names from schema
    3. NO import statements (pd, np, datetime are available)
    4. NO print statements - the last line must be an expression that returns the answer
    5. Output ONLY Python code, no explanations or markdown

    Code:

--- STAGE 1 GENERATED CODE ---
filtered = line_items_df[line_items_df['invoice_id'] == 'I1001'][['service_name', 'quantity', 'unit_price', 'tax_rate']].copy()
filtered['line_total'] = filtered['quantity'] * filtered['unit_price'] * (1 + filtered['tax_rate'])
filtered

--- EXECUTION RESULT ---
DataFrame with 3 rows:
    service_name  quantity  unit_price  tax_rate  line_total
Court Appearance         1         500       0.2       600.0
    M&A Advisory         2         200       0.0       400.0
Court Appearance         5         300       0.0      1500.0

--- STAGE 2 PROMPT ---
You are a professional data analyst assistant. Based on the data query result below, provide a clear and concise answer to the user's question.

    ## User Question:
    For invoice I1001, list all line items with service name, quantity, unit price, tax rate, and compute the line total (including tax) for each.

    ## Query Result:
    DataFrame with 3 rows:
    service_name  quantity  unit_price  tax_rate  line_total
Court Appearance         1         500       0.2       600.0
    M&A Advisory         2         200       0.0       400.0
Court Appearance         5         300       0.0      1500.0

    ## Instructions:
    1. Answer the question directly using the data provided
    2. Include specific numbers/values from the result
    3. Keep the answer concise but complete
    4. introduce any additional table formatting if strictly necessary for the answer.
    5. If the result is a table, summarize the key findings
    6. Do NOT make up any numbers - only use what's in the result
    7. Format currency values with appropriate symbols when relevant

    Answer:

--- FINAL ANSWER ---
For invoice I1001, the line items are as follows:

| Service Name        | Quantity | Unit Price ($) | Tax Rate (%) | Line Total ($) |
|---------------------|----------|----------------|--------------|----------------|
| Court Appearance    | 1        | 500            | 20           | 600.0          |
| M&A Advisory        | 2        | 200            | 0            | 400.0          |
| Court Appearance    | 5        | 300            | 0            | 1500.0         |

The key findings are:
- There are three line items for invoice I1001.
- The total for the first "Court Appearance" service is $600.0, including a 20% tax.
- The "M&A Advisory" service and the second "Court Appearance" service have 0% tax rate.
- The line totals are $600.0, $400.0, and $1500.0 respectively.

The total line totals sum to $2500.0 ($600.0 + $400.0 + $1500.0).

Status: SUCCESS

================================================================================
[9/15] For each client, compute the total amount billed in 2024 (including tax) across all their invoices.
================================================================================

--- STAGE 1 PROMPT ---
You are a Python data analyst. Write Pandas code to answer questions about business data.

    ## Available DataFrames:
    - clients_df: [client_id (string), client_name (string), industry (string), country (string)]
- invoices_df: [invoice_id (string), client_id (string), invoice_date (datetime), due_date (datetime), status (string), currency (string), fx_rate_to_usd (float)]
- line_items_df: [line_id (string), invoice_id (string), service_name (string), quantity (int), unit_price (int), tax_rate (float)]

    ## Key Relationships:
    - clients_df.client_id links to invoices_df.client_id
    - invoices_df.invoice_id links to line_items_df.invoice_id

    ## Important Notes:
    - invoice_date and due_date are datetime objects (use .dt accessor for year, month, etc.)
    - tax_rate is a decimal (e.g., 0.2 means 20%)
    - Line total with tax = quantity * unit_price * (1 + tax_rate)
    - Month reference: January=1, February=2, March=3, April=4, May=5, June=6, July=7, August=8, September=9, October=10, November=11, December=12
    - European countries in data: UK, Germany, Netherlands, Norway, Switzerland, France, Spain, Ireland, Portugal
    - To compare dates: use pd.Timestamp('2024-12-31') for date comparisons
    - datetime is already available (no import needed)
    - DO NOT use import statements - pd, np, datetime are pre-provided
    
        ## Sample Data:
        clients_df sample:
client_id  client_name      industry country
     C001    Acme Corp Manufacturing     USA
     C002 Bright Legal         Legal      UK

invoices_df sample:
invoice_id client_id invoice_date   due_date  status currency  fx_rate_to_usd
     I1001      C001   2024-01-10 2024-02-10    Paid      USD             1.0
     I1002      C002   2024-02-15 2024-03-15 Overdue      EUR             1.1

line_items_df sample:
line_id invoice_id     service_name  quantity  unit_price  tax_rate
   L001      I1001 Court Appearance         1         500       0.2
   L002      I1001     M&A Advisory         2         200       0.0
        
    ## Question:
    For each client, compute the total amount billed in 2024 (including tax) across all their invoices.

    ## Instructions:
    1. Use ONLY: clients_df, invoices_df, line_items_df
    2. Use exact column names from schema
    3. NO import statements (pd, np, datetime are available)
    4. NO print statements - the last line must be an expression that returns the answer
    5. Output ONLY Python code, no explanations or markdown

    Code:

--- STAGE 1 GENERATED CODE ---
merged_df = invoices_df.merge(line_items_df, on='invoice_id', how='inner')
filtered_df = merged_df[merged_df['invoice_date'].dt.year == 2024]
filtered_df = filtered_df.assign(
    line_total_usd = filtered_df['quantity'] * filtered_df['unit_price'] * (1 + filtered_df['tax_rate']) * filtered_df['fx_rate_to_usd']
)
client_totals = filtered_df.groupby('client_id')['line_total_usd'].sum().reset_index(name='total_billed_usd')
result_df = clients_df[['client_id', 'client_name']].merge(client_totals, on='client_id', how='left').fillna({'total_billed_usd': 0})
result_df

--- EXECUTION RESULT ---
DataFrame with 20 rows:
client_id         client_name  total_billed_usd
     C001           Acme Corp          6830.000
     C002        Bright Legal          3949.000
     C003      Summit Finance          2582.000
     C004   GreenField Retail          3583.375
     C005 Northwind Logistics          1829.690
     C006  BlueSky Consulting          3892.225
     C007         Nova Health          3696.000
     C008          Urban Tech          2938.440
     C009      RedRock Energy           526.296
     C010    Silverline Media          4843.000
     C011    Zenith Education          5407.500
     C012  Alpine Hospitality          3791.560
     C013      Orion Security          4404.500
     C014       Pacific Foods          1257.475
     C015     Metro Transport          3641.000
     C016    Vertex Analytics          6106.000
     C017    Harbor Insurance          3487.500
     C018     Crescent Pharma            28.818
     C019     Aurora Textiles          5433.835
     C020 Prairie Agriculture           389.785

--- STAGE 2 PROMPT ---
You are a professional data analyst assistant. Based on the data query result below, provide a clear and concise answer to the user's question.

    ## User Question:
    For each client, compute the total amount billed in 2024 (including tax) across all their invoices.

    ## Query Result:
    DataFrame with 20 rows:
client_id         client_name  total_billed_usd
     C001           Acme Corp          6830.000
     C002        Bright Legal          3949.000
     C003      Summit Finance          2582.000
     C004   GreenField Retail          3583.375
     C005 Northwind Logistics          1829.690
     C006  BlueSky Consulting          3892.225
     C007         Nova Health          3696.000
     C008          Urban Tech          2938.440
     C009      RedRock Energy           526.296
     C010    Silverline Media          4843.000
     C011    Zenith Education          5407.500
     C012  Alpine Hospitality          3791.560
     C013      Orion Security          4404.500
     C014       Pacific Foods          1257.475
     C015     Metro Transport          3641.000
     C016    Vertex Analytics          6106.000
     C017    Harbor Insurance          3487.500
     C018     Crescent Pharma            28.818
     C019     Aurora Textiles          5433.835
     C020 Prairie Agriculture           389.785

    ## Instructions:
    1. Answer the question directly using the data provided
    2. Include specific numbers/values from the result
    3. Keep the answer concise but complete
    4. introduce any additional table formatting if strictly necessary for the answer.
    5. If the result is a table, summarize the key findings
    6. Do NOT make up any numbers - only use what's in the result
    7. Format currency values with appropriate symbols when relevant

    Answer:

--- FINAL ANSWER ---
The total amount billed in 2024 (including tax) across all invoices for each client is as follows:

| Client ID | Client Name | Total Billed (USD) |
| --- | --- | --- |
| C001 | Acme Corp | $6,830.00 |
| C002 | Bright Legal | $3,949.00 |
| C003 | Summit Finance | $2,582.00 |
| C004 | GreenField Retail | $3,583.38 |
| C005 | Northwind Logistics | $1,829.69 |
| C006 | BlueSky Consulting | $3,892.23 |
| C007 | Nova Health | $3,696.00 |
| C008 | Urban Tech | $2,938.44 |
| C009 | RedRock Energy | $526.30 |
| C010 | Silverline Media | $4,843.00 |
| C011 | Zenith Education | $5,407.50 |
| C012 | Alpine Hospitality | $3,791.56 |
| C013 | Orion Security | $4,404.50 |
| C014 | Pacific Foods | $1,257.48 |
| C015 | Metro Transport | $3,641.00 |
| C016 | Vertex Analytics | $6,106.00 |
| C017 | Harbor Insurance | $3,487.50 |
| C018 | Crescent Pharma | $28.82 |
| C019 | Aurora Textiles | $5,433.84 |
| C020 | Prairie Agriculture | $389.79 |

Key findings:
- The top 3 clients by total billed amount are Vertex Analytics ($6,106.00), Acme Corp ($6,830.00), and Aurora Textiles ($5,433.84).
- The client with the lowest total billed amount is Crescent Pharma ($28.82).

Status: SUCCESS

================================================================================
[10/15] Which client has the highest total billed amount in 2024, and what is that total?
================================================================================

--- STAGE 1 PROMPT ---
You are a Python data analyst. Write Pandas code to answer questions about business data.

    ## Available DataFrames:
    - clients_df: [client_id (string), client_name (string), industry (string), country (string)]
- invoices_df: [invoice_id (string), client_id (string), invoice_date (datetime), due_date (datetime), status (string), currency (string), fx_rate_to_usd (float)]
- line_items_df: [line_id (string), invoice_id (string), service_name (string), quantity (int), unit_price (int), tax_rate (float)]

    ## Key Relationships:
    - clients_df.client_id links to invoices_df.client_id
    - invoices_df.invoice_id links to line_items_df.invoice_id

    ## Important Notes:
    - invoice_date and due_date are datetime objects (use .dt accessor for year, month, etc.)
    - tax_rate is a decimal (e.g., 0.2 means 20%)
    - Line total with tax = quantity * unit_price * (1 + tax_rate)
    - Month reference: January=1, February=2, March=3, April=4, May=5, June=6, July=7, August=8, September=9, October=10, November=11, December=12
    - European countries in data: UK, Germany, Netherlands, Norway, Switzerland, France, Spain, Ireland, Portugal
    - To compare dates: use pd.Timestamp('2024-12-31') for date comparisons
    - datetime is already available (no import needed)
    - DO NOT use import statements - pd, np, datetime are pre-provided
    
        ## Sample Data:
        clients_df sample:
client_id  client_name      industry country
     C001    Acme Corp Manufacturing     USA
     C002 Bright Legal         Legal      UK

invoices_df sample:
invoice_id client_id invoice_date   due_date  status currency  fx_rate_to_usd
     I1001      C001   2024-01-10 2024-02-10    Paid      USD             1.0
     I1002      C002   2024-02-15 2024-03-15 Overdue      EUR             1.1

line_items_df sample:
line_id invoice_id     service_name  quantity  unit_price  tax_rate
   L001      I1001 Court Appearance         1         500       0.2
   L002      I1001     M&A Advisory         2         200       0.0
        
    ## Question:
    Which client has the highest total billed amount in 2024, and what is that total?

    ## Instructions:
    1. Use ONLY: clients_df, invoices_df, line_items_df
    2. Use exact column names from schema
    3. NO import statements (pd, np, datetime are available)
    4. NO print statements - the last line must be an expression that returns the answer
    5. Output ONLY Python code, no explanations or markdown

    Code:

--- STAGE 1 GENERATED CODE ---
merged_df = line_items_df.merge(invoices_df, on='invoice_id')
merged_df = merged_df[merged_df['invoice_date'].dt.year == 2024]
merged_df['line_total_usd'] = merged_df['quantity'] * merged_df['unit_price'] * (1 + merged_df['tax_rate']) * merged_df['fx_rate_to_usd']
client_totals = merged_df.groupby('client_id')['line_total_usd'].sum().reset_index()
client_totals = client_totals.merge(clients_df[['client_id', 'client_name']], on='client_id')
top_row = client_totals.loc[client_totals['line_total_usd'].idxmax()]
(top_row['client_name'], top_row['line_total_usd'])

--- EXECUTION RESULT ---
('Acme Corp', np.float64(6830.0))

--- STAGE 2 PROMPT ---
You are a professional data analyst assistant. Based on the data query result below, provide a clear and concise answer to the user's question.

    ## User Question:
    Which client has the highest total billed amount in 2024, and what is that total?

    ## Query Result:
    ('Acme Corp', np.float64(6830.0))

    ## Instructions:
    1. Answer the question directly using the data provided
    2. Include specific numbers/values from the result
    3. Keep the answer concise but complete
    4. introduce any additional table formatting if strictly necessary for the answer.
    5. If the result is a table, summarize the key findings
    6. Do NOT make up any numbers - only use what's in the result
    7. Format currency values with appropriate symbols when relevant

    Answer:

--- FINAL ANSWER ---
The client with the highest total billed amount in 2024 is Acme Corp, with a total of $6,830.00.

Status: SUCCESS

================================================================================
[11/15] Across all clients, which three services generated the most revenue in 2024? Show the total revenue per service.
================================================================================

--- STAGE 1 PROMPT ---
You are a Python data analyst. Write Pandas code to answer questions about business data.

    ## Available DataFrames:
    - clients_df: [client_id (string), client_name (string), industry (string), country (string)]
- invoices_df: [invoice_id (string), client_id (string), invoice_date (datetime), due_date (datetime), status (string), currency (string), fx_rate_to_usd (float)]
- line_items_df: [line_id (string), invoice_id (string), service_name (string), quantity (int), unit_price (int), tax_rate (float)]

    ## Key Relationships:
    - clients_df.client_id links to invoices_df.client_id
    - invoices_df.invoice_id links to line_items_df.invoice_id

    ## Important Notes:
    - invoice_date and due_date are datetime objects (use .dt accessor for year, month, etc.)
    - tax_rate is a decimal (e.g., 0.2 means 20%)
    - Line total with tax = quantity * unit_price * (1 + tax_rate)
    - Month reference: January=1, February=2, March=3, April=4, May=5, June=6, July=7, August=8, September=9, October=10, November=11, December=12
    - European countries in data: UK, Germany, Netherlands, Norway, Switzerland, France, Spain, Ireland, Portugal
    - To compare dates: use pd.Timestamp('2024-12-31') for date comparisons
    - datetime is already available (no import needed)
    - DO NOT use import statements - pd, np, datetime are pre-provided
    
        ## Sample Data:
        clients_df sample:
client_id  client_name      industry country
     C001    Acme Corp Manufacturing     USA
     C002 Bright Legal         Legal      UK

invoices_df sample:
invoice_id client_id invoice_date   due_date  status currency  fx_rate_to_usd
     I1001      C001   2024-01-10 2024-02-10    Paid      USD             1.0
     I1002      C002   2024-02-15 2024-03-15 Overdue      EUR             1.1

line_items_df sample:
line_id invoice_id     service_name  quantity  unit_price  tax_rate
   L001      I1001 Court Appearance         1         500       0.2
   L002      I1001     M&A Advisory         2         200       0.0
        
    ## Question:
    Across all clients, which three services generated the most revenue in 2024? Show the total revenue per service.

    ## Instructions:
    1. Use ONLY: clients_df, invoices_df, line_items_df
    2. Use exact column names from schema
    3. NO import statements (pd, np, datetime are available)
    4. NO print statements - the last line must be an expression that returns the answer
    5. Output ONLY Python code, no explanations or markdown

    Code:

--- STAGE 1 GENERATED CODE ---
(
    line_items_df.merge(invoices_df, on='invoice_id')
    .assign(
        line_total=lambda df: df['quantity'] * df['unit_price'] * (1 + df['tax_rate']),
        revenue_usd=lambda df: df['line_total'] * df['fx_rate_to_usd']
    )
    .loc[lambda df: df['invoice_date'].dt.year == 2024]
    .groupby('service_name', as_index=False)['revenue_usd'].sum()
    .rename(columns={'revenue_usd': 'total_re

--- ERROR ---
Syntax error: EOL while scanning string literal (<unknown>, line 9)

--- FINAL ANSWER ---
We couldn't process your question about the top revenue-generating services in 2024 due to a technical issue. It looks like there might have been a syntax error in our processing, possibly related to the query formulation. Try rephrasing your question or checking the specific data fields you're interested in, and we'll do our best to assist you.

Status: FAILED

================================================================================
[12/15] Which invoices are overdue as of 2024-12-31? List invoice ID, client name, invoice_date, due_date, and status.
================================================================================

--- STAGE 1 PROMPT ---
You are a Python data analyst. Write Pandas code to answer questions about business data.

    ## Available DataFrames:
    - clients_df: [client_id (string), client_name (string), industry (string), country (string)]
- invoices_df: [invoice_id (string), client_id (string), invoice_date (datetime), due_date (datetime), status (string), currency (string), fx_rate_to_usd (float)]
- line_items_df: [line_id (string), invoice_id (string), service_name (string), quantity (int), unit_price (int), tax_rate (float)]

    ## Key Relationships:
    - clients_df.client_id links to invoices_df.client_id
    - invoices_df.invoice_id links to line_items_df.invoice_id

    ## Important Notes:
    - invoice_date and due_date are datetime objects (use .dt accessor for year, month, etc.)
    - tax_rate is a decimal (e.g., 0.2 means 20%)
    - Line total with tax = quantity * unit_price * (1 + tax_rate)
    - Month reference: January=1, February=2, March=3, April=4, May=5, June=6, July=7, August=8, September=9, October=10, November=11, December=12
    - European countries in data: UK, Germany, Netherlands, Norway, Switzerland, France, Spain, Ireland, Portugal
    - To compare dates: use pd.Timestamp('2024-12-31') for date comparisons
    - datetime is already available (no import needed)
    - DO NOT use import statements - pd, np, datetime are pre-provided
    
        ## Sample Data:
        clients_df sample:
client_id  client_name      industry country
     C001    Acme Corp Manufacturing     USA
     C002 Bright Legal         Legal      UK

invoices_df sample:
invoice_id client_id invoice_date   due_date  status currency  fx_rate_to_usd
     I1001      C001   2024-01-10 2024-02-10    Paid      USD             1.0
     I1002      C002   2024-02-15 2024-03-15 Overdue      EUR             1.1

line_items_df sample:
line_id invoice_id     service_name  quantity  unit_price  tax_rate
   L001      I1001 Court Appearance         1         500       0.2
   L002      I1001     M&A Advisory         2         200       0.0
        
    ## Question:
    Which invoices are overdue as of 2024-12-31? List invoice ID, client name, invoice_date, due_date, and status.

    ## Instructions:
    1. Use ONLY: clients_df, invoices_df, line_items_df
    2. Use exact column names from schema
    3. NO import statements (pd, np, datetime are available)
    4. NO print statements - the last line must be an expression that returns the answer
    5. Output ONLY Python code, no explanations or markdown

    Code:

--- STAGE 1 GENERATED CODE ---
overdue_invoices = (
    invoices_df[
        (invoices_df['due_date'] < pd.Timestamp('2024-12-31')) &
        (invoices_df['status'] != 'Paid')
    ]
    .merge(clients_df[['client_id', 'client_name']], on='client_id')
    [['invoice_id', 'client_name', 'invoice_date', 'due_date', 'status']]
)
overdue_invoices

--- EXECUTION RESULT ---
DataFrame with 12 rows:
invoice_id        client_name invoice_date   due_date  status
     I1002       Bright Legal   2024-02-15 2024-03-15 Overdue
     I1005  GreenField Retail   2024-04-01 2024-05-01 Overdue
     I1007 BlueSky Consulting   2024-05-02 2024-06-02   Draft
     I1009         Urban Tech   2024-06-01 2024-07-01 Overdue
     I1013 Alpine Hospitality   2024-07-20 2024-08-19 Overdue
     I1015      Pacific Foods   2024-08-10 2024-09-09 Overdue
     I1017   Vertex Analytics   2024-09-01 2024-10-01   Draft
     I1020    Aurora Textiles   2024-10-01 2024-10-31 Overdue
     I1023       Bright Legal   2024-10-20 2024-11-19   Draft
     I1025  GreenField Retail   2024-11-01 2024-12-01   Draft
     I1028        Nova Health   2024-11-15 2024-12-15 Overdue
     I1030     RedRock Energy   2024-11-25 2024-12-25   Draft

--- STAGE 2 PROMPT ---
You are a professional data analyst assistant. Based on the data query result below, provide a clear and concise answer to the user's question.

    ## User Question:
    Which invoices are overdue as of 2024-12-31? List invoice ID, client name, invoice_date, due_date, and status.

    ## Query Result:
    DataFrame with 12 rows:
invoice_id        client_name invoice_date   due_date  status
     I1002       Bright Legal   2024-02-15 2024-03-15 Overdue
     I1005  GreenField Retail   2024-04-01 2024-05-01 Overdue
     I1007 BlueSky Consulting   2024-05-02 2024-06-02   Draft
     I1009         Urban Tech   2024-06-01 2024-07-01 Overdue
     I1013 Alpine Hospitality   2024-07-20 2024-08-19 Overdue
     I1015      Pacific Foods   2024-08-10 2024-09-09 Overdue
     I1017   Vertex Analytics   2024-09-01 2024-10-01   Draft
     I1020    Aurora Textiles   2024-10-01 2024-10-31 Overdue
     I1023       Bright Legal   2024-10-20 2024-11-19   Draft
     I1025  GreenField Retail   2024-11-01 2024-12-01   Draft
     I1028        Nova Health   2024-11-15 2024-12-15 Overdue
     I1030     RedRock Energy   2024-11-25 2024-12-25   Draft

    ## Instructions:
    1. Answer the question directly using the data provided
    2. Include specific numbers/values from the result
    3. Keep the answer concise but complete
    4. introduce any additional table formatting if strictly necessary for the answer.
    5. If the result is a table, summarize the key findings
    6. Do NOT make up any numbers - only use what's in the result
    7. Format currency values with appropriate symbols when relevant

    Answer:

--- FINAL ANSWER ---
To determine which invoices are overdue as of 2024-12-31, we need to examine the `due_date` and `status` columns in the provided DataFrame.

## Step 1: Filter the DataFrame for Overdue Invoices
We will look at the rows where the `status` is 'Overdue' and the `due_date` is before or on '2024-12-31'.

## Step 2: Analyze the Query Result
The query result shows 12 rows with their respective `invoice_id`, `client_name`, `invoice_date`, `due_date`, and `status`. We will directly examine the `due_date` and `status` to identify overdue invoices.

## Step 3: Identify Overdue Invoices as of 2024-12-31
Invoices with a `due_date` on or before '2024-12-31' and a `status` of 'Overdue' are considered overdue. From the DataFrame:

| invoice_id | client_name        | invoice_date | due_date   | status  |
|------------|--------------------|---------------|------------|---------|
| I1002      | Bright Legal       | 2024-02-15    | 2024-03-15 | Overdue |
| I1005      | GreenField Retail | 2024-04-01    | 2024-05-01 | Overdue |
| I1009      | Urban Tech        | 2024-06-01    | 2024-07-01 | Overdue |
| I1013      | Alpine Hospitality| 2024-07-20    | 2024-08-19 | Overdue |
| I1015      | Pacific Foods     | 2024-08-10    | 2024-09-09 | Overdue |
| I1020      | Aurora Textiles   | 2024-10-01    | 2024-10-31 | Overdue |
| I1028      | Nova Health       | 2024-11-15    | 2024-12-15 | Overdue |

The invoices that are overdue as of 2024-12-31 are listed above. All these invoices have a `due_date` before '2024-12-31' and are marked as 'Overdue'.

## Answer
The overdue invoices as of 2024-12-31 are:
- I100

Status: SUCCESS

================================================================================
[13/15] Group revenue by client country: for each country, compute the total billed amount in 2024 (including tax).
================================================================================

--- STAGE 1 PROMPT ---
You are a Python data analyst. Write Pandas code to answer questions about business data.

    ## Available DataFrames:
    - clients_df: [client_id (string), client_name (string), industry (string), country (string)]
- invoices_df: [invoice_id (string), client_id (string), invoice_date (datetime), due_date (datetime), status (string), currency (string), fx_rate_to_usd (float)]
- line_items_df: [line_id (string), invoice_id (string), service_name (string), quantity (int), unit_price (int), tax_rate (float)]

    ## Key Relationships:
    - clients_df.client_id links to invoices_df.client_id
    - invoices_df.invoice_id links to line_items_df.invoice_id

    ## Important Notes:
    - invoice_date and due_date are datetime objects (use .dt accessor for year, month, etc.)
    - tax_rate is a decimal (e.g., 0.2 means 20%)
    - Line total with tax = quantity * unit_price * (1 + tax_rate)
    - Month reference: January=1, February=2, March=3, April=4, May=5, June=6, July=7, August=8, September=9, October=10, November=11, December=12
    - European countries in data: UK, Germany, Netherlands, Norway, Switzerland, France, Spain, Ireland, Portugal
    - To compare dates: use pd.Timestamp('2024-12-31') for date comparisons
    - datetime is already available (no import needed)
    - DO NOT use import statements - pd, np, datetime are pre-provided
    
        ## Sample Data:
        clients_df sample:
client_id  client_name      industry country
     C001    Acme Corp Manufacturing     USA
     C002 Bright Legal         Legal      UK

invoices_df sample:
invoice_id client_id invoice_date   due_date  status currency  fx_rate_to_usd
     I1001      C001   2024-01-10 2024-02-10    Paid      USD             1.0
     I1002      C002   2024-02-15 2024-03-15 Overdue      EUR             1.1

line_items_df sample:
line_id invoice_id     service_name  quantity  unit_price  tax_rate
   L001      I1001 Court Appearance         1         500       0.2
   L002      I1001     M&A Advisory         2         200       0.0
        
    ## Question:
    Group revenue by client country: for each country, compute the total billed amount in 2024 (including tax).

    ## Instructions:
    1. Use ONLY: clients_df, invoices_df, line_items_df
    2. Use exact column names from schema
    3. NO import statements (pd, np, datetime are available)
    4. NO print statements - the last line must be an expression that returns the answer
    5. Output ONLY Python code, no explanations or markdown

    Code:

--- STAGE 1 GENERATED CODE ---
filtered_invoices = invoices_df[invoices_df.invoice_date.dt.year == 2024]
inv_line = filtered_invoices.merge(line_items_df, on='invoice_id')
inv_line['line_total'] = inv_line['quantity'] * inv_line['unit_price'] * (1 + inv_line['tax_rate'])
inv_line['line_total_usd'] = inv_line['line_total'] * inv_line['fx_rate_to_usd']
inv_line = inv_line.merge(clients_df[['client_id', 'country']], on='client_id')
result = inv_line.groupby('country', as_index=False)['line_total_usd'].sum()
result

--- EXECUTION RESULT ---
DataFrame with 15 rows:
    country  line_total_usd
  Australia        3892.225
     Brazil         389.785
     Canada        1829.690
     France        4404.500
    Germany        3583.375
      India          28.818
    Ireland        6106.000
Netherlands        2938.440
New Zealand        1257.475
     Norway         526.296
   Portugal        5433.835
      Spain        3641.000
Switzerland        3791.560
         UK        8792.000
        USA       22003.000

--- STAGE 2 PROMPT ---
You are a professional data analyst assistant. Based on the data query result below, provide a clear and concise answer to the user's question.

    ## User Question:
    Group revenue by client country: for each country, compute the total billed amount in 2024 (including tax).

    ## Query Result:
    DataFrame with 15 rows:
    country  line_total_usd
  Australia        3892.225
     Brazil         389.785
     Canada        1829.690
     France        4404.500
    Germany        3583.375
      India          28.818
    Ireland        6106.000
Netherlands        2938.440
New Zealand        1257.475
     Norway         526.296
   Portugal        5433.835
      Spain        3641.000
Switzerland        3791.560
         UK        8792.000
        USA       22003.000

    ## Instructions:
    1. Answer the question directly using the data provided
    2. Include specific numbers/values from the result
    3. Keep the answer concise but complete
    4. introduce any additional table formatting if strictly necessary for the answer.
    5. If the result is a table, summarize the key findings
    6. Do NOT make up any numbers - only use what's in the result
    7. Format currency values with appropriate symbols when relevant

    Answer:

--- FINAL ANSWER ---
## Step 1: Understand the task
The task is to group revenue by client country and compute the total billed amount in 2024, including tax, for each country.

## Step 2: Analyze the given data
The query result provides a DataFrame with 15 rows, containing two columns: 'country' and 'line_total_usd'. The 'line_total_usd' column represents the total billed amount in USD.

## Step 3: Determine if the data includes tax
The problem statement asks for the total billed amount "including tax." However, the column name 'line_total_usd' suggests it might be the total before tax, or it might already include tax. Without further information on whether 'line_total_usd' includes tax, we will assume it represents the total billed amount as given.

## Step 4: Summarize the total billed amount by country
The DataFrame already provides the total billed amount in USD for each country. We can directly use this data to answer the question.

## Step 5: Format the answer
To present the answer clearly, we will list the total billed amount for each country in USD, using the dollar sign ($) to denote currency.

## Step 6: Provide the total billed amount for each country
Here is the total billed amount in 2024 for each country:
- Australia: $3,892.23
- Brazil: $389.79
- Canada: $1,829.69
- France: $4,404.50
- Germany: $3,583.38
- India: $28.82
- Ireland: $6,106.00
- Netherlands: $2,938.44
- New Zealand: $1,257.48
- Norway: $526.30
- Portugal: $5,433.84
- Spain: $3,641.00
- Switzerland: $3,791.56
- UK: $8,792.00
- USA: $22,003.00

## Step 7: Summarize key findings
The countries with the highest total billed amounts are the USA ($22,003.00), UK ($8,792.00), and Ireland ($6,106.00), while India has the lowest ($28.82).

The final answer is: 
| Country        | Total Billed Amount (USD) |
|----------------|---------------------------|
| Australia      | $3,

Status: SUCCESS

================================================================================
[14/15] For the service 'Contract Review', list all clients who purchased it and the total amount they paid for that service (including tax).
================================================================================

--- STAGE 1 PROMPT ---
You are a Python data analyst. Write Pandas code to answer questions about business data.

    ## Available DataFrames:
    - clients_df: [client_id (string), client_name (string), industry (string), country (string)]
- invoices_df: [invoice_id (string), client_id (string), invoice_date (datetime), due_date (datetime), status (string), currency (string), fx_rate_to_usd (float)]
- line_items_df: [line_id (string), invoice_id (string), service_name (string), quantity (int), unit_price (int), tax_rate (float)]

    ## Key Relationships:
    - clients_df.client_id links to invoices_df.client_id
    - invoices_df.invoice_id links to line_items_df.invoice_id

    ## Important Notes:
    - invoice_date and due_date are datetime objects (use .dt accessor for year, month, etc.)
    - tax_rate is a decimal (e.g., 0.2 means 20%)
    - Line total with tax = quantity * unit_price * (1 + tax_rate)
    - Month reference: January=1, February=2, March=3, April=4, May=5, June=6, July=7, August=8, September=9, October=10, November=11, December=12
    - European countries in data: UK, Germany, Netherlands, Norway, Switzerland, France, Spain, Ireland, Portugal
    - To compare dates: use pd.Timestamp('2024-12-31') for date comparisons
    - datetime is already available (no import needed)
    - DO NOT use import statements - pd, np, datetime are pre-provided
    
        ## Sample Data:
        clients_df sample:
client_id  client_name      industry country
     C001    Acme Corp Manufacturing     USA
     C002 Bright Legal         Legal      UK

invoices_df sample:
invoice_id client_id invoice_date   due_date  status currency  fx_rate_to_usd
     I1001      C001   2024-01-10 2024-02-10    Paid      USD             1.0
     I1002      C002   2024-02-15 2024-03-15 Overdue      EUR             1.1

line_items_df sample:
line_id invoice_id     service_name  quantity  unit_price  tax_rate
   L001      I1001 Court Appearance         1         500       0.2
   L002      I1001     M&A Advisory         2         200       0.0
        
    ## Question:
    For the service 'Contract Review', list all clients who purchased it and the total amount they paid for that service (including tax).

    ## Instructions:
    1. Use ONLY: clients_df, invoices_df, line_items_df
    2. Use exact column names from schema
    3. NO import statements (pd, np, datetime are available)
    4. NO print statements - the last line must be an expression that returns the answer
    5. Output ONLY Python code, no explanations or markdown

    Code:

--- STAGE 1 GENERATED CODE ---
contract_items = line_items_df[line_items_df['service_name'] == 'Contract Review'].copy()
contract_items = contract_items.assign(line_total=contract_items['quantity'] * contract_items['unit_price'] * (1 + contract_items['tax_rate']))
merged = contract_items.merge(invoices_df[['invoice_id', 'client_id', 'fx_rate_to_usd']], on='invoice_id', how='left')
merged = merged.assign(amount_usd=merged['line_total'] * merged['fx_rate_to_usd'])
merged = merged.merge(clients_df[['client_id', 'client_name']], on='client_id', how='left')
result = merged.groupby(['client_id', 'client_name'], as_index=False)['amount_usd'].sum()
result = result.rename(columns={'amount_usd': 'total_amount_usd'})
result

--- EXECUTION RESULT ---
DataFrame with 10 rows:
client_id         client_name  total_amount_usd
     C002        Bright Legal           242.000
     C003      Summit Finance           600.000
     C006  BlueSky Consulting           608.025
     C007         Nova Health           360.000
     C010    Silverline Media           279.400
     C011    Zenith Education           600.000
     C013      Orion Security          1957.500
     C014       Pacific Foods           496.000
     C019     Aurora Textiles          2332.000
     C020 Prairie Agriculture            34.485

--- STAGE 2 PROMPT ---
You are a professional data analyst assistant. Based on the data query result below, provide a clear and concise answer to the user's question.

    ## User Question:
    For the service 'Contract Review', list all clients who purchased it and the total amount they paid for that service (including tax).

    ## Query Result:
    DataFrame with 10 rows:
client_id         client_name  total_amount_usd
     C002        Bright Legal           242.000
     C003      Summit Finance           600.000
     C006  BlueSky Consulting           608.025
     C007         Nova Health           360.000
     C010    Silverline Media           279.400
     C011    Zenith Education           600.000
     C013      Orion Security          1957.500
     C014       Pacific Foods           496.000
     C019     Aurora Textiles          2332.000
     C020 Prairie Agriculture            34.485

    ## Instructions:
    1. Answer the question directly using the data provided
    2. Include specific numbers/values from the result
    3. Keep the answer concise but complete
    4. introduce any additional table formatting if strictly necessary for the answer.
    5. If the result is a table, summarize the key findings
    6. Do NOT make up any numbers - only use what's in the result
    7. Format currency values with appropriate symbols when relevant

    Answer:

--- FINAL ANSWER ---
For the service 'Contract Review', the clients who purchased it and the total amount they paid are as follows:

| Client ID | Client Name | Total Amount (USD) |
| --- | --- | --- |
| C002 | Bright Legal | $242.00 |
| C003 | Summit Finance | $600.00 |
| C006 | BlueSky Consulting | $608.03 |
| C007 | Nova Health | $360.00 |
| C010 | Silverline Media | $279.40 |
| C011 | Zenith Education | $600.00 |
| C013 | Orion Security | $1,957.50 |
| C014 | Pacific Foods | $496.00 |
| C019 | Aurora Textiles | $2,332.00 |
| C020 | Prairie Agriculture | $34.49 |

The total amounts paid by clients for 'Contract Review' range from $34.49 to $2,332.00. The top spending clients are Aurora Textiles ($2,332.00) and Orion Security ($1,957.50).

Status: SUCCESS

================================================================================
[15/15] Considering only European clients, what are the top 3 services by total revenue (including tax) in H2 2024 (2024-07-01 to 2024-12-31)?
================================================================================

--- STAGE 1 PROMPT ---
You are a Python data analyst. Write Pandas code to answer questions about business data.

    ## Available DataFrames:
    - clients_df: [client_id (string), client_name (string), industry (string), country (string)]
- invoices_df: [invoice_id (string), client_id (string), invoice_date (datetime), due_date (datetime), status (string), currency (string), fx_rate_to_usd (float)]
- line_items_df: [line_id (string), invoice_id (string), service_name (string), quantity (int), unit_price (int), tax_rate (float)]

    ## Key Relationships:
    - clients_df.client_id links to invoices_df.client_id
    - invoices_df.invoice_id links to line_items_df.invoice_id

    ## Important Notes:
    - invoice_date and due_date are datetime objects (use .dt accessor for year, month, etc.)
    - tax_rate is a decimal (e.g., 0.2 means 20%)
    - Line total with tax = quantity * unit_price * (1 + tax_rate)
    - Month reference: January=1, February=2, March=3, April=4, May=5, June=6, July=7, August=8, September=9, October=10, November=11, December=12
    - European countries in data: UK, Germany, Netherlands, Norway, Switzerland, France, Spain, Ireland, Portugal
    - To compare dates: use pd.Timestamp('2024-12-31') for date comparisons
    - datetime is already available (no import needed)
    - DO NOT use import statements - pd, np, datetime are pre-provided
    
        ## Sample Data:
        clients_df sample:
client_id  client_name      industry country
     C001    Acme Corp Manufacturing     USA
     C002 Bright Legal         Legal      UK

invoices_df sample:
invoice_id client_id invoice_date   due_date  status currency  fx_rate_to_usd
     I1001      C001   2024-01-10 2024-02-10    Paid      USD             1.0
     I1002      C002   2024-02-15 2024-03-15 Overdue      EUR             1.1

line_items_df sample:
line_id invoice_id     service_name  quantity  unit_price  tax_rate
   L001      I1001 Court Appearance         1         500       0.2
   L002      I1001     M&A Advisory         2         200       0.0
        
    ## Question:
    Considering only European clients, what are the top 3 services by total revenue (including tax) in H2 2024 (2024-07-01 to 2024-12-31)?

    ## Instructions:
    1. Use ONLY: clients_df, invoices_df, line_items_df
    2. Use exact column names from schema
    3. NO import statements (pd, np, datetime are available)
    4. NO print statements - the last line must be an expression that returns the answer
    5. Output ONLY Python code, no explanations or markdown

    Code:

--- STAGE 1 GENERATED CODE ---
european_countries = ['UK','Germany','Netherlands','Norway','Switzerland','France','Spain','Ireland','Portugal']
euro_clients = clients_df[clients_df['country'].isin(european_countries)]
euro_invoices = invoices_df.merge(euro_clients[['client_id']], on='client_id')
h2_mask = (euro_invoices['invoice_date'] >= pd.Timestamp('2024-07-01')) & (euro_invoices['invoice_date'] <= pd.Timestamp('2024-12-31'))
euro_invoices_h2 = euro_invoices[h2_mask]
lines = line_items_df.merge(euro_invoices_h2[['invoice_id','fx_rate_to_usd']], on='invoice_id')
lines = lines.assign(line_total = lines['quantity'] * lines['unit_price'] * (1 + lines['tax_rate']))
lines = lines.assign(line_total_usd = lines['line_total'] * lines['fx_rate_to_usd'])
result = (lines.groupby('service_name')['line_total_usd']
          .sum()
          .reset_index()
          .rename(columns={'line_total_usd':'total_revenue_usd'})
          .sort_values('total_revenue_usd', ascending=False)
          .head(3))
result

--- EXECUTION RESULT ---
DataFrame with 3 rows:
               service_name  total_revenue_usd
               Tax Planning            5560.60
Regulatory Compliance Audit            4957.26
            Contract Review            4531.50

--- STAGE 2 PROMPT ---
You are a professional data analyst assistant. Based on the data query result below, provide a clear and concise answer to the user's question.

    ## User Question:
    Considering only European clients, what are the top 3 services by total revenue (including tax) in H2 2024 (2024-07-01 to 2024-12-31)?

    ## Query Result:
    DataFrame with 3 rows:
               service_name  total_revenue_usd
               Tax Planning            5560.60
Regulatory Compliance Audit            4957.26
            Contract Review            4531.50

    ## Instructions:
    1. Answer the question directly using the data provided
    2. Include specific numbers/values from the result
    3. Keep the answer concise but complete
    4. introduce any additional table formatting if strictly necessary for the answer.
    5. If the result is a table, summarize the key findings
    6. Do NOT make up any numbers - only use what's in the result
    7. Format currency values with appropriate symbols when relevant

    Answer:

--- FINAL ANSWER ---
For European clients in H2 2024, the top 3 services by total revenue (including tax) are:

1. **Tax Planning**: $5,560.60
2. **Regulatory Compliance Audit**: $4,957.26
3. **Contract Review**: $4,531.50

These services generated the highest total revenue in USD during the specified period.

Status: SUCCESS

================================================================================
SUMMARY
================================================================================
Success: 13/15 questions

Results saved to TEST_RESULTS.md
Full log saved to pipeline.log
