Pipeline Test Run - 2025-12-14 13:54:36
================================================================================
Pipeline ready.


================================================================================
[1/15] List all clients with their industries.
================================================================================

--- STAGE 1 PROMPT ---
You are a Python data analyst. Write Pandas code to answer questions about business data.

    ## Available DataFrames:
    - clients_df: [client_id (string), client_name (string), industry (string), country (string)]
- invoices_df: [invoice_id (string), client_id (string), invoice_date (datetime), due_date (datetime), status (string), currency (string), fx_rate_to_usd (float)]
- line_items_df: [line_id (string), invoice_id (string), service_name (string), quantity (int), unit_price (int), tax_rate (float)]

    ## Key Relationships:
    - clients_df.client_id links to invoices_df.client_id
    - invoices_df.invoice_id links to line_items_df.invoice_id

    ## Important Notes:
    - invoice_date and due_date are datetime objects (use .dt accessor for year, month, etc.)
    - tax_rate is a decimal (e.g., 0.2 means 20%)
    - Line total with tax = quantity * unit_price * (1 + tax_rate)
    - Month reference: January=1, February=2, March=3, April=4, May=5, June=6, July=7, August=8, September=9, October=10, November=11, December=12
    - European countries in data: UK, Germany, Netherlands, Norway, Switzerland, France, Spain, Ireland, Portugal
    - To compare dates: use pd.Timestamp('2024-12-31') for date comparisons
    - datetime is already available (no import needed)
    - DO NOT use import statements - pd, np, datetime are pre-provided

    ## Examples:

    Q: List all clients from Germany
    Code: clients_df[clients_df['country'] == 'Germany'][['client_name', 'industry']]

    Q: Count invoices per client
    Code: invoices_df.merge(clients_df, on='client_id').groupby('client_name')['invoice_id'].count()

    Q: Top 2 clients by total billed amount (with tax)
    Code: line_items_df.assign(total=lambda x: x['quantity'] * x['unit_price'] * (1 + x['tax_rate'])).merge(invoices_df, on='invoice_id').merge(clients_df, on='client_id').groupby('client_name')['total'].sum().nlargest(2)
    
        ## Sample Data:
        clients_df sample:
client_id  client_name      industry country
     C001    Acme Corp Manufacturing     USA
     C002 Bright Legal         Legal      UK

invoices_df sample:
invoice_id client_id invoice_date   due_date  status currency  fx_rate_to_usd
     I1001      C001   2024-01-10 2024-02-10    Paid      USD             1.0
     I1002      C002   2024-02-15 2024-03-15 Overdue      EUR             1.1

line_items_df sample:
line_id invoice_id     service_name  quantity  unit_price  tax_rate
   L001      I1001 Court Appearance         1         500       0.2
   L002      I1001     M&A Advisory         2         200       0.0
        
    ## Question:
    List all clients with their industries.

    ## Instructions:
    1. Use ONLY: clients_df, invoices_df, line_items_df
    2. Use exact column names from schema
    3. NO import statements (pd, np, datetime are available)
    4. NO print statements - the last line must be an expression that returns the answer
    5. Output ONLY Python code, no explanations or markdown

    Code:

--- STAGE 1 GENERATED CODE ---
clients_df[['client_name', 'industry']]

--- EXECUTION RESULT ---
DataFrame with 20 rows:
        client_name           industry
          Acme Corp      Manufacturing
       Bright Legal              Legal
     Summit Finance Financial Services
  GreenField Retail             Retail
Northwind Logistics          Logistics
 BlueSky Consulting         Consulting
        Nova Health         Healthcare
         Urban Tech         Technology
     RedRock Energy             Energy
   Silverline Media              Media
   Zenith Education          Education
 Alpine Hospitality        Hospitality
     Orion Security           Security
      Pacific Foods    Food & Beverage
    Metro Transport     Transportation
   Vertex Analytics         Technology
   Harbor Insurance          Insurance
    Crescent Pharma    Pharmaceuticals
    Aurora Textiles      Manufacturing
Prairie Agriculture        Agriculture

--- STAGE 2 PROMPT ---
You are a professional data analyst assistant. Based on the data query result below, provide a clear and concise answer to the user's question.

    ## User Question:
    List all clients with their industries.

    ## Query Result:
    DataFrame with 20 rows:
        client_name           industry
          Acme Corp      Manufacturing
       Bright Legal              Legal
     Summit Finance Financial Services
  GreenField Retail             Retail
Northwind Logistics          Logistics
 BlueSky Consulting         Consulting
        Nova Health         Healthcare
         Urban Tech         Technology
     RedRock Energy             Energy
   Silverline Media              Media
   Zenith Education          Education
 Alpine Hospitality        Hospitality
     Orion Security           Security
      Pacific Foods    Food & Beverage
    Metro Transport     Transportation
   Vertex Analytics         Technology
   Harbor Insurance          Insurance
    Crescent Pharma    Pharmaceuticals
    Aurora Textiles      Manufacturing
Prairie Agriculture        Agriculture

    ## Instructions:
    1. Answer the question directly using the data provided
    2. Include specific numbers/values from the result
    3. Keep the answer concise but complete
    4. introduce any additional table formatting if strictly necessary for the answer.
    5. If the result is a table, summarize the key findings
    6. Do NOT make up any numbers - only use what's in the result
    7. Format currency values with appropriate symbols when relevant

    Answer:

--- FINAL ANSWER ---
Here is the list of all clients with their industries:

| Client Name | Industry |
| --- | --- |
| Acme Corp | Manufacturing |
| Bright Legal | Legal |
| Summit Finance | Financial Services |
| GreenField Retail | Retail |
| Northwind Logistics | Logistics |
| BlueSky Consulting | Consulting |
| Nova Health | Healthcare |
| Urban Tech | Technology |
| RedRock Energy | Energy |
| Silverline Media | Media |
| Zenith Education | Education |
| Alpine Hospitality | Hospitality |
| Orion Security | Security |
| Pacific Foods | Food & Beverage |
| Metro Transport | Transportation |
| Vertex Analytics | Technology |
| Harbor Insurance | Insurance |
| Crescent Pharma | Pharmaceuticals |
| Aurora Textiles | Manufacturing |
| Prairie Agriculture | Agriculture |

There are 20 clients across various industries. The industries represented include Manufacturing (2 clients), Legal, Financial Services, Retail, Logistics, Consulting, Healthcare, Technology (2 clients), Energy, Media, Education, Hospitality, Security, Food & Beverage, Transportation, Insurance, Pharmaceuticals, and Agriculture.

Status: SUCCESS

================================================================================
[2/15] Which clients are based in the UK?
================================================================================

--- STAGE 1 PROMPT ---
You are a Python data analyst. Write Pandas code to answer questions about business data.

    ## Available DataFrames:
    - clients_df: [client_id (string), client_name (string), industry (string), country (string)]
- invoices_df: [invoice_id (string), client_id (string), invoice_date (datetime), due_date (datetime), status (string), currency (string), fx_rate_to_usd (float)]
- line_items_df: [line_id (string), invoice_id (string), service_name (string), quantity (int), unit_price (int), tax_rate (float)]

    ## Key Relationships:
    - clients_df.client_id links to invoices_df.client_id
    - invoices_df.invoice_id links to line_items_df.invoice_id

    ## Important Notes:
    - invoice_date and due_date are datetime objects (use .dt accessor for year, month, etc.)
    - tax_rate is a decimal (e.g., 0.2 means 20%)
    - Line total with tax = quantity * unit_price * (1 + tax_rate)
    - Month reference: January=1, February=2, March=3, April=4, May=5, June=6, July=7, August=8, September=9, October=10, November=11, December=12
    - European countries in data: UK, Germany, Netherlands, Norway, Switzerland, France, Spain, Ireland, Portugal
    - To compare dates: use pd.Timestamp('2024-12-31') for date comparisons
    - datetime is already available (no import needed)
    - DO NOT use import statements - pd, np, datetime are pre-provided

    ## Examples:

    Q: List all clients from Germany
    Code: clients_df[clients_df['country'] == 'Germany'][['client_name', 'industry']]

    Q: Count invoices per client
    Code: invoices_df.merge(clients_df, on='client_id').groupby('client_name')['invoice_id'].count()

    Q: Top 2 clients by total billed amount (with tax)
    Code: line_items_df.assign(total=lambda x: x['quantity'] * x['unit_price'] * (1 + x['tax_rate'])).merge(invoices_df, on='invoice_id').merge(clients_df, on='client_id').groupby('client_name')['total'].sum().nlargest(2)
    
        ## Sample Data:
        clients_df sample:
client_id  client_name      industry country
     C001    Acme Corp Manufacturing     USA
     C002 Bright Legal         Legal      UK

invoices_df sample:
invoice_id client_id invoice_date   due_date  status currency  fx_rate_to_usd
     I1001      C001   2024-01-10 2024-02-10    Paid      USD             1.0
     I1002      C002   2024-02-15 2024-03-15 Overdue      EUR             1.1

line_items_df sample:
line_id invoice_id     service_name  quantity  unit_price  tax_rate
   L001      I1001 Court Appearance         1         500       0.2
   L002      I1001     M&A Advisory         2         200       0.0
        
    ## Question:
    Which clients are based in the UK?

    ## Instructions:
    1. Use ONLY: clients_df, invoices_df, line_items_df
    2. Use exact column names from schema
    3. NO import statements (pd, np, datetime are available)
    4. NO print statements - the last line must be an expression that returns the answer
    5. Output ONLY Python code, no explanations or markdown

    Code:

--- STAGE 1 GENERATED CODE ---
clients_df[clients_df['country'] == 'UK'][['client_name', 'industry']]

--- EXECUTION RESULT ---
DataFrame with 2 rows:
     client_name industry
    Bright Legal    Legal
Silverline Media    Media

--- STAGE 2 PROMPT ---
You are a professional data analyst assistant. Based on the data query result below, provide a clear and concise answer to the user's question.

    ## User Question:
    Which clients are based in the UK?

    ## Query Result:
    DataFrame with 2 rows:
     client_name industry
    Bright Legal    Legal
Silverline Media    Media

    ## Instructions:
    1. Answer the question directly using the data provided
    2. Include specific numbers/values from the result
    3. Keep the answer concise but complete
    4. introduce any additional table formatting if strictly necessary for the answer.
    5. If the result is a table, summarize the key findings
    6. Do NOT make up any numbers - only use what's in the result
    7. Format currency values with appropriate symbols when relevant

    Answer:

--- FINAL ANSWER ---
The query result doesn't contain information about the clients' locations. However, based on the provided DataFrame, there are 2 clients listed: 

| client_name      | industry |
|------------------|----------|
| Bright Legal     | Legal    |
| Silverline Media | Media    |

To answer the question, we would need additional data regarding the clients' countries or regions. The provided data only includes client names and their respective industries.

Status: SUCCESS

================================================================================
[3/15] List all invoices issued in March 2024 with their statuses.
================================================================================

--- STAGE 1 PROMPT ---
You are a Python data analyst. Write Pandas code to answer questions about business data.

    ## Available DataFrames:
    - clients_df: [client_id (string), client_name (string), industry (string), country (string)]
- invoices_df: [invoice_id (string), client_id (string), invoice_date (datetime), due_date (datetime), status (string), currency (string), fx_rate_to_usd (float)]
- line_items_df: [line_id (string), invoice_id (string), service_name (string), quantity (int), unit_price (int), tax_rate (float)]

    ## Key Relationships:
    - clients_df.client_id links to invoices_df.client_id
    - invoices_df.invoice_id links to line_items_df.invoice_id

    ## Important Notes:
    - invoice_date and due_date are datetime objects (use .dt accessor for year, month, etc.)
    - tax_rate is a decimal (e.g., 0.2 means 20%)
    - Line total with tax = quantity * unit_price * (1 + tax_rate)
    - Month reference: January=1, February=2, March=3, April=4, May=5, June=6, July=7, August=8, September=9, October=10, November=11, December=12
    - European countries in data: UK, Germany, Netherlands, Norway, Switzerland, France, Spain, Ireland, Portugal
    - To compare dates: use pd.Timestamp('2024-12-31') for date comparisons
    - datetime is already available (no import needed)
    - DO NOT use import statements - pd, np, datetime are pre-provided

    ## Examples:

    Q: List all clients from Germany
    Code: clients_df[clients_df['country'] == 'Germany'][['client_name', 'industry']]

    Q: Count invoices per client
    Code: invoices_df.merge(clients_df, on='client_id').groupby('client_name')['invoice_id'].count()

    Q: Top 2 clients by total billed amount (with tax)
    Code: line_items_df.assign(total=lambda x: x['quantity'] * x['unit_price'] * (1 + x['tax_rate'])).merge(invoices_df, on='invoice_id').merge(clients_df, on='client_id').groupby('client_name')['total'].sum().nlargest(2)
    
        ## Sample Data:
        clients_df sample:
client_id  client_name      industry country
     C001    Acme Corp Manufacturing     USA
     C002 Bright Legal         Legal      UK

invoices_df sample:
invoice_id client_id invoice_date   due_date  status currency  fx_rate_to_usd
     I1001      C001   2024-01-10 2024-02-10    Paid      USD             1.0
     I1002      C002   2024-02-15 2024-03-15 Overdue      EUR             1.1

line_items_df sample:
line_id invoice_id     service_name  quantity  unit_price  tax_rate
   L001      I1001 Court Appearance         1         500       0.2
   L002      I1001     M&A Advisory         2         200       0.0
        
    ## Question:
    List all invoices issued in March 2024 with their statuses.

    ## Instructions:
    1. Use ONLY: clients_df, invoices_df, line_items_df
    2. Use exact column names from schema
    3. NO import statements (pd, np, datetime are available)
    4. NO print statements - the last line must be an expression that returns the answer
    5. Output ONLY Python code, no explanations or markdown

    Code:

--- STAGE 1 GENERATED CODE ---
invoices_df.loc[(invoices_df['invoice_date'].dt.year == 2024) & (invoices_df['invoice_date'].dt.month == 3), ['invoice_id', 'status']]

--- EXECUTION RESULT ---
DataFrame with 2 rows:
invoice_id status
     I1003   Paid
     I1004   Paid

--- STAGE 2 PROMPT ---
You are a professional data analyst assistant. Based on the data query result below, provide a clear and concise answer to the user's question.

    ## User Question:
    List all invoices issued in March 2024 with their statuses.

    ## Query Result:
    DataFrame with 2 rows:
invoice_id status
     I1003   Paid
     I1004   Paid

    ## Instructions:
    1. Answer the question directly using the data provided
    2. Include specific numbers/values from the result
    3. Keep the answer concise but complete
    4. introduce any additional table formatting if strictly necessary for the answer.
    5. If the result is a table, summarize the key findings
    6. Do NOT make up any numbers - only use what's in the result
    7. Format currency values with appropriate symbols when relevant

    Answer:

--- FINAL ANSWER ---
Here is the answer to the user's question:

The invoices issued in March 2024 with their statuses are as follows:

| Invoice ID | Status |
| --- | --- |
| I1003 | Paid |
| I1004 | Paid |

Both invoices (I1003 and I1004) were paid.

Status: SUCCESS

================================================================================
[4/15] Which invoices are currently marked as 'Overdue'?
================================================================================

--- STAGE 1 PROMPT ---
You are a Python data analyst. Write Pandas code to answer questions about business data.

    ## Available DataFrames:
    - clients_df: [client_id (string), client_name (string), industry (string), country (string)]
- invoices_df: [invoice_id (string), client_id (string), invoice_date (datetime), due_date (datetime), status (string), currency (string), fx_rate_to_usd (float)]
- line_items_df: [line_id (string), invoice_id (string), service_name (string), quantity (int), unit_price (int), tax_rate (float)]

    ## Key Relationships:
    - clients_df.client_id links to invoices_df.client_id
    - invoices_df.invoice_id links to line_items_df.invoice_id

    ## Important Notes:
    - invoice_date and due_date are datetime objects (use .dt accessor for year, month, etc.)
    - tax_rate is a decimal (e.g., 0.2 means 20%)
    - Line total with tax = quantity * unit_price * (1 + tax_rate)
    - Month reference: January=1, February=2, March=3, April=4, May=5, June=6, July=7, August=8, September=9, October=10, November=11, December=12
    - European countries in data: UK, Germany, Netherlands, Norway, Switzerland, France, Spain, Ireland, Portugal
    - To compare dates: use pd.Timestamp('2024-12-31') for date comparisons
    - datetime is already available (no import needed)
    - DO NOT use import statements - pd, np, datetime are pre-provided

    ## Examples:

    Q: List all clients from Germany
    Code: clients_df[clients_df['country'] == 'Germany'][['client_name', 'industry']]

    Q: Count invoices per client
    Code: invoices_df.merge(clients_df, on='client_id').groupby('client_name')['invoice_id'].count()

    Q: Top 2 clients by total billed amount (with tax)
    Code: line_items_df.assign(total=lambda x: x['quantity'] * x['unit_price'] * (1 + x['tax_rate'])).merge(invoices_df, on='invoice_id').merge(clients_df, on='client_id').groupby('client_name')['total'].sum().nlargest(2)
    
        ## Sample Data:
        clients_df sample:
client_id  client_name      industry country
     C001    Acme Corp Manufacturing     USA
     C002 Bright Legal         Legal      UK

invoices_df sample:
invoice_id client_id invoice_date   due_date  status currency  fx_rate_to_usd
     I1001      C001   2024-01-10 2024-02-10    Paid      USD             1.0
     I1002      C002   2024-02-15 2024-03-15 Overdue      EUR             1.1

line_items_df sample:
line_id invoice_id     service_name  quantity  unit_price  tax_rate
   L001      I1001 Court Appearance         1         500       0.2
   L002      I1001     M&A Advisory         2         200       0.0
        
    ## Question:
    Which invoices are currently marked as 'Overdue'?

    ## Instructions:
    1. Use ONLY: clients_df, invoices_df, line_items_df
    2. Use exact column names from schema
    3. NO import statements (pd, np, datetime are available)
    4. NO print statements - the last line must be an expression that returns the answer
    5. Output ONLY Python code, no explanations or markdown

    Code:

--- STAGE 1 GENERATED CODE ---
invoices_df[invoices_df['status'] == 'Overdue']

--- EXECUTION RESULT ---
DataFrame with 9 rows:
invoice_id client_id invoice_date   due_date  status currency  fx_rate_to_usd
     I1002      C002   2024-02-15 2024-03-15 Overdue      EUR            1.10
     I1005      C004   2024-04-01 2024-05-01 Overdue      EUR            1.09
     I1009      C008   2024-06-01 2024-07-01 Overdue      EUR            1.12
     I1013      C012   2024-07-20 2024-08-19 Overdue      CHF            1.12
     I1015      C014   2024-08-10 2024-09-09 Overdue      NZD            0.62
     I1020      C019   2024-10-01 2024-10-31 Overdue      EUR            1.07
     I1028      C007   2024-11-15 2024-12-15 Overdue      USD            1.00
     I1032      C011   2024-12-05 2025-01-04 Overdue      USD            1.00
     I1038      C017   2024-12-26 2025-01-25 Overdue      USD            1.00

--- STAGE 2 PROMPT ---
You are a professional data analyst assistant. Based on the data query result below, provide a clear and concise answer to the user's question.

    ## User Question:
    Which invoices are currently marked as 'Overdue'?

    ## Query Result:
    DataFrame with 9 rows:
invoice_id client_id invoice_date   due_date  status currency  fx_rate_to_usd
     I1002      C002   2024-02-15 2024-03-15 Overdue      EUR            1.10
     I1005      C004   2024-04-01 2024-05-01 Overdue      EUR            1.09
     I1009      C008   2024-06-01 2024-07-01 Overdue      EUR            1.12
     I1013      C012   2024-07-20 2024-08-19 Overdue      CHF            1.12
     I1015      C014   2024-08-10 2024-09-09 Overdue      NZD            0.62
     I1020      C019   2024-10-01 2024-10-31 Overdue      EUR            1.07
     I1028      C007   2024-11-15 2024-12-15 Overdue      USD            1.00
     I1032      C011   2024-12-05 2025-01-04 Overdue      USD            1.00
     I1038      C017   2024-12-26 2025-01-25 Overdue      USD            1.00

    ## Instructions:
    1. Answer the question directly using the data provided
    2. Include specific numbers/values from the result
    3. Keep the answer concise but complete
    4. introduce any additional table formatting if strictly necessary for the answer.
    5. If the result is a table, summarize the key findings
    6. Do NOT make up any numbers - only use what's in the result
    7. Format currency values with appropriate symbols when relevant

    Answer:

--- FINAL ANSWER ---
The invoices currently marked as 'Overdue' are:

| invoice_id | client_id | due_date   | currency |
|------------|-----------|------------|----------|
| I1002      | C002      | 2024-03-15 | €        |
| I1005      | C004      | 2024-05-01 | €        |
| I1009      | C008      | 2024-07-01 | €        |
| I1013      | C012      | 2024-08-19 | CHF      |
| I1015      | C014      | 2024-09-09 | NZD      |
| I1020      | C019      | 2024-10-31 | €        |
| I1028      | C007      | 2024-12-15 | $        |
| I1032      | C011      | 2025-01-04 | $        |
| I1038      | C017      | 2025-01-25 | $        |

There are 9 invoices marked as 'Overdue'. The due dates range from March 15, 2024, to January 25, 2025. The currencies involved are EUR (€), CHF, NZD, and USD ($).

Status: SUCCESS

================================================================================
[5/15] For each service_name in InvoiceLineItems, how many line items are there?
================================================================================

--- STAGE 1 PROMPT ---
You are a Python data analyst. Write Pandas code to answer questions about business data.

    ## Available DataFrames:
    - clients_df: [client_id (string), client_name (string), industry (string), country (string)]
- invoices_df: [invoice_id (string), client_id (string), invoice_date (datetime), due_date (datetime), status (string), currency (string), fx_rate_to_usd (float)]
- line_items_df: [line_id (string), invoice_id (string), service_name (string), quantity (int), unit_price (int), tax_rate (float)]

    ## Key Relationships:
    - clients_df.client_id links to invoices_df.client_id
    - invoices_df.invoice_id links to line_items_df.invoice_id

    ## Important Notes:
    - invoice_date and due_date are datetime objects (use .dt accessor for year, month, etc.)
    - tax_rate is a decimal (e.g., 0.2 means 20%)
    - Line total with tax = quantity * unit_price * (1 + tax_rate)
    - Month reference: January=1, February=2, March=3, April=4, May=5, June=6, July=7, August=8, September=9, October=10, November=11, December=12
    - European countries in data: UK, Germany, Netherlands, Norway, Switzerland, France, Spain, Ireland, Portugal
    - To compare dates: use pd.Timestamp('2024-12-31') for date comparisons
    - datetime is already available (no import needed)
    - DO NOT use import statements - pd, np, datetime are pre-provided

    ## Examples:

    Q: List all clients from Germany
    Code: clients_df[clients_df['country'] == 'Germany'][['client_name', 'industry']]

    Q: Count invoices per client
    Code: invoices_df.merge(clients_df, on='client_id').groupby('client_name')['invoice_id'].count()

    Q: Top 2 clients by total billed amount (with tax)
    Code: line_items_df.assign(total=lambda x: x['quantity'] * x['unit_price'] * (1 + x['tax_rate'])).merge(invoices_df, on='invoice_id').merge(clients_df, on='client_id').groupby('client_name')['total'].sum().nlargest(2)
    
        ## Sample Data:
        clients_df sample:
client_id  client_name      industry country
     C001    Acme Corp Manufacturing     USA
     C002 Bright Legal         Legal      UK

invoices_df sample:
invoice_id client_id invoice_date   due_date  status currency  fx_rate_to_usd
     I1001      C001   2024-01-10 2024-02-10    Paid      USD             1.0
     I1002      C002   2024-02-15 2024-03-15 Overdue      EUR             1.1

line_items_df sample:
line_id invoice_id     service_name  quantity  unit_price  tax_rate
   L001      I1001 Court Appearance         1         500       0.2
   L002      I1001     M&A Advisory         2         200       0.0
        
    ## Question:
    For each service_name in InvoiceLineItems, how many line items are there?

    ## Instructions:
    1. Use ONLY: clients_df, invoices_df, line_items_df
    2. Use exact column names from schema
    3. NO import statements (pd, np, datetime are available)
    4. NO print statements - the last line must be an expression that returns the answer
    5. Output ONLY Python code, no explanations or markdown

    Code:

--- STAGE 1 GENERATED CODE ---
line_items_df.groupby('service_name')['line_id'].count()

--- EXECUTION RESULT ---
Series with 8 items:
service_name
Contract Review                11
Court Appearance               13
Custom Reporting               11
IT Security Assessment         14
M&A Advisory                   16
Regulatory Compliance Audit    10
Tax Planning                   14
Training Session                7

--- STAGE 2 PROMPT ---
You are a professional data analyst assistant. Based on the data query result below, provide a clear and concise answer to the user's question.

    ## User Question:
    For each service_name in InvoiceLineItems, how many line items are there?

    ## Query Result:
    Series with 8 items:
service_name
Contract Review                11
Court Appearance               13
Custom Reporting               11
IT Security Assessment         14
M&A Advisory                   16
Regulatory Compliance Audit    10
Tax Planning                   14
Training Session                7

    ## Instructions:
    1. Answer the question directly using the data provided
    2. Include specific numbers/values from the result
    3. Keep the answer concise but complete
    4. introduce any additional table formatting if strictly necessary for the answer.
    5. If the result is a table, summarize the key findings
    6. Do NOT make up any numbers - only use what's in the result
    7. Format currency values with appropriate symbols when relevant

    Answer:

--- FINAL ANSWER ---
Here is the answer to the user's question:

The number of line items for each service_name in InvoiceLineItems is as follows:

| Service Name | Number of Line Items |
| --- | --- |
| Contract Review | 11 |
| Court Appearance | 13 |
| Custom Reporting | 11 |
| IT Security Assessment | 14 |
| M&A Advisory | 16 |
| Regulatory Compliance Audit | 10 |
| Tax Planning | 14 |
| Training Session | 7 |

The count of line items ranges from 7 to 16 across different services, with M&A Advisory having the highest number of line items (16) and Training Session having the lowest (7).

Status: SUCCESS

================================================================================
[6/15] List all invoices for Acme Corp with their invoice IDs, invoice dates, due dates, and statuses.
================================================================================

--- STAGE 1 PROMPT ---
You are a Python data analyst. Write Pandas code to answer questions about business data.

    ## Available DataFrames:
    - clients_df: [client_id (string), client_name (string), industry (string), country (string)]
- invoices_df: [invoice_id (string), client_id (string), invoice_date (datetime), due_date (datetime), status (string), currency (string), fx_rate_to_usd (float)]
- line_items_df: [line_id (string), invoice_id (string), service_name (string), quantity (int), unit_price (int), tax_rate (float)]

    ## Key Relationships:
    - clients_df.client_id links to invoices_df.client_id
    - invoices_df.invoice_id links to line_items_df.invoice_id

    ## Important Notes:
    - invoice_date and due_date are datetime objects (use .dt accessor for year, month, etc.)
    - tax_rate is a decimal (e.g., 0.2 means 20%)
    - Line total with tax = quantity * unit_price * (1 + tax_rate)
    - Month reference: January=1, February=2, March=3, April=4, May=5, June=6, July=7, August=8, September=9, October=10, November=11, December=12
    - European countries in data: UK, Germany, Netherlands, Norway, Switzerland, France, Spain, Ireland, Portugal
    - To compare dates: use pd.Timestamp('2024-12-31') for date comparisons
    - datetime is already available (no import needed)
    - DO NOT use import statements - pd, np, datetime are pre-provided

    ## Examples:

    Q: List all clients from Germany
    Code: clients_df[clients_df['country'] == 'Germany'][['client_name', 'industry']]

    Q: Count invoices per client
    Code: invoices_df.merge(clients_df, on='client_id').groupby('client_name')['invoice_id'].count()

    Q: Top 2 clients by total billed amount (with tax)
    Code: line_items_df.assign(total=lambda x: x['quantity'] * x['unit_price'] * (1 + x['tax_rate'])).merge(invoices_df, on='invoice_id').merge(clients_df, on='client_id').groupby('client_name')['total'].sum().nlargest(2)
    
        ## Sample Data:
        clients_df sample:
client_id  client_name      industry country
     C001    Acme Corp Manufacturing     USA
     C002 Bright Legal         Legal      UK

invoices_df sample:
invoice_id client_id invoice_date   due_date  status currency  fx_rate_to_usd
     I1001      C001   2024-01-10 2024-02-10    Paid      USD             1.0
     I1002      C002   2024-02-15 2024-03-15 Overdue      EUR             1.1

line_items_df sample:
line_id invoice_id     service_name  quantity  unit_price  tax_rate
   L001      I1001 Court Appearance         1         500       0.2
   L002      I1001     M&A Advisory         2         200       0.0
        
    ## Question:
    List all invoices for Acme Corp with their invoice IDs, invoice dates, due dates, and statuses.

    ## Instructions:
    1. Use ONLY: clients_df, invoices_df, line_items_df
    2. Use exact column names from schema
    3. NO import statements (pd, np, datetime are available)
    4. NO print statements - the last line must be an expression that returns the answer
    5. Output ONLY Python code, no explanations or markdown

    Code:

--- STAGE 1 GENERATED CODE ---
invoices_df[invoices_df['client_id'].isin(clients_df.loc[clients_df['client_name'] == 'Acme Corp', 'client_id'])][['invoice_id', 'invoice_date', 'due_date', 'status']]

--- EXECUTION RESULT ---
DataFrame with 3 rows:
invoice_id invoice_date   due_date status
     I1001   2024-01-10 2024-02-10   Paid
     I1004   2024-03-20 2024-04-20   Paid
     I1022   2024-10-15 2024-11-14   Paid

--- STAGE 2 PROMPT ---
You are a professional data analyst assistant. Based on the data query result below, provide a clear and concise answer to the user's question.

    ## User Question:
    List all invoices for Acme Corp with their invoice IDs, invoice dates, due dates, and statuses.

    ## Query Result:
    DataFrame with 3 rows:
invoice_id invoice_date   due_date status
     I1001   2024-01-10 2024-02-10   Paid
     I1004   2024-03-20 2024-04-20   Paid
     I1022   2024-10-15 2024-11-14   Paid

    ## Instructions:
    1. Answer the question directly using the data provided
    2. Include specific numbers/values from the result
    3. Keep the answer concise but complete
    4. introduce any additional table formatting if strictly necessary for the answer.
    5. If the result is a table, summarize the key findings
    6. Do NOT make up any numbers - only use what's in the result
    7. Format currency values with appropriate symbols when relevant

    Answer:

--- FINAL ANSWER ---
Here is the list of invoices for Acme Corp with their invoice IDs, invoice dates, due dates, and statuses:

| Invoice ID | Invoice Date | Due Date   | Status |
|------------|--------------|------------|--------|
| I1001      | 2024-01-10   | 2024-02-10 | Paid   |
| I1004      | 2024-03-20   | 2024-04-20 | Paid   |
| I1022      | 2024-10-15   | 2024-11-14 | Paid   |

All three invoices for Acme Corp are marked as "Paid". The invoice IDs are I1001, I1004, and I1022, with invoice dates ranging from January to October 2024.

Status: SUCCESS

================================================================================
[7/15] Show all invoices issued to Bright Legal in February 2024, including their status and currency.
================================================================================

--- STAGE 1 PROMPT ---
You are a Python data analyst. Write Pandas code to answer questions about business data.

    ## Available DataFrames:
    - clients_df: [client_id (string), client_name (string), industry (string), country (string)]
- invoices_df: [invoice_id (string), client_id (string), invoice_date (datetime), due_date (datetime), status (string), currency (string), fx_rate_to_usd (float)]
- line_items_df: [line_id (string), invoice_id (string), service_name (string), quantity (int), unit_price (int), tax_rate (float)]

    ## Key Relationships:
    - clients_df.client_id links to invoices_df.client_id
    - invoices_df.invoice_id links to line_items_df.invoice_id

    ## Important Notes:
    - invoice_date and due_date are datetime objects (use .dt accessor for year, month, etc.)
    - tax_rate is a decimal (e.g., 0.2 means 20%)
    - Line total with tax = quantity * unit_price * (1 + tax_rate)
    - Month reference: January=1, February=2, March=3, April=4, May=5, June=6, July=7, August=8, September=9, October=10, November=11, December=12
    - European countries in data: UK, Germany, Netherlands, Norway, Switzerland, France, Spain, Ireland, Portugal
    - To compare dates: use pd.Timestamp('2024-12-31') for date comparisons
    - datetime is already available (no import needed)
    - DO NOT use import statements - pd, np, datetime are pre-provided

    ## Examples:

    Q: List all clients from Germany
    Code: clients_df[clients_df['country'] == 'Germany'][['client_name', 'industry']]

    Q: Count invoices per client
    Code: invoices_df.merge(clients_df, on='client_id').groupby('client_name')['invoice_id'].count()

    Q: Top 2 clients by total billed amount (with tax)
    Code: line_items_df.assign(total=lambda x: x['quantity'] * x['unit_price'] * (1 + x['tax_rate'])).merge(invoices_df, on='invoice_id').merge(clients_df, on='client_id').groupby('client_name')['total'].sum().nlargest(2)
    
        ## Sample Data:
        clients_df sample:
client_id  client_name      industry country
     C001    Acme Corp Manufacturing     USA
     C002 Bright Legal         Legal      UK

invoices_df sample:
invoice_id client_id invoice_date   due_date  status currency  fx_rate_to_usd
     I1001      C001   2024-01-10 2024-02-10    Paid      USD             1.0
     I1002      C002   2024-02-15 2024-03-15 Overdue      EUR             1.1

line_items_df sample:
line_id invoice_id     service_name  quantity  unit_price  tax_rate
   L001      I1001 Court Appearance         1         500       0.2
   L002      I1001     M&A Advisory         2         200       0.0
        
    ## Question:
    Show all invoices issued to Bright Legal in February 2024, including their status and currency.

    ## Instructions:
    1. Use ONLY: clients_df, invoices_df, line_items_df
    2. Use exact column names from schema
    3. NO import statements (pd, np, datetime are available)
    4. NO print statements - the last line must be an expression that returns the answer
    5. Output ONLY Python code, no explanations or markdown

    Code:

--- STAGE 1 GENERATED CODE ---
bright_ids = clients_df[clients_df['client_name'] == 'Bright Legal'][['client_id']]
bright_invoices = bright_ids.merge(invoices_df, on='client_id')
bright_invoices[(bright_invoices['invoice_date'].dt.year == 2024) & (bright_invoices['invoice_date'].dt.month == 2)][['invoice_id', 'status', 'currency']]

--- EXECUTION RESULT ---
DataFrame with 1 rows:
invoice_id  status currency
     I1002 Overdue      EUR

--- STAGE 2 PROMPT ---
You are a professional data analyst assistant. Based on the data query result below, provide a clear and concise answer to the user's question.

    ## User Question:
    Show all invoices issued to Bright Legal in February 2024, including their status and currency.

    ## Query Result:
    DataFrame with 1 rows:
invoice_id  status currency
     I1002 Overdue      EUR

    ## Instructions:
    1. Answer the question directly using the data provided
    2. Include specific numbers/values from the result
    3. Keep the answer concise but complete
    4. introduce any additional table formatting if strictly necessary for the answer.
    5. If the result is a table, summarize the key findings
    6. Do NOT make up any numbers - only use what's in the result
    7. Format currency values with appropriate symbols when relevant

    Answer:

--- FINAL ANSWER ---
Here is the answer to the user's question:

Bright Legal has 1 invoice issued in February 2024. The details are as follows:

| Invoice ID | Status | Currency |
| --- | --- | --- |
| I1002 | Overdue | €EUR |

The invoice is I1002, with a status of "Overdue" and a currency of €EUR.

Status: SUCCESS

================================================================================
[8/15] For invoice I1001, list all line items with service name, quantity, unit price, tax rate, and compute the line total (including tax) for each.
================================================================================

--- STAGE 1 PROMPT ---
You are a Python data analyst. Write Pandas code to answer questions about business data.

    ## Available DataFrames:
    - clients_df: [client_id (string), client_name (string), industry (string), country (string)]
- invoices_df: [invoice_id (string), client_id (string), invoice_date (datetime), due_date (datetime), status (string), currency (string), fx_rate_to_usd (float)]
- line_items_df: [line_id (string), invoice_id (string), service_name (string), quantity (int), unit_price (int), tax_rate (float)]

    ## Key Relationships:
    - clients_df.client_id links to invoices_df.client_id
    - invoices_df.invoice_id links to line_items_df.invoice_id

    ## Important Notes:
    - invoice_date and due_date are datetime objects (use .dt accessor for year, month, etc.)
    - tax_rate is a decimal (e.g., 0.2 means 20%)
    - Line total with tax = quantity * unit_price * (1 + tax_rate)
    - Month reference: January=1, February=2, March=3, April=4, May=5, June=6, July=7, August=8, September=9, October=10, November=11, December=12
    - European countries in data: UK, Germany, Netherlands, Norway, Switzerland, France, Spain, Ireland, Portugal
    - To compare dates: use pd.Timestamp('2024-12-31') for date comparisons
    - datetime is already available (no import needed)
    - DO NOT use import statements - pd, np, datetime are pre-provided

    ## Examples:

    Q: List all clients from Germany
    Code: clients_df[clients_df['country'] == 'Germany'][['client_name', 'industry']]

    Q: Count invoices per client
    Code: invoices_df.merge(clients_df, on='client_id').groupby('client_name')['invoice_id'].count()

    Q: Top 2 clients by total billed amount (with tax)
    Code: line_items_df.assign(total=lambda x: x['quantity'] * x['unit_price'] * (1 + x['tax_rate'])).merge(invoices_df, on='invoice_id').merge(clients_df, on='client_id').groupby('client_name')['total'].sum().nlargest(2)
    
        ## Sample Data:
        clients_df sample:
client_id  client_name      industry country
     C001    Acme Corp Manufacturing     USA
     C002 Bright Legal         Legal      UK

invoices_df sample:
invoice_id client_id invoice_date   due_date  status currency  fx_rate_to_usd
     I1001      C001   2024-01-10 2024-02-10    Paid      USD             1.0
     I1002      C002   2024-02-15 2024-03-15 Overdue      EUR             1.1

line_items_df sample:
line_id invoice_id     service_name  quantity  unit_price  tax_rate
   L001      I1001 Court Appearance         1         500       0.2
   L002      I1001     M&A Advisory         2         200       0.0
        
    ## Question:
    For invoice I1001, list all line items with service name, quantity, unit price, tax rate, and compute the line total (including tax) for each.

    ## Instructions:
    1. Use ONLY: clients_df, invoices_df, line_items_df
    2. Use exact column names from schema
    3. NO import statements (pd, np, datetime are available)
    4. NO print statements - the last line must be an expression that returns the answer
    5. Output ONLY Python code, no explanations or markdown

    Code:

--- STAGE 1 GENERATED CODE ---
line_items_df[line_items_df['invoice_id'] == 'I1001'][['service_name','quantity','unit_price','tax_rate']].assign(line_total=lambda x: x['quantity'] * x['unit_price'] * (1 + x['tax_rate']))

--- EXECUTION RESULT ---
DataFrame with 3 rows:
    service_name  quantity  unit_price  tax_rate  line_total
Court Appearance         1         500       0.2       600.0
    M&A Advisory         2         200       0.0       400.0
Court Appearance         5         300       0.0      1500.0

--- STAGE 2 PROMPT ---
You are a professional data analyst assistant. Based on the data query result below, provide a clear and concise answer to the user's question.

    ## User Question:
    For invoice I1001, list all line items with service name, quantity, unit price, tax rate, and compute the line total (including tax) for each.

    ## Query Result:
    DataFrame with 3 rows:
    service_name  quantity  unit_price  tax_rate  line_total
Court Appearance         1         500       0.2       600.0
    M&A Advisory         2         200       0.0       400.0
Court Appearance         5         300       0.0      1500.0

    ## Instructions:
    1. Answer the question directly using the data provided
    2. Include specific numbers/values from the result
    3. Keep the answer concise but complete
    4. introduce any additional table formatting if strictly necessary for the answer.
    5. If the result is a table, summarize the key findings
    6. Do NOT make up any numbers - only use what's in the result
    7. Format currency values with appropriate symbols when relevant

    Answer:

--- FINAL ANSWER ---
For invoice I1001, the line items are as follows:

| Service Name      | Quantity | Unit Price ($) | Tax Rate (%) | Line Total ($) |
|-------------------|----------|----------------|--------------|----------------|
| Court Appearance  | 1        | 500            | 20           | 600.0          |
| M&A Advisory      | 2        | 200            | 0            | 400.0          |
| Court Appearance  | 5        | 300            | 0            | 1500.0         |

The key findings are that there are three line items for invoice I1001, with a total of two distinct services: "Court Appearance" and "M&A Advisory". The line totals, including tax, range from $400 to $1500. 

To summarize: 
- The first "Court Appearance" service has 1 quantity, $500 unit price, 20% tax rate, and $600 line total.
- The "M&A Advisory" service has 2 quantities, $200 unit price, 0% tax rate, and $400 line total.
- The second "Court Appearance" service has 5 quantities, $300 unit price, 0% tax rate, and $1500 line total.

Status: SUCCESS

================================================================================
[9/15] For each client, compute the total amount billed in 2024 (including tax) across all their invoices.
================================================================================

--- STAGE 1 PROMPT ---
You are a Python data analyst. Write Pandas code to answer questions about business data.

    ## Available DataFrames:
    - clients_df: [client_id (string), client_name (string), industry (string), country (string)]
- invoices_df: [invoice_id (string), client_id (string), invoice_date (datetime), due_date (datetime), status (string), currency (string), fx_rate_to_usd (float)]
- line_items_df: [line_id (string), invoice_id (string), service_name (string), quantity (int), unit_price (int), tax_rate (float)]

    ## Key Relationships:
    - clients_df.client_id links to invoices_df.client_id
    - invoices_df.invoice_id links to line_items_df.invoice_id

    ## Important Notes:
    - invoice_date and due_date are datetime objects (use .dt accessor for year, month, etc.)
    - tax_rate is a decimal (e.g., 0.2 means 20%)
    - Line total with tax = quantity * unit_price * (1 + tax_rate)
    - Month reference: January=1, February=2, March=3, April=4, May=5, June=6, July=7, August=8, September=9, October=10, November=11, December=12
    - European countries in data: UK, Germany, Netherlands, Norway, Switzerland, France, Spain, Ireland, Portugal
    - To compare dates: use pd.Timestamp('2024-12-31') for date comparisons
    - datetime is already available (no import needed)
    - DO NOT use import statements - pd, np, datetime are pre-provided

    ## Examples:

    Q: List all clients from Germany
    Code: clients_df[clients_df['country'] == 'Germany'][['client_name', 'industry']]

    Q: Count invoices per client
    Code: invoices_df.merge(clients_df, on='client_id').groupby('client_name')['invoice_id'].count()

    Q: Top 2 clients by total billed amount (with tax)
    Code: line_items_df.assign(total=lambda x: x['quantity'] * x['unit_price'] * (1 + x['tax_rate'])).merge(invoices_df, on='invoice_id').merge(clients_df, on='client_id').groupby('client_name')['total'].sum().nlargest(2)
    
        ## Sample Data:
        clients_df sample:
client_id  client_name      industry country
     C001    Acme Corp Manufacturing     USA
     C002 Bright Legal         Legal      UK

invoices_df sample:
invoice_id client_id invoice_date   due_date  status currency  fx_rate_to_usd
     I1001      C001   2024-01-10 2024-02-10    Paid      USD             1.0
     I1002      C002   2024-02-15 2024-03-15 Overdue      EUR             1.1

line_items_df sample:
line_id invoice_id     service_name  quantity  unit_price  tax_rate
   L001      I1001 Court Appearance         1         500       0.2
   L002      I1001     M&A Advisory         2         200       0.0
        
    ## Question:
    For each client, compute the total amount billed in 2024 (including tax) across all their invoices.

    ## Instructions:
    1. Use ONLY: clients_df, invoices_df, line_items_df
    2. Use exact column names from schema
    3. NO import statements (pd, np, datetime are available)
    4. NO print statements - the last line must be an expression that returns the answer
    5. Output ONLY Python code, no explanations or markdown

    Code:

--- STAGE 1 GENERATED CODE ---
line_items_df.assign(total=lambda x: x['quantity'] * x['unit_price'] * (1 + x['tax_rate']))\
    .merge(invoices_df[invoices_df['invoice_date'].dt.year == 2024][['invoice_id', 'client_id']], on='invoice_id')\
    .merge(clients_df[['client_id', 'client_name']], on='client_id')\
    .groupby('client_name')['total'].sum()

--- EXECUTION RESULT ---
Series with 20 items:
client_name
Acme Corp              6830.0
Alpine Hospitality     3398.5
Aurora Textiles        5104.0
BlueSky Consulting     5757.5
Bright Legal           3590.0
Crescent Pharma        2401.5
GreenField Retail      3287.5
Harbor Insurance       3487.5
Metro Transport        3310.0
Northwind Logistics    2426.5
Nova Health            3696.0
Orion Security         4062.5
Pacific Foods          2037.5
Prairie Agriculture    2051.5
RedRock Energy         5506.0
Silverline Media       3830.0
Summit Finance         2582.0
Urban Tech             2632.0
Vertex Analytics       6106.0
Zenith Education       5407.5

--- STAGE 2 PROMPT ---
You are a professional data analyst assistant. Based on the data query result below, provide a clear and concise answer to the user's question.

    ## User Question:
    For each client, compute the total amount billed in 2024 (including tax) across all their invoices.

    ## Query Result:
    Series with 20 items:
client_name
Acme Corp              6830.0
Alpine Hospitality     3398.5
Aurora Textiles        5104.0
BlueSky Consulting     5757.5
Bright Legal           3590.0
Crescent Pharma        2401.5
GreenField Retail      3287.5
Harbor Insurance       3487.5
Metro Transport        3310.0
Northwind Logistics    2426.5
Nova Health            3696.0
Orion Security         4062.5
Pacific Foods          2037.5
Prairie Agriculture    2051.5
RedRock Energy         5506.0
Silverline Media       3830.0
Summit Finance         2582.0
Urban Tech             2632.0
Vertex Analytics       6106.0
Zenith Education       5407.5

    ## Instructions:
    1. Answer the question directly using the data provided
    2. Include specific numbers/values from the result
    3. Keep the answer concise but complete
    4. introduce any additional table formatting if strictly necessary for the answer.
    5. If the result is a table, summarize the key findings
    6. Do NOT make up any numbers - only use what's in the result
    7. Format currency values with appropriate symbols when relevant

    Answer:

--- FINAL ANSWER ---
The total amount billed in 2024 (including tax) for each client is as follows:

| Client Name                | Total Amount Billed ($) |
| :------------------------- | :----------------------- |
| Acme Corp                  | 6,830.0                  |
| Alpine Hospitality        | 3,398.5                  |
| Aurora Textiles           | 5,104.0                  |
| BlueSky Consulting        | 5,757.5                  |
| Bright Legal              | 3,590.0                  |
| Crescent Pharma           | 2,401.5                  |
| GreenField Retail         | 3,287.5                  |
| Harbor Insurance          | 3,487.5                  |
| Metro Transport           | 3,310.0                  |
| Northwind Logistics       | 2,426.5                  |
| Nova Health               | 3,696.0                  |
| Orion Security            | 4,062.5                  |
| Pacific Foods             | 2,037.5                  |
| Prairie Agriculture      | 2,051.5                  |
| RedRock Energy            | 5,506.0                  |
| Silverline Media          | 3,830.0                  |
| Summit Finance            | 2,582.0                  |
| Urban Tech                | 2,632.0                  |
| Vertex Analytics         | 6,106.0                  |
| Zenith Education         | 5,407.5                  |

Key findings:
- The top 3 clients with the highest total amount billed are Vertex Analytics ($6,106.0), Acme Corp ($6,830.0), and Zenith Education ($5,407.5).
- The total amount billed varies significantly across clients, ranging from $2,037.5 (Pacific Foods) to $6,830.0 (Acme Corp).

Status: SUCCESS

================================================================================
[10/15] Which client has the highest total billed amount in 2024, and what is that total?
================================================================================

--- STAGE 1 PROMPT ---
You are a Python data analyst. Write Pandas code to answer questions about business data.

    ## Available DataFrames:
    - clients_df: [client_id (string), client_name (string), industry (string), country (string)]
- invoices_df: [invoice_id (string), client_id (string), invoice_date (datetime), due_date (datetime), status (string), currency (string), fx_rate_to_usd (float)]
- line_items_df: [line_id (string), invoice_id (string), service_name (string), quantity (int), unit_price (int), tax_rate (float)]

    ## Key Relationships:
    - clients_df.client_id links to invoices_df.client_id
    - invoices_df.invoice_id links to line_items_df.invoice_id

    ## Important Notes:
    - invoice_date and due_date are datetime objects (use .dt accessor for year, month, etc.)
    - tax_rate is a decimal (e.g., 0.2 means 20%)
    - Line total with tax = quantity * unit_price * (1 + tax_rate)
    - Month reference: January=1, February=2, March=3, April=4, May=5, June=6, July=7, August=8, September=9, October=10, November=11, December=12
    - European countries in data: UK, Germany, Netherlands, Norway, Switzerland, France, Spain, Ireland, Portugal
    - To compare dates: use pd.Timestamp('2024-12-31') for date comparisons
    - datetime is already available (no import needed)
    - DO NOT use import statements - pd, np, datetime are pre-provided

    ## Examples:

    Q: List all clients from Germany
    Code: clients_df[clients_df['country'] == 'Germany'][['client_name', 'industry']]

    Q: Count invoices per client
    Code: invoices_df.merge(clients_df, on='client_id').groupby('client_name')['invoice_id'].count()

    Q: Top 2 clients by total billed amount (with tax)
    Code: line_items_df.assign(total=lambda x: x['quantity'] * x['unit_price'] * (1 + x['tax_rate'])).merge(invoices_df, on='invoice_id').merge(clients_df, on='client_id').groupby('client_name')['total'].sum().nlargest(2)
    
        ## Sample Data:
        clients_df sample:
client_id  client_name      industry country
     C001    Acme Corp Manufacturing     USA
     C002 Bright Legal         Legal      UK

invoices_df sample:
invoice_id client_id invoice_date   due_date  status currency  fx_rate_to_usd
     I1001      C001   2024-01-10 2024-02-10    Paid      USD             1.0
     I1002      C002   2024-02-15 2024-03-15 Overdue      EUR             1.1

line_items_df sample:
line_id invoice_id     service_name  quantity  unit_price  tax_rate
   L001      I1001 Court Appearance         1         500       0.2
   L002      I1001     M&A Advisory         2         200       0.0
        
    ## Question:
    Which client has the highest total billed amount in 2024, and what is that total?

    ## Instructions:
    1. Use ONLY: clients_df, invoices_df, line_items_df
    2. Use exact column names from schema
    3. NO import statements (pd, np, datetime are available)
    4. NO print statements - the last line must be an expression that returns the answer
    5. Output ONLY Python code, no explanations or markdown

    Code:

--- STAGE 1 GENERATED CODE ---
filtered_invoices = invoices_df[invoices_df['invoice_date'].dt.year == 2024]
line_totals = line_items_df.assign(total=lambda x: x['quantity'] * x['unit_price'] * (1 + x['tax_rate']))
merged = line_totals.merge(filtered_invoices, on='invoice_id').merge(clients_df, on='client_id')
merged = merged.assign(total_usd=lambda x: x['total'] * x['fx_rate_to_usd'])
grouped = merged.groupby('client_name')['total_usd'].sum()
client = grouped.idxmax()
total = grouped.max()
(client, total)

--- EXECUTION RESULT ---
('Acme Corp', np.float64(6830.0))

--- STAGE 2 PROMPT ---
You are a professional data analyst assistant. Based on the data query result below, provide a clear and concise answer to the user's question.

    ## User Question:
    Which client has the highest total billed amount in 2024, and what is that total?

    ## Query Result:
    ('Acme Corp', np.float64(6830.0))

    ## Instructions:
    1. Answer the question directly using the data provided
    2. Include specific numbers/values from the result
    3. Keep the answer concise but complete
    4. introduce any additional table formatting if strictly necessary for the answer.
    5. If the result is a table, summarize the key findings
    6. Do NOT make up any numbers - only use what's in the result
    7. Format currency values with appropriate symbols when relevant

    Answer:

--- FINAL ANSWER ---
The client with the highest total billed amount in 2024 is Acme Corp, with a total of $6,830.00.

Status: SUCCESS

================================================================================
[11/15] Across all clients, which three services generated the most revenue in 2024? Show the total revenue per service.
================================================================================

--- STAGE 1 PROMPT ---
You are a Python data analyst. Write Pandas code to answer questions about business data.

    ## Available DataFrames:
    - clients_df: [client_id (string), client_name (string), industry (string), country (string)]
- invoices_df: [invoice_id (string), client_id (string), invoice_date (datetime), due_date (datetime), status (string), currency (string), fx_rate_to_usd (float)]
- line_items_df: [line_id (string), invoice_id (string), service_name (string), quantity (int), unit_price (int), tax_rate (float)]

    ## Key Relationships:
    - clients_df.client_id links to invoices_df.client_id
    - invoices_df.invoice_id links to line_items_df.invoice_id

    ## Important Notes:
    - invoice_date and due_date are datetime objects (use .dt accessor for year, month, etc.)
    - tax_rate is a decimal (e.g., 0.2 means 20%)
    - Line total with tax = quantity * unit_price * (1 + tax_rate)
    - Month reference: January=1, February=2, March=3, April=4, May=5, June=6, July=7, August=8, September=9, October=10, November=11, December=12
    - European countries in data: UK, Germany, Netherlands, Norway, Switzerland, France, Spain, Ireland, Portugal
    - To compare dates: use pd.Timestamp('2024-12-31') for date comparisons
    - datetime is already available (no import needed)
    - DO NOT use import statements - pd, np, datetime are pre-provided

    ## Examples:

    Q: List all clients from Germany
    Code: clients_df[clients_df['country'] == 'Germany'][['client_name', 'industry']]

    Q: Count invoices per client
    Code: invoices_df.merge(clients_df, on='client_id').groupby('client_name')['invoice_id'].count()

    Q: Top 2 clients by total billed amount (with tax)
    Code: line_items_df.assign(total=lambda x: x['quantity'] * x['unit_price'] * (1 + x['tax_rate'])).merge(invoices_df, on='invoice_id').merge(clients_df, on='client_id').groupby('client_name')['total'].sum().nlargest(2)
    
        ## Sample Data:
        clients_df sample:
client_id  client_name      industry country
     C001    Acme Corp Manufacturing     USA
     C002 Bright Legal         Legal      UK

invoices_df sample:
invoice_id client_id invoice_date   due_date  status currency  fx_rate_to_usd
     I1001      C001   2024-01-10 2024-02-10    Paid      USD             1.0
     I1002      C002   2024-02-15 2024-03-15 Overdue      EUR             1.1

line_items_df sample:
line_id invoice_id     service_name  quantity  unit_price  tax_rate
   L001      I1001 Court Appearance         1         500       0.2
   L002      I1001     M&A Advisory         2         200       0.0
        
    ## Question:
    Across all clients, which three services generated the most revenue in 2024? Show the total revenue per service.

    ## Instructions:
    1. Use ONLY: clients_df, invoices_df, line_items_df
    2. Use exact column names from schema
    3. NO import statements (pd, np, datetime are available)
    4. NO print statements - the last line must be an expression that returns the answer
    5. Output ONLY Python code, no explanations or markdown

    Code:

--- STAGE 1 GENERATED CODE ---
invoices_2024 = invoices_df[invoices_df['invoice_date'].dt.year == 2024]
(line_items_df.assign(total=lambda x: x['quantity'] * x['unit_price'] * (1 + x['tax_rate']))
 .merge(invoices_2024, on='invoice_id')
 .assign(total_usd=lambda x: x['total'] * x['fx_rate_to_usd'])
 .groupby('service_name')['total_usd'].sum()
 .nlargest(3))

--- EXECUTION RESULT ---
Series with 3 items:
service_name
Court Appearance    11369.10
M&A Advisory        10712.59
Custom Reporting     9340.00

--- STAGE 2 PROMPT ---
You are a professional data analyst assistant. Based on the data query result below, provide a clear and concise answer to the user's question.

    ## User Question:
    Across all clients, which three services generated the most revenue in 2024? Show the total revenue per service.

    ## Query Result:
    Series with 3 items:
service_name
Court Appearance    11369.10
M&A Advisory        10712.59
Custom Reporting     9340.00

    ## Instructions:
    1. Answer the question directly using the data provided
    2. Include specific numbers/values from the result
    3. Keep the answer concise but complete
    4. introduce any additional table formatting if strictly necessary for the answer.
    5. If the result is a table, summarize the key findings
    6. Do NOT make up any numbers - only use what's in the result
    7. Format currency values with appropriate symbols when relevant

    Answer:

--- FINAL ANSWER ---
The top three services generating the most revenue in 2024 were Court Appearance, M&A Advisory, and Custom Reporting, with total revenues of $11,369.10, $10,712.59, and $9,340.00, respectively.

| Rank | Service Name        | Total Revenue |
|------|---------------------|---------------|
| 1    | Court Appearance    | $11,369.10    |
| 2    | M&A Advisory        | $10,712.59    |
| 3    | Custom Reporting    | $9,340.00     |

These three services represent the highest revenue-generating services across all clients in 2024.

Status: SUCCESS

================================================================================
[12/15] Which invoices are overdue as of 2024-12-31? List invoice ID, client name, invoice_date, due_date, and status.
================================================================================

--- STAGE 1 PROMPT ---
You are a Python data analyst. Write Pandas code to answer questions about business data.

    ## Available DataFrames:
    - clients_df: [client_id (string), client_name (string), industry (string), country (string)]
- invoices_df: [invoice_id (string), client_id (string), invoice_date (datetime), due_date (datetime), status (string), currency (string), fx_rate_to_usd (float)]
- line_items_df: [line_id (string), invoice_id (string), service_name (string), quantity (int), unit_price (int), tax_rate (float)]

    ## Key Relationships:
    - clients_df.client_id links to invoices_df.client_id
    - invoices_df.invoice_id links to line_items_df.invoice_id

    ## Important Notes:
    - invoice_date and due_date are datetime objects (use .dt accessor for year, month, etc.)
    - tax_rate is a decimal (e.g., 0.2 means 20%)
    - Line total with tax = quantity * unit_price * (1 + tax_rate)
    - Month reference: January=1, February=2, March=3, April=4, May=5, June=6, July=7, August=8, September=9, October=10, November=11, December=12
    - European countries in data: UK, Germany, Netherlands, Norway, Switzerland, France, Spain, Ireland, Portugal
    - To compare dates: use pd.Timestamp('2024-12-31') for date comparisons
    - datetime is already available (no import needed)
    - DO NOT use import statements - pd, np, datetime are pre-provided

    ## Examples:

    Q: List all clients from Germany
    Code: clients_df[clients_df['country'] == 'Germany'][['client_name', 'industry']]

    Q: Count invoices per client
    Code: invoices_df.merge(clients_df, on='client_id').groupby('client_name')['invoice_id'].count()

    Q: Top 2 clients by total billed amount (with tax)
    Code: line_items_df.assign(total=lambda x: x['quantity'] * x['unit_price'] * (1 + x['tax_rate'])).merge(invoices_df, on='invoice_id').merge(clients_df, on='client_id').groupby('client_name')['total'].sum().nlargest(2)
    
        ## Sample Data:
        clients_df sample:
client_id  client_name      industry country
     C001    Acme Corp Manufacturing     USA
     C002 Bright Legal         Legal      UK

invoices_df sample:
invoice_id client_id invoice_date   due_date  status currency  fx_rate_to_usd
     I1001      C001   2024-01-10 2024-02-10    Paid      USD             1.0
     I1002      C002   2024-02-15 2024-03-15 Overdue      EUR             1.1

line_items_df sample:
line_id invoice_id     service_name  quantity  unit_price  tax_rate
   L001      I1001 Court Appearance         1         500       0.2
   L002      I1001     M&A Advisory         2         200       0.0
        
    ## Question:
    Which invoices are overdue as of 2024-12-31? List invoice ID, client name, invoice_date, due_date, and status.

    ## Instructions:
    1. Use ONLY: clients_df, invoices_df, line_items_df
    2. Use exact column names from schema
    3. NO import statements (pd, np, datetime are available)
    4. NO print statements - the last line must be an expression that returns the answer
    5. Output ONLY Python code, no explanations or markdown

    Code:

--- STAGE 1 GENERATED CODE ---
overdue_invoices = (
    invoices_df.loc[
        (invoices_df

--- ERROR ---
Syntax error: unexpected EOF while parsing (<unknown>, line 3)

--- FINAL ANSWER ---
We couldn't process your question about overdue invoices as of 2024-12-31 due to a technical error. The issue seems to be a syntax error, possibly caused by a missing or mismatched element in the query. Try rephrasing your question or checking the query for any missing or extra characters.

Status: FAILED

================================================================================
[13/15] Group revenue by client country: for each country, compute the total billed amount in 2024 (including tax).
================================================================================

--- STAGE 1 PROMPT ---
You are a Python data analyst. Write Pandas code to answer questions about business data.

    ## Available DataFrames:
    - clients_df: [client_id (string), client_name (string), industry (string), country (string)]
- invoices_df: [invoice_id (string), client_id (string), invoice_date (datetime), due_date (datetime), status (string), currency (string), fx_rate_to_usd (float)]
- line_items_df: [line_id (string), invoice_id (string), service_name (string), quantity (int), unit_price (int), tax_rate (float)]

    ## Key Relationships:
    - clients_df.client_id links to invoices_df.client_id
    - invoices_df.invoice_id links to line_items_df.invoice_id

    ## Important Notes:
    - invoice_date and due_date are datetime objects (use .dt accessor for year, month, etc.)
    - tax_rate is a decimal (e.g., 0.2 means 20%)
    - Line total with tax = quantity * unit_price * (1 + tax_rate)
    - Month reference: January=1, February=2, March=3, April=4, May=5, June=6, July=7, August=8, September=9, October=10, November=11, December=12
    - European countries in data: UK, Germany, Netherlands, Norway, Switzerland, France, Spain, Ireland, Portugal
    - To compare dates: use pd.Timestamp('2024-12-31') for date comparisons
    - datetime is already available (no import needed)
    - DO NOT use import statements - pd, np, datetime are pre-provided

    ## Examples:

    Q: List all clients from Germany
    Code: clients_df[clients_df['country'] == 'Germany'][['client_name', 'industry']]

    Q: Count invoices per client
    Code: invoices_df.merge(clients_df, on='client_id').groupby('client_name')['invoice_id'].count()

    Q: Top 2 clients by total billed amount (with tax)
    Code: line_items_df.assign(total=lambda x: x['quantity'] * x['unit_price'] * (1 + x['tax_rate'])).merge(invoices_df, on='invoice_id').merge(clients_df, on='client_id').groupby('client_name')['total'].sum().nlargest(2)
    
        ## Sample Data:
        clients_df sample:
client_id  client_name      industry country
     C001    Acme Corp Manufacturing     USA
     C002 Bright Legal         Legal      UK

invoices_df sample:
invoice_id client_id invoice_date   due_date  status currency  fx_rate_to_usd
     I1001      C001   2024-01-10 2024-02-10    Paid      USD             1.0
     I1002      C002   2024-02-15 2024-03-15 Overdue      EUR             1.1

line_items_df sample:
line_id invoice_id     service_name  quantity  unit_price  tax_rate
   L001      I1001 Court Appearance         1         500       0.2
   L002      I1001     M&A Advisory         2         200       0.0
        
    ## Question:
    Group revenue by client country: for each country, compute the total billed amount in 2024 (including tax).

    ## Instructions:
    1. Use ONLY: clients_df, invoices_df, line_items_df
    2. Use exact column names from schema
    3. NO import statements (pd, np, datetime are available)
    4. NO print statements - the last line must be an expression that returns the answer
    5. Output ONLY Python code, no explanations or markdown

    Code:

--- STAGE 1 GENERATED CODE ---
line_items_df.assign(total=lambda x: x['quantity'] * x['unit_price'] * (1 + x['tax_rate']))\
    .merge(invoices_df, on='invoice_id')\
    .merge(clients_df, on='client_id')\
    .loc[lambda df: df['invoice_date'].dt.year == 2024]\
    .assign(amount_usd=lambda df: df['total'] * df['fx_rate_to_usd'])\
    .groupby('country')['amount_usd'].sum()

--- EXECUTION RESULT ---
Series with 15 items:
country
Australia       3892.225
Brazil           389.785
Canada          1829.690
France          4404.500
Germany         3583.375
India             28.818
Ireland         6106.000
Netherlands     2938.440
New Zealand     1257.475
Norway           526.296
Portugal        5433.835
Spain           3641.000
Switzerland     3791.560
UK              8792.000
USA            22003.000

--- STAGE 2 PROMPT ---
You are a professional data analyst assistant. Based on the data query result below, provide a clear and concise answer to the user's question.

    ## User Question:
    Group revenue by client country: for each country, compute the total billed amount in 2024 (including tax).

    ## Query Result:
    Series with 15 items:
country
Australia       3892.225
Brazil           389.785
Canada          1829.690
France          4404.500
Germany         3583.375
India             28.818
Ireland         6106.000
Netherlands     2938.440
New Zealand     1257.475
Norway           526.296
Portugal        5433.835
Spain           3641.000
Switzerland     3791.560
UK              8792.000
USA            22003.000

    ## Instructions:
    1. Answer the question directly using the data provided
    2. Include specific numbers/values from the result
    3. Keep the answer concise but complete
    4. introduce any additional table formatting if strictly necessary for the answer.
    5. If the result is a table, summarize the key findings
    6. Do NOT make up any numbers - only use what's in the result
    7. Format currency values with appropriate symbols when relevant

    Answer:

--- FINAL ANSWER ---
The total billed amount in 2024 (including tax) grouped by client country is as follows:

| Country        | Total Billed Amount ($) |
| :------------- | :---------------------- |
| Australia      | 3,892.23                |
| Brazil         | 389.79                  |
| Canada         | 1,829.69                |
| France         | 4,404.50                |
| Germany        | 3,583.38                |
| India          | 28.82                   |
| Ireland        | 6,106.00                |
| Netherlands    | 2,938.44                |
| New Zealand    | 1,257.48                |
| Norway         | 526.30                  |
| Portugal       | 5,433.84                |
| Spain          | 3,641.00                |
| Switzerland    | 3,791.56                |
| UK             | 8,792.00                |
| USA            | 22,003.00               |

Key findings:
- The top 3 countries by total billed amount are the USA ($22,003.00), UK ($8,792.00), and Ireland ($6,106.00).
- The countries with the lowest total billed amounts are India ($28.82), Brazil ($389.79), and Norway ($526.30).

Status: SUCCESS

================================================================================
[14/15] For the service 'Contract Review', list all clients who purchased it and the total amount they paid for that service (including tax).
================================================================================

--- STAGE 1 PROMPT ---
You are a Python data analyst. Write Pandas code to answer questions about business data.

    ## Available DataFrames:
    - clients_df: [client_id (string), client_name (string), industry (string), country (string)]
- invoices_df: [invoice_id (string), client_id (string), invoice_date (datetime), due_date (datetime), status (string), currency (string), fx_rate_to_usd (float)]
- line_items_df: [line_id (string), invoice_id (string), service_name (string), quantity (int), unit_price (int), tax_rate (float)]

    ## Key Relationships:
    - clients_df.client_id links to invoices_df.client_id
    - invoices_df.invoice_id links to line_items_df.invoice_id

    ## Important Notes:
    - invoice_date and due_date are datetime objects (use .dt accessor for year, month, etc.)
    - tax_rate is a decimal (e.g., 0.2 means 20%)
    - Line total with tax = quantity * unit_price * (1 + tax_rate)
    - Month reference: January=1, February=2, March=3, April=4, May=5, June=6, July=7, August=8, September=9, October=10, November=11, December=12
    - European countries in data: UK, Germany, Netherlands, Norway, Switzerland, France, Spain, Ireland, Portugal
    - To compare dates: use pd.Timestamp('2024-12-31') for date comparisons
    - datetime is already available (no import needed)
    - DO NOT use import statements - pd, np, datetime are pre-provided

    ## Examples:

    Q: List all clients from Germany
    Code: clients_df[clients_df['country'] == 'Germany'][['client_name', 'industry']]

    Q: Count invoices per client
    Code: invoices_df.merge(clients_df, on='client_id').groupby('client_name')['invoice_id'].count()

    Q: Top 2 clients by total billed amount (with tax)
    Code: line_items_df.assign(total=lambda x: x['quantity'] * x['unit_price'] * (1 + x['tax_rate'])).merge(invoices_df, on='invoice_id').merge(clients_df, on='client_id').groupby('client_name')['total'].sum().nlargest(2)
    
        ## Sample Data:
        clients_df sample:
client_id  client_name      industry country
     C001    Acme Corp Manufacturing     USA
     C002 Bright Legal         Legal      UK

invoices_df sample:
invoice_id client_id invoice_date   due_date  status currency  fx_rate_to_usd
     I1001      C001   2024-01-10 2024-02-10    Paid      USD             1.0
     I1002      C002   2024-02-15 2024-03-15 Overdue      EUR             1.1

line_items_df sample:
line_id invoice_id     service_name  quantity  unit_price  tax_rate
   L001      I1001 Court Appearance         1         500       0.2
   L002      I1001     M&A Advisory         2         200       0.0
        
    ## Question:
    For the service 'Contract Review', list all clients who purchased it and the total amount they paid for that service (including tax).

    ## Instructions:
    1. Use ONLY: clients_df, invoices_df, line_items_df
    2. Use exact column names from schema
    3. NO import statements (pd, np, datetime are available)
    4. NO print statements - the last line must be an expression that returns the answer
    5. Output ONLY Python code, no explanations or markdown

    Code:

--- STAGE 1 GENERATED CODE ---
line_items_df.assign(total=lambda x: x['quantity'] * x['unit_price'] * (1 + x['tax_rate']))\
    .query("service_name == 'Contract Review'")\
    .merge(invoices_df[['invoice_id', 'client_id']], on='invoice_id')\
    .merge(clients_df[['client_id', 'client_name']], on='client_id')\
    .groupby('client_name', as_index=False)['total'].sum()

--- EXECUTION RESULT ---
DataFrame with 10 rows:
        client_name  total
    Aurora Textiles 2200.0
 BlueSky Consulting  907.5
       Bright Legal  220.0
        Nova Health  360.0
     Orion Security 1812.5
      Pacific Foods  800.0
Prairie Agriculture  181.5
   Silverline Media  220.0
     Summit Finance  600.0
   Zenith Education  600.0

--- STAGE 2 PROMPT ---
You are a professional data analyst assistant. Based on the data query result below, provide a clear and concise answer to the user's question.

    ## User Question:
    For the service 'Contract Review', list all clients who purchased it and the total amount they paid for that service (including tax).

    ## Query Result:
    DataFrame with 10 rows:
        client_name  total
    Aurora Textiles 2200.0
 BlueSky Consulting  907.5
       Bright Legal  220.0
        Nova Health  360.0
     Orion Security 1812.5
      Pacific Foods  800.0
Prairie Agriculture  181.5
   Silverline Media  220.0
     Summit Finance  600.0
   Zenith Education  600.0

    ## Instructions:
    1. Answer the question directly using the data provided
    2. Include specific numbers/values from the result
    3. Keep the answer concise but complete
    4. introduce any additional table formatting if strictly necessary for the answer.
    5. If the result is a table, summarize the key findings
    6. Do NOT make up any numbers - only use what's in the result
    7. Format currency values with appropriate symbols when relevant

    Answer:

--- FINAL ANSWER ---
The clients who purchased the 'Contract Review' service and the total amount they paid for that service (including tax) are as follows:

| Client Name | Total Amount Paid |
| --- | --- |
| Aurora Textiles | $2,200.00 |
| BlueSky Consulting | $907.50 |
| Bright Legal | $220.00 |
| Nova Health | $360.00 |
| Orion Security | $1,812.50 |
| Pacific Foods | $800.00 |
| Prairie Agriculture | $181.50 |
| Silverline Media | $220.00 |
| Summit Finance | $600.00 |
| Zenith Education | $600.00 |

The total amounts paid range from $181.50 to $2,200.00, with 10 clients having purchased the 'Contract Review' service.

Status: SUCCESS

================================================================================
[15/15] Considering only European clients, what are the top 3 services by total revenue (including tax) in H2 2024 (2024-07-01 to 2024-12-31)?
================================================================================

--- STAGE 1 PROMPT ---
You are a Python data analyst. Write Pandas code to answer questions about business data.

    ## Available DataFrames:
    - clients_df: [client_id (string), client_name (string), industry (string), country (string)]
- invoices_df: [invoice_id (string), client_id (string), invoice_date (datetime), due_date (datetime), status (string), currency (string), fx_rate_to_usd (float)]
- line_items_df: [line_id (string), invoice_id (string), service_name (string), quantity (int), unit_price (int), tax_rate (float)]

    ## Key Relationships:
    - clients_df.client_id links to invoices_df.client_id
    - invoices_df.invoice_id links to line_items_df.invoice_id

    ## Important Notes:
    - invoice_date and due_date are datetime objects (use .dt accessor for year, month, etc.)
    - tax_rate is a decimal (e.g., 0.2 means 20%)
    - Line total with tax = quantity * unit_price * (1 + tax_rate)
    - Month reference: January=1, February=2, March=3, April=4, May=5, June=6, July=7, August=8, September=9, October=10, November=11, December=12
    - European countries in data: UK, Germany, Netherlands, Norway, Switzerland, France, Spain, Ireland, Portugal
    - To compare dates: use pd.Timestamp('2024-12-31') for date comparisons
    - datetime is already available (no import needed)
    - DO NOT use import statements - pd, np, datetime are pre-provided

    ## Examples:

    Q: List all clients from Germany
    Code: clients_df[clients_df['country'] == 'Germany'][['client_name', 'industry']]

    Q: Count invoices per client
    Code: invoices_df.merge(clients_df, on='client_id').groupby('client_name')['invoice_id'].count()

    Q: Top 2 clients by total billed amount (with tax)
    Code: line_items_df.assign(total=lambda x: x['quantity'] * x['unit_price'] * (1 + x['tax_rate'])).merge(invoices_df, on='invoice_id').merge(clients_df, on='client_id').groupby('client_name')['total'].sum().nlargest(2)
    
        ## Sample Data:
        clients_df sample:
client_id  client_name      industry country
     C001    Acme Corp Manufacturing     USA
     C002 Bright Legal         Legal      UK

invoices_df sample:
invoice_id client_id invoice_date   due_date  status currency  fx_rate_to_usd
     I1001      C001   2024-01-10 2024-02-10    Paid      USD             1.0
     I1002      C002   2024-02-15 2024-03-15 Overdue      EUR             1.1

line_items_df sample:
line_id invoice_id     service_name  quantity  unit_price  tax_rate
   L001      I1001 Court Appearance         1         500       0.2
   L002      I1001     M&A Advisory         2         200       0.0
        
    ## Question:
    Considering only European clients, what are the top 3 services by total revenue (including tax) in H2 2024 (2024-07-01 to 2024-12-31)?

    ## Instructions:
    1. Use ONLY: clients_df, invoices_df, line_items_df
    2. Use exact column names from schema
    3. NO import statements (pd, np, datetime are available)
    4. NO print statements - the last line must be an expression that returns the answer
    5. Output ONLY Python code, no explanations or markdown

    Code:

--- STAGE 1 GENERATED CODE ---
european_countries = ['UK','Germany','Netherlands','Norway','Switzerland','France','Spain','Ireland','Portugal']
clients_df[clients_df['country'].isin(european_countries)]\
    .merge(invoices_df, on='client_id')\
    .query("invoice_date >= @pd.Timestamp('2024-07-01') and invoice_date <= @pd.Timestamp('2024-12-31')")\
    .merge(line_items_df, on='invoice_id')\
    .assign(line_total=lambda x: x['quantity'] * x['unit_price'] * (1 + x['tax_rate']),
            revenue_usd=lambda x: x['line_total'] * x['fx_rate_to_usd'])\
    .groupby('service_name')['revenue_usd'].sum()\
    .nlargest(3)

--- EXECUTION RESULT ---
Series with 3 items:
service_name
Tax Planning                   5560.60
Regulatory Compliance Audit    4957.26
Contract Review                4531.50

--- STAGE 2 PROMPT ---
You are a professional data analyst assistant. Based on the data query result below, provide a clear and concise answer to the user's question.

    ## User Question:
    Considering only European clients, what are the top 3 services by total revenue (including tax) in H2 2024 (2024-07-01 to 2024-12-31)?

    ## Query Result:
    Series with 3 items:
service_name
Tax Planning                   5560.60
Regulatory Compliance Audit    4957.26
Contract Review                4531.50

    ## Instructions:
    1. Answer the question directly using the data provided
    2. Include specific numbers/values from the result
    3. Keep the answer concise but complete
    4. introduce any additional table formatting if strictly necessary for the answer.
    5. If the result is a table, summarize the key findings
    6. Do NOT make up any numbers - only use what's in the result
    7. Format currency values with appropriate symbols when relevant

    Answer:

--- FINAL ANSWER ---
For European clients in H2 2024, the top 3 services by total revenue (including tax) are:

1. **Tax Planning**: €5,560.60
2. **Regulatory Compliance Audit**: €4,957.26
3. **Contract Review**: €4,531.50

These services represent the highest total revenues for the specified period.

Status: SUCCESS

================================================================================
SUMMARY
================================================================================
Success: 14/15 questions

Results saved to TEST_RESULTS.md
Full log saved to pipeline.log
