Pipeline Test Run - 2025-12-13 16:11:51
================================================================================
Pipeline ready.


================================================================================
[1/15] List all clients with their industries.
================================================================================

--- STAGE 1 PROMPT ---
You are a Python data analyst. Write Pandas code to answer questions about business data.

    ## Available DataFrames:
    - clients_df: [client_id (string), client_name (string), industry (string), country (string)]
- invoices_df: [invoice_id (string), client_id (string), invoice_date (datetime), due_date (datetime), status (string), currency (string), fx_rate_to_usd (float)]
- line_items_df: [line_id (string), invoice_id (string), service_name (string), quantity (int), unit_price (int), tax_rate (float)]

    ## Key Relationships:
    - clients_df.client_id links to invoices_df.client_id
    - invoices_df.invoice_id links to line_items_df.invoice_id

    ## Important Notes:
    - invoice_date and due_date are datetime objects (use .dt accessor for year, month, etc.)
    - tax_rate is a decimal (e.g., 0.2 means 20%)
    - Line total with tax = quantity * unit_price * (1 + tax_rate)
    - Month reference: January=1, February=2, March=3, April=4, May=5, June=6, July=7, August=8, September=9, October=10, November=11, December=12
    - European countries in data: UK, Germany, Netherlands, Norway, Switzerland, France, Spain, Ireland, Portugal
    - To compare dates: use pd.Timestamp('2024-12-31') for date comparisons
    - datetime is already available (no import needed)
    - DO NOT use import statements - pd, np, datetime are pre-provided
    
        ## Sample Data:
        clients_df sample:
client_id  client_name      industry country
     C001    Acme Corp Manufacturing     USA
     C002 Bright Legal         Legal      UK

invoices_df sample:
invoice_id client_id invoice_date   due_date  status currency  fx_rate_to_usd
     I1001      C001   2024-01-10 2024-02-10    Paid      USD             1.0
     I1002      C002   2024-02-15 2024-03-15 Overdue      EUR             1.1

line_items_df sample:
line_id invoice_id     service_name  quantity  unit_price  tax_rate
   L001      I1001 Court Appearance         1         500       0.2
   L002      I1001     M&A Advisory         2         200       0.0
        
    ## Question:
    List all clients with their industries.

    ## Instructions:
    1. Use ONLY: clients_df, invoices_df, line_items_df
    2. Use exact column names from schema
    3. NO import statements (pd, np, datetime are available)
    4. NO print statements - the last line must be an expression that returns the answer
    5. Output ONLY Python code, no explanations or markdown

    Code:

--- STAGE 1 GENERATED CODE ---
clients_df[['client_name', 'industry']]

--- EXECUTION RESULT ---
DataFrame with 20 rows:
        client_name           industry
          Acme Corp      Manufacturing
       Bright Legal              Legal
     Summit Finance Financial Services
  GreenField Retail             Retail
Northwind Logistics          Logistics
 BlueSky Consulting         Consulting
        Nova Health         Healthcare
         Urban Tech         Technology
     RedRock Energy             Energy
   Silverline Media              Media
   Zenith Education          Education
 Alpine Hospitality        Hospitality
     Orion Security           Security
      Pacific Foods    Food & Beverage
    Metro Transport     Transportation
   Vertex Analytics         Technology
   Harbor Insurance          Insurance
    Crescent Pharma    Pharmaceuticals
    Aurora Textiles      Manufacturing
Prairie Agriculture        Agriculture

--- STAGE 2 PROMPT ---
You are a helpful data analyst assistant. Based on the data query result below, provide a clear and concise answer to the user's question.

    ## User Question:
    List all clients with their industries.

    ## Query Result:
    DataFrame with 20 rows:
        client_name           industry
          Acme Corp      Manufacturing
       Bright Legal              Legal
     Summit Finance Financial Services
  GreenField Retail             Retail
Northwind Logistics          Logistics
 BlueSky Consulting         Consulting
        Nova Health         Healthcare
         Urban Tech         Technology
     RedRock Energy             Energy
   Silverline Media              Media
   Zenith Education          Education
 Alpine Hospitality        Hospitality
     Orion Security           Security
      Pacific Foods    Food & Beverage
    Metro Transport     Transportation
   Vertex Analytics         Technology
   Harbor Insurance          Insurance
    Crescent Pharma    Pharmaceuticals
    Aurora Textiles      Manufacturing
Prairie Agriculture        Agriculture

    ## Instructions:
    1. Answer the question directly using the data provided
    2. Include specific numbers/values from the result
    3. Keep the answer concise but complete
    4. If the result is a table, summarize the key findings
    5. Do NOT make up any numbers - only use what's in the result
    6. Format currency values with appropriate symbols when relevant

    Answer:

--- FINAL ANSWER ---
**Clients and Their Industries**

| Client Name          | Industry             |
|----------------------|----------------------|
| Acme Corp            | Manufacturing        |
| Bright Legal         | Legal                |
| Summit Finance       | Financial Services   |
| GreenField Retail    | Retail               |
| Northwind Logistics  | Logistics            |
| BlueSky Consulting   | Consulting           |
| Nova Health          | Healthcare           |
| Urban Tech           | Technology           |
| RedRock Energy       | Energy               |
| Silverline Media     | Media                |
| Zenith Education     | Education            |
| Alpine Hospitality   | Hospitality          |
| Orion Security       | Security             |
| Pacific Foods        | Food & Beverage      |
| Metro Transport      | Transportation       |
| Vertex Analytics     | Technology           |
| Harbor Insurance     | Insurance            |
| Crescent Pharma      | Pharmaceuticals     |
| Aurora Textiles      | Manufacturing        |
| Prairie Agriculture  | Agriculture          |

All 20 clients are represented with their corresponding industry.

Status: SUCCESS

================================================================================
[2/15] Which clients are based in the UK?
================================================================================

--- STAGE 1 PROMPT ---
You are a Python data analyst. Write Pandas code to answer questions about business data.

    ## Available DataFrames:
    - clients_df: [client_id (string), client_name (string), industry (string), country (string)]
- invoices_df: [invoice_id (string), client_id (string), invoice_date (datetime), due_date (datetime), status (string), currency (string), fx_rate_to_usd (float)]
- line_items_df: [line_id (string), invoice_id (string), service_name (string), quantity (int), unit_price (int), tax_rate (float)]

    ## Key Relationships:
    - clients_df.client_id links to invoices_df.client_id
    - invoices_df.invoice_id links to line_items_df.invoice_id

    ## Important Notes:
    - invoice_date and due_date are datetime objects (use .dt accessor for year, month, etc.)
    - tax_rate is a decimal (e.g., 0.2 means 20%)
    - Line total with tax = quantity * unit_price * (1 + tax_rate)
    - Month reference: January=1, February=2, March=3, April=4, May=5, June=6, July=7, August=8, September=9, October=10, November=11, December=12
    - European countries in data: UK, Germany, Netherlands, Norway, Switzerland, France, Spain, Ireland, Portugal
    - To compare dates: use pd.Timestamp('2024-12-31') for date comparisons
    - datetime is already available (no import needed)
    - DO NOT use import statements - pd, np, datetime are pre-provided
    
        ## Sample Data:
        clients_df sample:
client_id  client_name      industry country
     C001    Acme Corp Manufacturing     USA
     C002 Bright Legal         Legal      UK

invoices_df sample:
invoice_id client_id invoice_date   due_date  status currency  fx_rate_to_usd
     I1001      C001   2024-01-10 2024-02-10    Paid      USD             1.0
     I1002      C002   2024-02-15 2024-03-15 Overdue      EUR             1.1

line_items_df sample:
line_id invoice_id     service_name  quantity  unit_price  tax_rate
   L001      I1001 Court Appearance         1         500       0.2
   L002      I1001     M&A Advisory         2         200       0.0
        
    ## Question:
    Which clients are based in the UK?

    ## Instructions:
    1. Use ONLY: clients_df, invoices_df, line_items_df
    2. Use exact column names from schema
    3. NO import statements (pd, np, datetime are available)
    4. NO print statements - the last line must be an expression that returns the answer
    5. Output ONLY Python code, no explanations or markdown

    Code:

--- STAGE 1 GENERATED CODE ---
uk_clients = clients_df[clients_df['country'] == 'UK']
uk_clients

--- EXECUTION RESULT ---
DataFrame with 2 rows:
client_id      client_name industry country
     C002     Bright Legal    Legal      UK
     C010 Silverline Media    Media      UK

--- STAGE 2 PROMPT ---
You are a helpful data analyst assistant. Based on the data query result below, provide a clear and concise answer to the user's question.

    ## User Question:
    Which clients are based in the UK?

    ## Query Result:
    DataFrame with 2 rows:
client_id      client_name industry country
     C002     Bright Legal    Legal      UK
     C010 Silverline Media    Media      UK

    ## Instructions:
    1. Answer the question directly using the data provided
    2. Include specific numbers/values from the result
    3. Keep the answer concise but complete
    4. If the result is a table, summarize the key findings
    5. Do NOT make up any numbers - only use what's in the result
    6. Format currency values with appropriate symbols when relevant

    Answer:

--- FINAL ANSWER ---
The clients located in the UK are:

- **C002 – Bright Legal** (Legal industry)  
- **C010 – Silverline Media** (Media industry)

Status: SUCCESS

================================================================================
[3/15] List all invoices issued in March 2024 with their statuses.
================================================================================

--- STAGE 1 PROMPT ---
You are a Python data analyst. Write Pandas code to answer questions about business data.

    ## Available DataFrames:
    - clients_df: [client_id (string), client_name (string), industry (string), country (string)]
- invoices_df: [invoice_id (string), client_id (string), invoice_date (datetime), due_date (datetime), status (string), currency (string), fx_rate_to_usd (float)]
- line_items_df: [line_id (string), invoice_id (string), service_name (string), quantity (int), unit_price (int), tax_rate (float)]

    ## Key Relationships:
    - clients_df.client_id links to invoices_df.client_id
    - invoices_df.invoice_id links to line_items_df.invoice_id

    ## Important Notes:
    - invoice_date and due_date are datetime objects (use .dt accessor for year, month, etc.)
    - tax_rate is a decimal (e.g., 0.2 means 20%)
    - Line total with tax = quantity * unit_price * (1 + tax_rate)
    - Month reference: January=1, February=2, March=3, April=4, May=5, June=6, July=7, August=8, September=9, October=10, November=11, December=12
    - European countries in data: UK, Germany, Netherlands, Norway, Switzerland, France, Spain, Ireland, Portugal
    - To compare dates: use pd.Timestamp('2024-12-31') for date comparisons
    - datetime is already available (no import needed)
    - DO NOT use import statements - pd, np, datetime are pre-provided
    
        ## Sample Data:
        clients_df sample:
client_id  client_name      industry country
     C001    Acme Corp Manufacturing     USA
     C002 Bright Legal         Legal      UK

invoices_df sample:
invoice_id client_id invoice_date   due_date  status currency  fx_rate_to_usd
     I1001      C001   2024-01-10 2024-02-10    Paid      USD             1.0
     I1002      C002   2024-02-15 2024-03-15 Overdue      EUR             1.1

line_items_df sample:
line_id invoice_id     service_name  quantity  unit_price  tax_rate
   L001      I1001 Court Appearance         1         500       0.2
   L002      I1001     M&A Advisory         2         200       0.0
        
    ## Question:
    List all invoices issued in March 2024 with their statuses.

    ## Instructions:
    1. Use ONLY: clients_df, invoices_df, line_items_df
    2. Use exact column names from schema
    3. NO import statements (pd, np, datetime are available)
    4. NO print statements - the last line must be an expression that returns the answer
    5. Output ONLY Python code, no explanations or markdown

    Code:

--- STAGE 1 GENERATED CODE ---
march_invoices = invoices_df[(invoices_df['invoice_date'].dt.year == 2024) & (invoices_df['invoice_date'].dt.month == 3)][['invoice_id', 'status']]
march_invoices

--- EXECUTION RESULT ---
DataFrame with 2 rows:
invoice_id status
     I1003   Paid
     I1004   Paid

--- STAGE 2 PROMPT ---
You are a helpful data analyst assistant. Based on the data query result below, provide a clear and concise answer to the user's question.

    ## User Question:
    List all invoices issued in March 2024 with their statuses.

    ## Query Result:
    DataFrame with 2 rows:
invoice_id status
     I1003   Paid
     I1004   Paid

    ## Instructions:
    1. Answer the question directly using the data provided
    2. Include specific numbers/values from the result
    3. Keep the answer concise but complete
    4. If the result is a table, summarize the key findings
    5. Do NOT make up any numbers - only use what's in the result
    6. Format currency values with appropriate symbols when relevant

    Answer:

--- FINAL ANSWER ---
**Invoices issued in March 2024**

| Invoice ID | Status |
|------------|--------|
| I1003      | Paid   |
| I1004      | Paid   |

Status: SUCCESS

================================================================================
[4/15] Which invoices are currently marked as 'Overdue'?
================================================================================

--- STAGE 1 PROMPT ---
You are a Python data analyst. Write Pandas code to answer questions about business data.

    ## Available DataFrames:
    - clients_df: [client_id (string), client_name (string), industry (string), country (string)]
- invoices_df: [invoice_id (string), client_id (string), invoice_date (datetime), due_date (datetime), status (string), currency (string), fx_rate_to_usd (float)]
- line_items_df: [line_id (string), invoice_id (string), service_name (string), quantity (int), unit_price (int), tax_rate (float)]

    ## Key Relationships:
    - clients_df.client_id links to invoices_df.client_id
    - invoices_df.invoice_id links to line_items_df.invoice_id

    ## Important Notes:
    - invoice_date and due_date are datetime objects (use .dt accessor for year, month, etc.)
    - tax_rate is a decimal (e.g., 0.2 means 20%)
    - Line total with tax = quantity * unit_price * (1 + tax_rate)
    - Month reference: January=1, February=2, March=3, April=4, May=5, June=6, July=7, August=8, September=9, October=10, November=11, December=12
    - European countries in data: UK, Germany, Netherlands, Norway, Switzerland, France, Spain, Ireland, Portugal
    - To compare dates: use pd.Timestamp('2024-12-31') for date comparisons
    - datetime is already available (no import needed)
    - DO NOT use import statements - pd, np, datetime are pre-provided
    
        ## Sample Data:
        clients_df sample:
client_id  client_name      industry country
     C001    Acme Corp Manufacturing     USA
     C002 Bright Legal         Legal      UK

invoices_df sample:
invoice_id client_id invoice_date   due_date  status currency  fx_rate_to_usd
     I1001      C001   2024-01-10 2024-02-10    Paid      USD             1.0
     I1002      C002   2024-02-15 2024-03-15 Overdue      EUR             1.1

line_items_df sample:
line_id invoice_id     service_name  quantity  unit_price  tax_rate
   L001      I1001 Court Appearance         1         500       0.2
   L002      I1001     M&A Advisory         2         200       0.0
        
    ## Question:
    Which invoices are currently marked as 'Overdue'?

    ## Instructions:
    1. Use ONLY: clients_df, invoices_df, line_items_df
    2. Use exact column names from schema
    3. NO import statements (pd, np, datetime are available)
    4. NO print statements - the last line must be an expression that returns the answer
    5. Output ONLY Python code, no explanations or markdown

    Code:

--- STAGE 1 GENERATED CODE ---
overdue_invoices = invoices_df[invoices_df['status'] == 'Overdue']
overdue_invoices

--- EXECUTION RESULT ---
DataFrame with 9 rows:
invoice_id client_id invoice_date   due_date  status currency  fx_rate_to_usd
     I1002      C002   2024-02-15 2024-03-15 Overdue      EUR            1.10
     I1005      C004   2024-04-01 2024-05-01 Overdue      EUR            1.09
     I1009      C008   2024-06-01 2024-07-01 Overdue      EUR            1.12
     I1013      C012   2024-07-20 2024-08-19 Overdue      CHF            1.12
     I1015      C014   2024-08-10 2024-09-09 Overdue      NZD            0.62
     I1020      C019   2024-10-01 2024-10-31 Overdue      EUR            1.07
     I1028      C007   2024-11-15 2024-12-15 Overdue      USD            1.00
     I1032      C011   2024-12-05 2025-01-04 Overdue      USD            1.00
     I1038      C017   2024-12-26 2025-01-25 Overdue      USD            1.00

--- STAGE 2 PROMPT ---
You are a helpful data analyst assistant. Based on the data query result below, provide a clear and concise answer to the user's question.

    ## User Question:
    Which invoices are currently marked as 'Overdue'?

    ## Query Result:
    DataFrame with 9 rows:
invoice_id client_id invoice_date   due_date  status currency  fx_rate_to_usd
     I1002      C002   2024-02-15 2024-03-15 Overdue      EUR            1.10
     I1005      C004   2024-04-01 2024-05-01 Overdue      EUR            1.09
     I1009      C008   2024-06-01 2024-07-01 Overdue      EUR            1.12
     I1013      C012   2024-07-20 2024-08-19 Overdue      CHF            1.12
     I1015      C014   2024-08-10 2024-09-09 Overdue      NZD            0.62
     I1020      C019   2024-10-01 2024-10-31 Overdue      EUR            1.07
     I1028      C007   2024-11-15 2024-12-15 Overdue      USD            1.00
     I1032      C011   2024-12-05 2025-01-04 Overdue      USD            1.00
     I1038      C017   2024-12-26 2025-01-25 Overdue      USD            1.00

    ## Instructions:
    1. Answer the question directly using the data provided
    2. Include specific numbers/values from the result
    3. Keep the answer concise but complete
    4. If the result is a table, summarize the key findings
    5. Do NOT make up any numbers - only use what's in the result
    6. Format currency values with appropriate symbols when relevant

    Answer:

--- FINAL ANSWER ---
The following invoices are currently marked as **“Overdue”**:

| Invoice ID | Client ID | Invoice Date | Due Date   | Currency |
|------------|-----------|--------------|------------|----------|
| I1002      | C002      | 2024‑02‑15   | 2024‑03‑15 | € (EUR)  |
| I1005      | C004      | 2024‑04‑01   | 2024‑05‑01 | € (EUR)  |
| I1009      | C008      | 2024‑06‑01   | 2024‑07‑01 | € (EUR)  |
| I1013      | C012      | 2024‑07‑20   | 2024‑08‑19 | CHF      |
| I1015      | C014      | 2024‑08‑10   | 2024‑09‑09 | NZD      |
| I1020      | C019      | 2024‑10‑01   | 2024‑10‑31 | € (EUR)  |
| I1028      | C007      | 2024‑11‑15   | 2024‑12‑15 | USD      |
| I1032      | C011      | 2024‑12‑05   | 2025‑01‑04 | USD      |
| I1038      | C017      | 2024‑12‑26   | 2025‑01‑25 | USD      |

All nine invoices in the dataset are currently overdue.

Status: SUCCESS

================================================================================
[5/15] For each service_name in InvoiceLineItems, how many line items are there?
================================================================================

--- STAGE 1 PROMPT ---
You are a Python data analyst. Write Pandas code to answer questions about business data.

    ## Available DataFrames:
    - clients_df: [client_id (string), client_name (string), industry (string), country (string)]
- invoices_df: [invoice_id (string), client_id (string), invoice_date (datetime), due_date (datetime), status (string), currency (string), fx_rate_to_usd (float)]
- line_items_df: [line_id (string), invoice_id (string), service_name (string), quantity (int), unit_price (int), tax_rate (float)]

    ## Key Relationships:
    - clients_df.client_id links to invoices_df.client_id
    - invoices_df.invoice_id links to line_items_df.invoice_id

    ## Important Notes:
    - invoice_date and due_date are datetime objects (use .dt accessor for year, month, etc.)
    - tax_rate is a decimal (e.g., 0.2 means 20%)
    - Line total with tax = quantity * unit_price * (1 + tax_rate)
    - Month reference: January=1, February=2, March=3, April=4, May=5, June=6, July=7, August=8, September=9, October=10, November=11, December=12
    - European countries in data: UK, Germany, Netherlands, Norway, Switzerland, France, Spain, Ireland, Portugal
    - To compare dates: use pd.Timestamp('2024-12-31') for date comparisons
    - datetime is already available (no import needed)
    - DO NOT use import statements - pd, np, datetime are pre-provided
    
        ## Sample Data:
        clients_df sample:
client_id  client_name      industry country
     C001    Acme Corp Manufacturing     USA
     C002 Bright Legal         Legal      UK

invoices_df sample:
invoice_id client_id invoice_date   due_date  status currency  fx_rate_to_usd
     I1001      C001   2024-01-10 2024-02-10    Paid      USD             1.0
     I1002      C002   2024-02-15 2024-03-15 Overdue      EUR             1.1

line_items_df sample:
line_id invoice_id     service_name  quantity  unit_price  tax_rate
   L001      I1001 Court Appearance         1         500       0.2
   L002      I1001     M&A Advisory         2         200       0.0
        
    ## Question:
    For each service_name in InvoiceLineItems, how many line items are there?

    ## Instructions:
    1. Use ONLY: clients_df, invoices_df, line_items_df
    2. Use exact column names from schema
    3. NO import statements (pd, np, datetime are available)
    4. NO print statements - the last line must be an expression that returns the answer
    5. Output ONLY Python code, no explanations or markdown

    Code:

--- STAGE 1 GENERATED CODE ---
line_items_df.groupby('service_name').size().reset_index(name='line_item_count')

--- EXECUTION RESULT ---
No result

--- STAGE 2 PROMPT ---
You are a helpful data analyst assistant. Based on the data query result below, provide a clear and concise answer to the user's question.

    ## User Question:
    For each service_name in InvoiceLineItems, how many line items are there?

    ## Query Result:
    No result

    ## Instructions:
    1. Answer the question directly using the data provided
    2. Include specific numbers/values from the result
    3. Keep the answer concise but complete
    4. If the result is a table, summarize the key findings
    5. Do NOT make up any numbers - only use what's in the result
    6. Format currency values with appropriate symbols when relevant

    Answer:

--- FINAL ANSWER ---
I’m sorry, but the query returned no data, so I can’t provide counts for each `service_name`.

Status: SUCCESS

================================================================================
[6/15] List all invoices for Acme Corp with their invoice IDs, invoice dates, due dates, and statuses.
================================================================================

--- STAGE 1 PROMPT ---
You are a Python data analyst. Write Pandas code to answer questions about business data.

    ## Available DataFrames:
    - clients_df: [client_id (string), client_name (string), industry (string), country (string)]
- invoices_df: [invoice_id (string), client_id (string), invoice_date (datetime), due_date (datetime), status (string), currency (string), fx_rate_to_usd (float)]
- line_items_df: [line_id (string), invoice_id (string), service_name (string), quantity (int), unit_price (int), tax_rate (float)]

    ## Key Relationships:
    - clients_df.client_id links to invoices_df.client_id
    - invoices_df.invoice_id links to line_items_df.invoice_id

    ## Important Notes:
    - invoice_date and due_date are datetime objects (use .dt accessor for year, month, etc.)
    - tax_rate is a decimal (e.g., 0.2 means 20%)
    - Line total with tax = quantity * unit_price * (1 + tax_rate)
    - Month reference: January=1, February=2, March=3, April=4, May=5, June=6, July=7, August=8, September=9, October=10, November=11, December=12
    - European countries in data: UK, Germany, Netherlands, Norway, Switzerland, France, Spain, Ireland, Portugal
    - To compare dates: use pd.Timestamp('2024-12-31') for date comparisons
    - datetime is already available (no import needed)
    - DO NOT use import statements - pd, np, datetime are pre-provided
    
        ## Sample Data:
        clients_df sample:
client_id  client_name      industry country
     C001    Acme Corp Manufacturing     USA
     C002 Bright Legal         Legal      UK

invoices_df sample:
invoice_id client_id invoice_date   due_date  status currency  fx_rate_to_usd
     I1001      C001   2024-01-10 2024-02-10    Paid      USD             1.0
     I1002      C002   2024-02-15 2024-03-15 Overdue      EUR             1.1

line_items_df sample:
line_id invoice_id     service_name  quantity  unit_price  tax_rate
   L001      I1001 Court Appearance         1         500       0.2
   L002      I1001     M&A Advisory         2         200       0.0
        
    ## Question:
    List all invoices for Acme Corp with their invoice IDs, invoice dates, due dates, and statuses.

    ## Instructions:
    1. Use ONLY: clients_df, invoices_df, line_items_df
    2. Use exact column names from schema
    3. NO import statements (pd, np, datetime are available)
    4. NO print statements - the last line must be an expression that returns the answer
    5. Output ONLY Python code, no explanations or markdown

    Code:

--- STAGE 1 GENERATED CODE ---
invoices_df[invoices_df['client_id'].isin(clients_df.loc[clients_df['client_name']=='Acme Corp','client_id'])][['invoice_id','invoice_date','due_date','status']]

--- EXECUTION RESULT ---
DataFrame with 3 rows:
invoice_id invoice_date   due_date status
     I1001   2024-01-10 2024-02-10   Paid
     I1004   2024-03-20 2024-04-20   Paid
     I1022   2024-10-15 2024-11-14   Paid

--- STAGE 2 PROMPT ---
You are a helpful data analyst assistant. Based on the data query result below, provide a clear and concise answer to the user's question.

    ## User Question:
    List all invoices for Acme Corp with their invoice IDs, invoice dates, due dates, and statuses.

    ## Query Result:
    DataFrame with 3 rows:
invoice_id invoice_date   due_date status
     I1001   2024-01-10 2024-02-10   Paid
     I1004   2024-03-20 2024-04-20   Paid
     I1022   2024-10-15 2024-11-14   Paid

    ## Instructions:
    1. Answer the question directly using the data provided
    2. Include specific numbers/values from the result
    3. Keep the answer concise but complete
    4. If the result is a table, summarize the key findings
    5. Do NOT make up any numbers - only use what's in the result
    6. Format currency values with appropriate symbols when relevant

    Answer:

--- FINAL ANSWER ---
**Invoices for Acme Corp**

| Invoice ID | Invoice Date | Due Date   | Status |
|------------|--------------|------------|--------|
| I1001      | 2024‑01‑10   | 2024‑02‑10 | Paid   |
| I1004      | 2024‑03‑20   | 2024‑04‑20 | Paid   |
| I1022      | 2024‑10‑15   | 2024‑11‑14 | Paid   |

Status: SUCCESS

================================================================================
[7/15] Show all invoices issued to Bright Legal in February 2024, including their status and currency.
================================================================================

--- STAGE 1 PROMPT ---
You are a Python data analyst. Write Pandas code to answer questions about business data.

    ## Available DataFrames:
    - clients_df: [client_id (string), client_name (string), industry (string), country (string)]
- invoices_df: [invoice_id (string), client_id (string), invoice_date (datetime), due_date (datetime), status (string), currency (string), fx_rate_to_usd (float)]
- line_items_df: [line_id (string), invoice_id (string), service_name (string), quantity (int), unit_price (int), tax_rate (float)]

    ## Key Relationships:
    - clients_df.client_id links to invoices_df.client_id
    - invoices_df.invoice_id links to line_items_df.invoice_id

    ## Important Notes:
    - invoice_date and due_date are datetime objects (use .dt accessor for year, month, etc.)
    - tax_rate is a decimal (e.g., 0.2 means 20%)
    - Line total with tax = quantity * unit_price * (1 + tax_rate)
    - Month reference: January=1, February=2, March=3, April=4, May=5, June=6, July=7, August=8, September=9, October=10, November=11, December=12
    - European countries in data: UK, Germany, Netherlands, Norway, Switzerland, France, Spain, Ireland, Portugal
    - To compare dates: use pd.Timestamp('2024-12-31') for date comparisons
    - datetime is already available (no import needed)
    - DO NOT use import statements - pd, np, datetime are pre-provided
    
        ## Sample Data:
        clients_df sample:
client_id  client_name      industry country
     C001    Acme Corp Manufacturing     USA
     C002 Bright Legal         Legal      UK

invoices_df sample:
invoice_id client_id invoice_date   due_date  status currency  fx_rate_to_usd
     I1001      C001   2024-01-10 2024-02-10    Paid      USD             1.0
     I1002      C002   2024-02-15 2024-03-15 Overdue      EUR             1.1

line_items_df sample:
line_id invoice_id     service_name  quantity  unit_price  tax_rate
   L001      I1001 Court Appearance         1         500       0.2
   L002      I1001     M&A Advisory         2         200       0.0
        
    ## Question:
    Show all invoices issued to Bright Legal in February 2024, including their status and currency.

    ## Instructions:
    1. Use ONLY: clients_df, invoices_df, line_items_df
    2. Use exact column names from schema
    3. NO import statements (pd, np, datetime are available)
    4. NO print statements - the last line must be an expression that returns the answer
    5. Output ONLY Python code, no explanations or markdown

    Code:

--- STAGE 1 GENERATED CODE ---
bright_id = clients_df.loc[clients_df['client_name'] == 'Bright Legal', 'client_id'].iloc[0]
invoices_df[(invoices_df['client_id'] == bright_id) & (invoices_df['invoice_date'].dt.year == 2024) & (invoices_df['invoice_date'].dt.month == 2)][['invoice_id', 'status', 'currency']]

--- EXECUTION RESULT ---
DataFrame with 1 rows:
invoice_id  status currency
     I1002 Overdue      EUR

--- STAGE 2 PROMPT ---
You are a helpful data analyst assistant. Based on the data query result below, provide a clear and concise answer to the user's question.

    ## User Question:
    Show all invoices issued to Bright Legal in February 2024, including their status and currency.

    ## Query Result:
    DataFrame with 1 rows:
invoice_id  status currency
     I1002 Overdue      EUR

    ## Instructions:
    1. Answer the question directly using the data provided
    2. Include specific numbers/values from the result
    3. Keep the answer concise but complete
    4. If the result is a table, summarize the key findings
    5. Do NOT make up any numbers - only use what's in the result
    6. Format currency values with appropriate symbols when relevant

    Answer:

--- FINAL ANSWER ---
**Invoices issued to Bright Legal in February 2024**

| Invoice ID | Status  | Currency |
|------------|---------|----------|
| I1002      | Overdue | € (EUR) |

Only one invoice meets the criteria.

Status: SUCCESS

================================================================================
[8/15] For invoice I1001, list all line items with service name, quantity, unit price, tax rate, and compute the line total (including tax) for each.
================================================================================

--- STAGE 1 PROMPT ---
You are a Python data analyst. Write Pandas code to answer questions about business data.

    ## Available DataFrames:
    - clients_df: [client_id (string), client_name (string), industry (string), country (string)]
- invoices_df: [invoice_id (string), client_id (string), invoice_date (datetime), due_date (datetime), status (string), currency (string), fx_rate_to_usd (float)]
- line_items_df: [line_id (string), invoice_id (string), service_name (string), quantity (int), unit_price (int), tax_rate (float)]

    ## Key Relationships:
    - clients_df.client_id links to invoices_df.client_id
    - invoices_df.invoice_id links to line_items_df.invoice_id

    ## Important Notes:
    - invoice_date and due_date are datetime objects (use .dt accessor for year, month, etc.)
    - tax_rate is a decimal (e.g., 0.2 means 20%)
    - Line total with tax = quantity * unit_price * (1 + tax_rate)
    - Month reference: January=1, February=2, March=3, April=4, May=5, June=6, July=7, August=8, September=9, October=10, November=11, December=12
    - European countries in data: UK, Germany, Netherlands, Norway, Switzerland, France, Spain, Ireland, Portugal
    - To compare dates: use pd.Timestamp('2024-12-31') for date comparisons
    - datetime is already available (no import needed)
    - DO NOT use import statements - pd, np, datetime are pre-provided
    
        ## Sample Data:
        clients_df sample:
client_id  client_name      industry country
     C001    Acme Corp Manufacturing     USA
     C002 Bright Legal         Legal      UK

invoices_df sample:
invoice_id client_id invoice_date   due_date  status currency  fx_rate_to_usd
     I1001      C001   2024-01-10 2024-02-10    Paid      USD             1.0
     I1002      C002   2024-02-15 2024-03-15 Overdue      EUR             1.1

line_items_df sample:
line_id invoice_id     service_name  quantity  unit_price  tax_rate
   L001      I1001 Court Appearance         1         500       0.2
   L002      I1001     M&A Advisory         2         200       0.0
        
    ## Question:
    For invoice I1001, list all line items with service name, quantity, unit price, tax rate, and compute the line total (including tax) for each.

    ## Instructions:
    1. Use ONLY: clients_df, invoices_df, line_items_df
    2. Use exact column names from schema
    3. NO import statements (pd, np, datetime are available)
    4. NO print statements - the last line must be an expression that returns the answer
    5. Output ONLY Python code, no explanations or markdown

    Code:

--- STAGE 1 GENERATED CODE ---
filtered = line_items_df[line_items_df['invoice_id'] == 'I1001'][['service_name', 'quantity', 'unit_price', 'tax_rate']].copy()
filtered['line_total'] = filtered['quantity'] * filtered['unit_price'] * (1 + filtered['tax_rate'])
filtered

--- EXECUTION RESULT ---
DataFrame with 3 rows:
    service_name  quantity  unit_price  tax_rate  line_total
Court Appearance         1         500       0.2       600.0
    M&A Advisory         2         200       0.0       400.0
Court Appearance         5         300       0.0      1500.0

--- STAGE 2 PROMPT ---
You are a helpful data analyst assistant. Based on the data query result below, provide a clear and concise answer to the user's question.

    ## User Question:
    For invoice I1001, list all line items with service name, quantity, unit price, tax rate, and compute the line total (including tax) for each.

    ## Query Result:
    DataFrame with 3 rows:
    service_name  quantity  unit_price  tax_rate  line_total
Court Appearance         1         500       0.2       600.0
    M&A Advisory         2         200       0.0       400.0
Court Appearance         5         300       0.0      1500.0

    ## Instructions:
    1. Answer the question directly using the data provided
    2. Include specific numbers/values from the result
    3. Keep the answer concise but complete
    4. If the result is a table, summarize the key findings
    5. Do NOT make up any numbers - only use what's in the result
    6. Format currency values with appropriate symbols when relevant

    Answer:

--- FINAL ANSWER ---
**Invoice I1001 – Line Items**

| Service Name   | Quantity | Unit Price | Tax Rate | Line Total (incl. tax) |
|----------------|----------|------------|----------|------------------------|
| Court Appearance | 1 | **$500** | 20 % | **$600** |
| M&A Advisory     | 2 | **$200** | 0 %  | **$400** |
| Court Appearance | 5 | **$300** | 0 %  | **$1,500** |

All totals already include the applicable tax.

Status: SUCCESS

================================================================================
[9/15] For each client, compute the total amount billed in 2024 (including tax) across all their invoices.
================================================================================

--- STAGE 1 PROMPT ---
You are a Python data analyst. Write Pandas code to answer questions about business data.

    ## Available DataFrames:
    - clients_df: [client_id (string), client_name (string), industry (string), country (string)]
- invoices_df: [invoice_id (string), client_id (string), invoice_date (datetime), due_date (datetime), status (string), currency (string), fx_rate_to_usd (float)]
- line_items_df: [line_id (string), invoice_id (string), service_name (string), quantity (int), unit_price (int), tax_rate (float)]

    ## Key Relationships:
    - clients_df.client_id links to invoices_df.client_id
    - invoices_df.invoice_id links to line_items_df.invoice_id

    ## Important Notes:
    - invoice_date and due_date are datetime objects (use .dt accessor for year, month, etc.)
    - tax_rate is a decimal (e.g., 0.2 means 20%)
    - Line total with tax = quantity * unit_price * (1 + tax_rate)
    - Month reference: January=1, February=2, March=3, April=4, May=5, June=6, July=7, August=8, September=9, October=10, November=11, December=12
    - European countries in data: UK, Germany, Netherlands, Norway, Switzerland, France, Spain, Ireland, Portugal
    - To compare dates: use pd.Timestamp('2024-12-31') for date comparisons
    - datetime is already available (no import needed)
    - DO NOT use import statements - pd, np, datetime are pre-provided
    
        ## Sample Data:
        clients_df sample:
client_id  client_name      industry country
     C001    Acme Corp Manufacturing     USA
     C002 Bright Legal         Legal      UK

invoices_df sample:
invoice_id client_id invoice_date   due_date  status currency  fx_rate_to_usd
     I1001      C001   2024-01-10 2024-02-10    Paid      USD             1.0
     I1002      C002   2024-02-15 2024-03-15 Overdue      EUR             1.1

line_items_df sample:
line_id invoice_id     service_name  quantity  unit_price  tax_rate
   L001      I1001 Court Appearance         1         500       0.2
   L002      I1001     M&A Advisory         2         200       0.0
        
    ## Question:
    For each client, compute the total amount billed in 2024 (including tax) across all their invoices.

    ## Instructions:
    1. Use ONLY: clients_df, invoices_df, line_items_df
    2. Use exact column names from schema
    3. NO import statements (pd, np, datetime are available)
    4. NO print statements - the last line must be an expression that returns the answer
    5. Output ONLY Python code, no explanations or markdown

    Code:

--- STAGE 1 GENERATED CODE ---
inv_2024 = invoices_df[invoices_df['invoice_date'].dt.year == 2024]
merged = line_items_df.merge(inv_2024, on='invoice_id', how='inner')
merged['line_total_usd'] = merged['quantity'] * merged['unit_price'] * (1 + merged['tax_rate']) * merged['fx_rate_to_usd']
result = merged.groupby('client_id', as_index=False)['line_total_usd'].sum().rename(columns={'line_total_usd': 'total_billed_usd'})
result

--- EXECUTION RESULT ---
DataFrame with 20 rows:
client_id  total_billed_usd
     C001          6830.000
     C002          3949.000
     C003          2582.000
     C004          3583.375
     C005          1829.690
     C006          3892.225
     C007          3696.000
     C008          2938.440
     C009           526.296
     C010          4843.000
     C011          5407.500
     C012          3791.560
     C013          4404.500
     C014          1257.475
     C015          3641.000
     C016          6106.000
     C017          3487.500
     C018            28.818
     C019          5433.835
     C020           389.785

--- STAGE 2 PROMPT ---
You are a helpful data analyst assistant. Based on the data query result below, provide a clear and concise answer to the user's question.

    ## User Question:
    For each client, compute the total amount billed in 2024 (including tax) across all their invoices.

    ## Query Result:
    DataFrame with 20 rows:
client_id  total_billed_usd
     C001          6830.000
     C002          3949.000
     C003          2582.000
     C004          3583.375
     C005          1829.690
     C006          3892.225
     C007          3696.000
     C008          2938.440
     C009           526.296
     C010          4843.000
     C011          5407.500
     C012          3791.560
     C013          4404.500
     C014          1257.475
     C015          3641.000
     C016          6106.000
     C017          3487.500
     C018            28.818
     C019          5433.835
     C020           389.785

    ## Instructions:
    1. Answer the question directly using the data provided
    2. Include specific numbers/values from the result
    3. Keep the answer concise but complete
    4. If the result is a table, summarize the key findings
    5. Do NOT make up any numbers - only use what's in the result
    6. Format currency values with appropriate symbols when relevant

    Answer:

--- FINAL ANSWER ---
**Total amount billed in 2024 (including tax)**  

| Client | Total billed (USD) |
|--------|--------------------|
| C001 | **$6,830.00** |
| C002 | **$3,949.00** |
| C003 | **$2,582.00** |
| C004 | **$3,583.38** |
| C005 | **$1,829.69** |
| C006 | **$3,892.23** |
| C007 | **$3,696.00** |
| C008 | **$2,938.44** |
| C009 | **$526.30** |
| C010 | **$4,843.00** |
| C011 | **$5,407.50** |
| C012 | **$3,791.56** |
| C013 | **$4,404.50** |
| C014 | **$1,257.48** |
| C015 | **$3,641.00** |
| C016 | **$6,106.00** |
| C017 | **$3,487.50** |
| C018 | **$28.82** |
| C019 | **$5,433.84** |
| C020 | **$389.79** |

These figures represent the summed amounts billed to each client in 2024, inclusive of tax.

Status: SUCCESS

================================================================================
[10/15] Which client has the highest total billed amount in 2024, and what is that total?
================================================================================

--- STAGE 1 PROMPT ---
You are a Python data analyst. Write Pandas code to answer questions about business data.

    ## Available DataFrames:
    - clients_df: [client_id (string), client_name (string), industry (string), country (string)]
- invoices_df: [invoice_id (string), client_id (string), invoice_date (datetime), due_date (datetime), status (string), currency (string), fx_rate_to_usd (float)]
- line_items_df: [line_id (string), invoice_id (string), service_name (string), quantity (int), unit_price (int), tax_rate (float)]

    ## Key Relationships:
    - clients_df.client_id links to invoices_df.client_id
    - invoices_df.invoice_id links to line_items_df.invoice_id

    ## Important Notes:
    - invoice_date and due_date are datetime objects (use .dt accessor for year, month, etc.)
    - tax_rate is a decimal (e.g., 0.2 means 20%)
    - Line total with tax = quantity * unit_price * (1 + tax_rate)
    - Month reference: January=1, February=2, March=3, April=4, May=5, June=6, July=7, August=8, September=9, October=10, November=11, December=12
    - European countries in data: UK, Germany, Netherlands, Norway, Switzerland, France, Spain, Ireland, Portugal
    - To compare dates: use pd.Timestamp('2024-12-31') for date comparisons
    - datetime is already available (no import needed)
    - DO NOT use import statements - pd, np, datetime are pre-provided
    
        ## Sample Data:
        clients_df sample:
client_id  client_name      industry country
     C001    Acme Corp Manufacturing     USA
     C002 Bright Legal         Legal      UK

invoices_df sample:
invoice_id client_id invoice_date   due_date  status currency  fx_rate_to_usd
     I1001      C001   2024-01-10 2024-02-10    Paid      USD             1.0
     I1002      C002   2024-02-15 2024-03-15 Overdue      EUR             1.1

line_items_df sample:
line_id invoice_id     service_name  quantity  unit_price  tax_rate
   L001      I1001 Court Appearance         1         500       0.2
   L002      I1001     M&A Advisory         2         200       0.0
        
    ## Question:
    Which client has the highest total billed amount in 2024, and what is that total?

    ## Instructions:
    1. Use ONLY: clients_df, invoices_df, line_items_df
    2. Use exact column names from schema
    3. NO import statements (pd, np, datetime are available)
    4. NO print statements - the last line must be an expression that returns the answer
    5. Output ONLY Python code, no explanations or markdown

    Code:

--- STAGE 1 GENERATED CODE ---
merged_df = line_items_df.merge(invoices_df, on='invoice_id')
merged_df = merged_df[merged_df['invoice_date'].dt.year == 2024]
merged_df['line_total_usd'] = merged_df['quantity'] * merged_df['unit_price'] * (1 + merged_df['tax_rate']) * merged_df['fx_rate_to_usd']
client_totals = merged_df.groupby('client_id')['line_total_usd'].sum().reset_index()
client_totals = client_totals.merge(clients_df[['client_id', 'client_name']], on='client_id')
top_row = client_totals.loc[client_totals['line_total_usd'].idxmax()]
(top_row['client_name'], top_row['line_total_usd'])

--- EXECUTION RESULT ---
('Acme Corp', np.float64(6830.0))

--- STAGE 2 PROMPT ---
You are a helpful data analyst assistant. Based on the data query result below, provide a clear and concise answer to the user's question.

    ## User Question:
    Which client has the highest total billed amount in 2024, and what is that total?

    ## Query Result:
    ('Acme Corp', np.float64(6830.0))

    ## Instructions:
    1. Answer the question directly using the data provided
    2. Include specific numbers/values from the result
    3. Keep the answer concise but complete
    4. If the result is a table, summarize the key findings
    5. Do NOT make up any numbers - only use what's in the result
    6. Format currency values with appropriate symbols when relevant

    Answer:

--- FINAL ANSWER ---
The client with the highest total billed amount in 2024 is **Acme Corp**, with a total of **$6,830.00**.

Status: SUCCESS

================================================================================
[11/15] Across all clients, which three services generated the most revenue in 2024? Show the total revenue per service.
================================================================================

--- STAGE 1 PROMPT ---
You are a Python data analyst. Write Pandas code to answer questions about business data.

    ## Available DataFrames:
    - clients_df: [client_id (string), client_name (string), industry (string), country (string)]
- invoices_df: [invoice_id (string), client_id (string), invoice_date (datetime), due_date (datetime), status (string), currency (string), fx_rate_to_usd (float)]
- line_items_df: [line_id (string), invoice_id (string), service_name (string), quantity (int), unit_price (int), tax_rate (float)]

    ## Key Relationships:
    - clients_df.client_id links to invoices_df.client_id
    - invoices_df.invoice_id links to line_items_df.invoice_id

    ## Important Notes:
    - invoice_date and due_date are datetime objects (use .dt accessor for year, month, etc.)
    - tax_rate is a decimal (e.g., 0.2 means 20%)
    - Line total with tax = quantity * unit_price * (1 + tax_rate)
    - Month reference: January=1, February=2, March=3, April=4, May=5, June=6, July=7, August=8, September=9, October=10, November=11, December=12
    - European countries in data: UK, Germany, Netherlands, Norway, Switzerland, France, Spain, Ireland, Portugal
    - To compare dates: use pd.Timestamp('2024-12-31') for date comparisons
    - datetime is already available (no import needed)
    - DO NOT use import statements - pd, np, datetime are pre-provided
    
        ## Sample Data:
        clients_df sample:
client_id  client_name      industry country
     C001    Acme Corp Manufacturing     USA
     C002 Bright Legal         Legal      UK

invoices_df sample:
invoice_id client_id invoice_date   due_date  status currency  fx_rate_to_usd
     I1001      C001   2024-01-10 2024-02-10    Paid      USD             1.0
     I1002      C002   2024-02-15 2024-03-15 Overdue      EUR             1.1

line_items_df sample:
line_id invoice_id     service_name  quantity  unit_price  tax_rate
   L001      I1001 Court Appearance         1         500       0.2
   L002      I1001     M&A Advisory         2         200       0.0
        
    ## Question:
    Across all clients, which three services generated the most revenue in 2024? Show the total revenue per service.

    ## Instructions:
    1. Use ONLY: clients_df, invoices_df, line_items_df
    2. Use exact column names from schema
    3. NO import statements (pd, np, datetime are available)
    4. NO print statements - the last line must be an expression that returns the answer
    5. Output ONLY Python code, no explanations or markdown

    Code:

--- STAGE 1 GENERATED CODE ---
merged = line_items_df.merge(invoices_df, on='invoice_id', how='inner')
merged['invoice_date'] = pd.to_datetime(merged['invoice_date'], errors='coerce')
filtered = merged.loc[merged['invoice_date'].dt.year == 2024].copy()
filtered['line_total'] = filtered['quantity'] * filtered['unit_price'] * (1 + filtered['tax_rate'])
filtered['line_total_usd'] = filtered['line_total'] * filtered['fx_rate_to_usd']
revenue = filtered.groupby

--- EXECUTION RESULT ---
<bound method DataFrame.groupby of    line_id invoice_id            service_name  quantity  ...  currency  fx_rate_to_usd line_total line_total_usd
0     L001      I1001        Court Appearance         1  ...       USD           1.000      600.0        600.000
1     L002      I1001            M&A Advisory         2  ...       USD           1.000      400.0        400.000
2     L003      I1001        Court Appearance         5  ...       USD           1.000     1500.0       1500.000
3     L004      I1002        Court Appearance         2  ...       EUR           1.100      400.0        440.000
4     L005      I1002            M&A Advisory         5  ...       EUR           1.100     1650.0       1815.000
..     ...        ...                     ...       ...  ...       ...             ...        ...            ...
91    L092      I1038  IT Security Assessment         1  ...       USD           1.000      180.0        180.000
92    L093      I1039            Tax Planning         1  ...       INR           0.012      181.5          2.178
93    L094      I1039  IT Security Assessment         3  ...       INR           0.012      900.0         10.800
94    L095      I1040            M&A Advisory         3  ...       EUR           1.060      544.5        577.170
95    L096      I1040         Contract Review         5  ...       EUR           1.060     2200.0       2332.000

[96 rows x 14 columns]>

--- STAGE 2 PROMPT ---
You are a helpful data analyst assistant. Based on the data query result below, provide a clear and concise answer to the user's question.

    ## User Question:
    Across all clients, which three services generated the most revenue in 2024? Show the total revenue per service.

    ## Query Result:
    <bound method DataFrame.groupby of    line_id invoice_id            service_name  quantity  ...  currency  fx_rate_to_usd line_total line_total_usd
0     L001      I1001        Court Appearance         1  ...       USD           1.000      600.0        600.000
1     L002      I1001            M&A Advisory         2  ...       USD           1.000      400.0        400.000
2     L003      I1001        Court Appearance         5  ...       USD           1.000     1500.0       1500.000
3     L004      I1002        Court Appearance         2  ...       EUR           1.100      400.0        440.000
4     L005      I1002            M&A Advisory         5  ...       EUR           1.100     1650.0       1815.000
..     ...        ...                     ...       ...  ...       ...             ...        ...            ...
91    L092      I1038  IT Security Assessment         1  ...       USD           1.000      180.0        180.000
92    L093      I1039            Tax Planning         1  ...       INR           0.012      181.5          2.178
93    L094      I1039  IT Security Assessment         3  ...       INR           0.012      900.0         10.800
94    L095      I1040            M&A Advisory         3  ...       EUR           1.060      544.5        577.170
95    L096      I1040         Contract Review         5  ...       EUR           1.060     2200.0       2332.000

[96 rows x 14 columns]>

    ## Instructions:
    1. Answer the question directly using the data provided
    2. Include specific numbers/values from the result
    3. Keep the answer concise but complete
    4. If the result is a table, summarize the key findings
    5. Do NOT make up any numbers - only use what's in the result
    6. Format currency values with appropriate symbols when relevant

    Answer:

--- FINAL ANSWER ---
I’m sorry, but the query result you provided only shows a sample of the raw line items, not the aggregated totals. Without the full dataset or a pre‑summarized view, I can’t calculate the exact revenue per service or identify the top three services for 2024. If you can provide the grouped totals or the complete dataset, I’ll gladly give you the answer.

Status: SUCCESS

================================================================================
[12/15] Which invoices are overdue as of 2024-12-31? List invoice ID, client name, invoice_date, due_date, and status.
================================================================================

--- STAGE 1 PROMPT ---
You are a Python data analyst. Write Pandas code to answer questions about business data.

    ## Available DataFrames:
    - clients_df: [client_id (string), client_name (string), industry (string), country (string)]
- invoices_df: [invoice_id (string), client_id (string), invoice_date (datetime), due_date (datetime), status (string), currency (string), fx_rate_to_usd (float)]
- line_items_df: [line_id (string), invoice_id (string), service_name (string), quantity (int), unit_price (int), tax_rate (float)]

    ## Key Relationships:
    - clients_df.client_id links to invoices_df.client_id
    - invoices_df.invoice_id links to line_items_df.invoice_id

    ## Important Notes:
    - invoice_date and due_date are datetime objects (use .dt accessor for year, month, etc.)
    - tax_rate is a decimal (e.g., 0.2 means 20%)
    - Line total with tax = quantity * unit_price * (1 + tax_rate)
    - Month reference: January=1, February=2, March=3, April=4, May=5, June=6, July=7, August=8, September=9, October=10, November=11, December=12
    - European countries in data: UK, Germany, Netherlands, Norway, Switzerland, France, Spain, Ireland, Portugal
    - To compare dates: use pd.Timestamp('2024-12-31') for date comparisons
    - datetime is already available (no import needed)
    - DO NOT use import statements - pd, np, datetime are pre-provided
    
        ## Sample Data:
        clients_df sample:
client_id  client_name      industry country
     C001    Acme Corp Manufacturing     USA
     C002 Bright Legal         Legal      UK

invoices_df sample:
invoice_id client_id invoice_date   due_date  status currency  fx_rate_to_usd
     I1001      C001   2024-01-10 2024-02-10    Paid      USD             1.0
     I1002      C002   2024-02-15 2024-03-15 Overdue      EUR             1.1

line_items_df sample:
line_id invoice_id     service_name  quantity  unit_price  tax_rate
   L001      I1001 Court Appearance         1         500       0.2
   L002      I1001     M&A Advisory         2         200       0.0
        
    ## Question:
    Which invoices are overdue as of 2024-12-31? List invoice ID, client name, invoice_date, due_date, and status.

    ## Instructions:
    1. Use ONLY: clients_df, invoices_df, line_items_df
    2. Use exact column names from schema
    3. NO import statements (pd, np, datetime are available)
    4. NO print statements - the last line must be an expression that returns the answer
    5. Output ONLY Python code, no explanations or markdown

    Code:

--- STAGE 1 GENERATED CODE ---
ref_date = pd.Timestamp('2024-12-31')
overdue = invoices_df[(invoices_df['due_date'] < ref_date) & (invoices_df['status'] != 'Paid')]
merged = overdue.merge(clients_df[['client_id', 'client_name']], on='client_id', how='left')
result = merged[['invoice_id', 'client_name', 'invoice_date', 'due_date', 'status']]
result

--- EXECUTION RESULT ---
DataFrame with 12 rows:
invoice_id        client_name invoice_date   due_date  status
     I1002       Bright Legal   2024-02-15 2024-03-15 Overdue
     I1005  GreenField Retail   2024-04-01 2024-05-01 Overdue
     I1007 BlueSky Consulting   2024-05-02 2024-06-02   Draft
     I1009         Urban Tech   2024-06-01 2024-07-01 Overdue
     I1013 Alpine Hospitality   2024-07-20 2024-08-19 Overdue
     I1015      Pacific Foods   2024-08-10 2024-09-09 Overdue
     I1017   Vertex Analytics   2024-09-01 2024-10-01   Draft
     I1020    Aurora Textiles   2024-10-01 2024-10-31 Overdue
     I1023       Bright Legal   2024-10-20 2024-11-19   Draft
     I1025  GreenField Retail   2024-11-01 2024-12-01   Draft
     I1028        Nova Health   2024-11-15 2024-12-15 Overdue
     I1030     RedRock Energy   2024-11-25 2024-12-25   Draft

--- STAGE 2 PROMPT ---
You are a helpful data analyst assistant. Based on the data query result below, provide a clear and concise answer to the user's question.

    ## User Question:
    Which invoices are overdue as of 2024-12-31? List invoice ID, client name, invoice_date, due_date, and status.

    ## Query Result:
    DataFrame with 12 rows:
invoice_id        client_name invoice_date   due_date  status
     I1002       Bright Legal   2024-02-15 2024-03-15 Overdue
     I1005  GreenField Retail   2024-04-01 2024-05-01 Overdue
     I1007 BlueSky Consulting   2024-05-02 2024-06-02   Draft
     I1009         Urban Tech   2024-06-01 2024-07-01 Overdue
     I1013 Alpine Hospitality   2024-07-20 2024-08-19 Overdue
     I1015      Pacific Foods   2024-08-10 2024-09-09 Overdue
     I1017   Vertex Analytics   2024-09-01 2024-10-01   Draft
     I1020    Aurora Textiles   2024-10-01 2024-10-31 Overdue
     I1023       Bright Legal   2024-10-20 2024-11-19   Draft
     I1025  GreenField Retail   2024-11-01 2024-12-01   Draft
     I1028        Nova Health   2024-11-15 2024-12-15 Overdue
     I1030     RedRock Energy   2024-11-25 2024-12-25   Draft

    ## Instructions:
    1. Answer the question directly using the data provided
    2. Include specific numbers/values from the result
    3. Keep the answer concise but complete
    4. If the result is a table, summarize the key findings
    5. Do NOT make up any numbers - only use what's in the result
    6. Format currency values with appropriate symbols when relevant

    Answer:

--- FINAL ANSWER ---
**Overdue invoices as of 2024‑12‑31**

| Invoice ID | Client Name        | Invoice Date | Due Date   | Status  |
|------------|--------------------|--------------|------------|---------|
| I1002      | Bright Legal       | 2024‑02‑15   | 2024‑03‑15 | Overdue |
| I1005      | GreenField Retail  | 2024‑04‑01   | 2024‑05‑01 | Overdue |
| I1009      | Urban Tech         | 2024‑06‑01   | 2024‑07‑01 | Overdue |
| I1013      | Alpine Hospitality | 2024‑07‑20   | 2024‑08‑19 | Overdue |
| I1015      | Pacific Foods      | 2024‑08‑10   | 2024‑09‑09 | Overdue |
| I1020      | Aurora Textiles    | 2024‑10‑01   | 2024‑10‑31 | Overdue |
| I1028      | Nova Health        | 2024‑11‑15   | 2024‑12‑15 | Overdue |

These seven invoices are past their due dates and remain unpaid as of the specified date.

Status: SUCCESS

================================================================================
[13/15] Group revenue by client country: for each country, compute the total billed amount in 2024 (including tax).
================================================================================

--- STAGE 1 PROMPT ---
You are a Python data analyst. Write Pandas code to answer questions about business data.

    ## Available DataFrames:
    - clients_df: [client_id (string), client_name (string), industry (string), country (string)]
- invoices_df: [invoice_id (string), client_id (string), invoice_date (datetime), due_date (datetime), status (string), currency (string), fx_rate_to_usd (float)]
- line_items_df: [line_id (string), invoice_id (string), service_name (string), quantity (int), unit_price (int), tax_rate (float)]

    ## Key Relationships:
    - clients_df.client_id links to invoices_df.client_id
    - invoices_df.invoice_id links to line_items_df.invoice_id

    ## Important Notes:
    - invoice_date and due_date are datetime objects (use .dt accessor for year, month, etc.)
    - tax_rate is a decimal (e.g., 0.2 means 20%)
    - Line total with tax = quantity * unit_price * (1 + tax_rate)
    - Month reference: January=1, February=2, March=3, April=4, May=5, June=6, July=7, August=8, September=9, October=10, November=11, December=12
    - European countries in data: UK, Germany, Netherlands, Norway, Switzerland, France, Spain, Ireland, Portugal
    - To compare dates: use pd.Timestamp('2024-12-31') for date comparisons
    - datetime is already available (no import needed)
    - DO NOT use import statements - pd, np, datetime are pre-provided
    
        ## Sample Data:
        clients_df sample:
client_id  client_name      industry country
     C001    Acme Corp Manufacturing     USA
     C002 Bright Legal         Legal      UK

invoices_df sample:
invoice_id client_id invoice_date   due_date  status currency  fx_rate_to_usd
     I1001      C001   2024-01-10 2024-02-10    Paid      USD             1.0
     I1002      C002   2024-02-15 2024-03-15 Overdue      EUR             1.1

line_items_df sample:
line_id invoice_id     service_name  quantity  unit_price  tax_rate
   L001      I1001 Court Appearance         1         500       0.2
   L002      I1001     M&A Advisory         2         200       0.0
        
    ## Question:
    Group revenue by client country: for each country, compute the total billed amount in 2024 (including tax).

    ## Instructions:
    1. Use ONLY: clients_df, invoices_df, line_items_df
    2. Use exact column names from schema
    3. NO import statements (pd, np, datetime are available)
    4. NO print statements - the last line must be an expression that returns the answer
    5. Output ONLY Python code, no explanations or markdown

    Code:

--- STAGE 1 GENERATED CODE ---
merged = invoices_df.merge(line_items_df, on='invoice_id', how='inner')
merged = merged.merge(clients_df[['client_id', 'country']], on='client_id', how='left')
filtered = merged[merged['invoice_date'].dt.year == 2024]
filtered = filtered.assign(
    line_total=lambda df: df['quantity'] * df['unit_price'] * (1 + df['tax_rate']),
    line_total_usd=lambda df: df['line_total'] * df['fx_rate_to_usd']
)
result = filtered.groupby('country', as_index=False)['line_total_usd'].sum().rename(columns={'line_total_usd': 'total_billed_usd'})
result

--- EXECUTION RESULT ---
DataFrame with 15 rows:
    country  total_billed_usd
  Australia          3892.225
     Brazil           389.785
     Canada          1829.690
     France          4404.500
    Germany          3583.375
      India            28.818
    Ireland          6106.000
Netherlands          2938.440
New Zealand          1257.475
     Norway           526.296
   Portugal          5433.835
      Spain          3641.000
Switzerland          3791.560
         UK          8792.000
        USA         22003.000

--- STAGE 2 PROMPT ---
You are a helpful data analyst assistant. Based on the data query result below, provide a clear and concise answer to the user's question.

    ## User Question:
    Group revenue by client country: for each country, compute the total billed amount in 2024 (including tax).

    ## Query Result:
    DataFrame with 15 rows:
    country  total_billed_usd
  Australia          3892.225
     Brazil           389.785
     Canada          1829.690
     France          4404.500
    Germany          3583.375
      India            28.818
    Ireland          6106.000
Netherlands          2938.440
New Zealand          1257.475
     Norway           526.296
   Portugal          5433.835
      Spain          3641.000
Switzerland          3791.560
         UK          8792.000
        USA         22003.000

    ## Instructions:
    1. Answer the question directly using the data provided
    2. Include specific numbers/values from the result
    3. Keep the answer concise but complete
    4. If the result is a table, summarize the key findings
    5. Do NOT make up any numbers - only use what's in the result
    6. Format currency values with appropriate symbols when relevant

    Answer:

--- FINAL ANSWER ---
**Total billed revenue (2024, including tax)**  

| Country | Total billed (USD) |
|---------|--------------------|
| Australia | **$3,892.23** |
| Brazil | **$389.79** |
| Canada | **$1,829.69** |
| France | **$4,404.50** |
| Germany | **$3,583.38** |
| India | **$28.82** |
| Ireland | **$6,106.00** |
| Netherlands | **$2,938.44** |
| New Zealand | **$1,257.48** |
| Norway | **$526.30** |
| Portugal | **$5,433.84** |
| Spain | **$3,641.00** |
| Switzerland | **$3,791.56** |
| United Kingdom | **$8,792.00** |
| United States | **$22,003.00** |

These figures represent the total billed amounts for each client country in 2024, inclusive of tax.

Status: SUCCESS

================================================================================
[14/15] For the service 'Contract Review', list all clients who purchased it and the total amount they paid for that service (including tax).
================================================================================

--- STAGE 1 PROMPT ---
You are a Python data analyst. Write Pandas code to answer questions about business data.

    ## Available DataFrames:
    - clients_df: [client_id (string), client_name (string), industry (string), country (string)]
- invoices_df: [invoice_id (string), client_id (string), invoice_date (datetime), due_date (datetime), status (string), currency (string), fx_rate_to_usd (float)]
- line_items_df: [line_id (string), invoice_id (string), service_name (string), quantity (int), unit_price (int), tax_rate (float)]

    ## Key Relationships:
    - clients_df.client_id links to invoices_df.client_id
    - invoices_df.invoice_id links to line_items_df.invoice_id

    ## Important Notes:
    - invoice_date and due_date are datetime objects (use .dt accessor for year, month, etc.)
    - tax_rate is a decimal (e.g., 0.2 means 20%)
    - Line total with tax = quantity * unit_price * (1 + tax_rate)
    - Month reference: January=1, February=2, March=3, April=4, May=5, June=6, July=7, August=8, September=9, October=10, November=11, December=12
    - European countries in data: UK, Germany, Netherlands, Norway, Switzerland, France, Spain, Ireland, Portugal
    - To compare dates: use pd.Timestamp('2024-12-31') for date comparisons
    - datetime is already available (no import needed)
    - DO NOT use import statements - pd, np, datetime are pre-provided
    
        ## Sample Data:
        clients_df sample:
client_id  client_name      industry country
     C001    Acme Corp Manufacturing     USA
     C002 Bright Legal         Legal      UK

invoices_df sample:
invoice_id client_id invoice_date   due_date  status currency  fx_rate_to_usd
     I1001      C001   2024-01-10 2024-02-10    Paid      USD             1.0
     I1002      C002   2024-02-15 2024-03-15 Overdue      EUR             1.1

line_items_df sample:
line_id invoice_id     service_name  quantity  unit_price  tax_rate
   L001      I1001 Court Appearance         1         500       0.2
   L002      I1001     M&A Advisory         2         200       0.0
        
    ## Question:
    For the service 'Contract Review', list all clients who purchased it and the total amount they paid for that service (including tax).

    ## Instructions:
    1. Use ONLY: clients_df, invoices_df, line_items_df
    2. Use exact column names from schema
    3. NO import statements (pd, np, datetime are available)
    4. NO print statements - the last line must be an expression that returns the answer
    5. Output ONLY Python code, no explanations or markdown

    Code:

--- STAGE 1 GENERATED CODE ---
filtered = line_items_df[line_items_df['service_name'] == 'Contract Review'].copy()
filtered['line_total'] = filtered['quantity'] * filtered['unit_price'] * (1 + filtered['tax_rate'])
merged = filtered.merge(invoices_df[['invoice_id', 'client_id']], on='invoice_id', how='left')
client_totals = merged.groupby('client_id')['line_total'].sum().reset_index()
result = client_totals.merge(clients_df[['client_id', 'client_name']], on='client_id', how='left')
result = result[['client_id', 'client_name', 'line_total']].rename(columns={'line_total': 'total_amount'})
result

--- EXECUTION RESULT ---
DataFrame with 10 rows:
client_id         client_name  total_amount
     C002        Bright Legal         220.0
     C003      Summit Finance         600.0
     C006  BlueSky Consulting         907.5
     C007         Nova Health         360.0
     C010    Silverline Media         220.0
     C011    Zenith Education         600.0
     C013      Orion Security        1812.5
     C014       Pacific Foods         800.0
     C019     Aurora Textiles        2200.0
     C020 Prairie Agriculture         181.5

--- STAGE 2 PROMPT ---
You are a helpful data analyst assistant. Based on the data query result below, provide a clear and concise answer to the user's question.

    ## User Question:
    For the service 'Contract Review', list all clients who purchased it and the total amount they paid for that service (including tax).

    ## Query Result:
    DataFrame with 10 rows:
client_id         client_name  total_amount
     C002        Bright Legal         220.0
     C003      Summit Finance         600.0
     C006  BlueSky Consulting         907.5
     C007         Nova Health         360.0
     C010    Silverline Media         220.0
     C011    Zenith Education         600.0
     C013      Orion Security        1812.5
     C014       Pacific Foods         800.0
     C019     Aurora Textiles        2200.0
     C020 Prairie Agriculture         181.5

    ## Instructions:
    1. Answer the question directly using the data provided
    2. Include specific numbers/values from the result
    3. Keep the answer concise but complete
    4. If the result is a table, summarize the key findings
    5. Do NOT make up any numbers - only use what's in the result
    6. Format currency values with appropriate symbols when relevant

    Answer:

--- FINAL ANSWER ---
**Clients who purchased “Contract Review” (total paid, including tax):**

| Client ID | Client Name        | Total Paid |
|-----------|--------------------|------------|
| C002      | Bright Legal       | $220.00    |
| C003      | Summit Finance     | $600.00    |
| C006      | BlueSky Consulting | $907.50    |
| C007      | Nova Health        | $360.00    |
| C010      | Silverline Media   | $220.00    |
| C011      | Zenith Education   | $600.00    |
| C013      | Orion Security     | $1,812.50  |
| C014      | Pacific Foods      | $800.00    |
| C019      | Aurora Textiles    | $2,200.00  |
| C020      | Prairie Agriculture| $181.50    |

These are all the clients who purchased the “Contract Review” service and the amounts they paid.

Status: SUCCESS

================================================================================
[15/15] Considering only European clients, what are the top 3 services by total revenue (including tax) in H2 2024 (2024-07-01 to 2024-12-31)?
================================================================================

--- STAGE 1 PROMPT ---
You are a Python data analyst. Write Pandas code to answer questions about business data.

    ## Available DataFrames:
    - clients_df: [client_id (string), client_name (string), industry (string), country (string)]
- invoices_df: [invoice_id (string), client_id (string), invoice_date (datetime), due_date (datetime), status (string), currency (string), fx_rate_to_usd (float)]
- line_items_df: [line_id (string), invoice_id (string), service_name (string), quantity (int), unit_price (int), tax_rate (float)]

    ## Key Relationships:
    - clients_df.client_id links to invoices_df.client_id
    - invoices_df.invoice_id links to line_items_df.invoice_id

    ## Important Notes:
    - invoice_date and due_date are datetime objects (use .dt accessor for year, month, etc.)
    - tax_rate is a decimal (e.g., 0.2 means 20%)
    - Line total with tax = quantity * unit_price * (1 + tax_rate)
    - Month reference: January=1, February=2, March=3, April=4, May=5, June=6, July=7, August=8, September=9, October=10, November=11, December=12
    - European countries in data: UK, Germany, Netherlands, Norway, Switzerland, France, Spain, Ireland, Portugal
    - To compare dates: use pd.Timestamp('2024-12-31') for date comparisons
    - datetime is already available (no import needed)
    - DO NOT use import statements - pd, np, datetime are pre-provided
    
        ## Sample Data:
        clients_df sample:
client_id  client_name      industry country
     C001    Acme Corp Manufacturing     USA
     C002 Bright Legal         Legal      UK

invoices_df sample:
invoice_id client_id invoice_date   due_date  status currency  fx_rate_to_usd
     I1001      C001   2024-01-10 2024-02-10    Paid      USD             1.0
     I1002      C002   2024-02-15 2024-03-15 Overdue      EUR             1.1

line_items_df sample:
line_id invoice_id     service_name  quantity  unit_price  tax_rate
   L001      I1001 Court Appearance         1         500       0.2
   L002      I1001     M&A Advisory         2         200       0.0
        
    ## Question:
    Considering only European clients, what are the top 3 services by total revenue (including tax) in H2 2024 (2024-07-01 to 2024-12-31)?

    ## Instructions:
    1. Use ONLY: clients_df, invoices_df, line_items_df
    2. Use exact column names from schema
    3. NO import statements (pd, np, datetime are available)
    4. NO print statements - the last line must be an expression that returns the answer
    5. Output ONLY Python code, no explanations or markdown

    Code:

--- STAGE 1 GENERATED CODE ---
european_countries = ['UK','Germany','Netherlands','Norway','Switzerland','France','Spain','Ireland','Portugal']
eu_clients = clients_df[clients_df['country'].isin(european_countries)]
eu_invoices = invoices_df.merge(eu_clients[['client_id']], on='client_id', how='inner')
start_date = pd.Timestamp('2024-07-01')
end_date = pd.Timestamp('2024-12-31')
eu_invoices_h2 = eu_invoices[(eu_invoices['invoice_date'] >= start_date) & (eu_invoices['invoice_date'] <= end_date)]
lines = line_items_df.merge(eu_invoices_h2[['invoice_id','fx_rate_to_usd']], on='invoice_id', how='inner')
lines['line_total_usd'] = lines['quantity'] * lines['unit_price'] * (1 + lines['tax_rate']) * lines['fx_rate_to_usd']
result = (lines.groupby('service_name', as_index=False)['line_total_usd']
            .sum()
            .sort_values('line_total_usd', ascending=False)
            .head(3))
result

--- EXECUTION RESULT ---
DataFrame with 3 rows:
               service_name  line_total_usd
               Tax Planning         5560.60
Regulatory Compliance Audit         4957.26
            Contract Review         4531.50

--- STAGE 2 PROMPT ---
You are a helpful data analyst assistant. Based on the data query result below, provide a clear and concise answer to the user's question.

    ## User Question:
    Considering only European clients, what are the top 3 services by total revenue (including tax) in H2 2024 (2024-07-01 to 2024-12-31)?

    ## Query Result:
    DataFrame with 3 rows:
               service_name  line_total_usd
               Tax Planning         5560.60
Regulatory Compliance Audit         4957.26
            Contract Review         4531.50

    ## Instructions:
    1. Answer the question directly using the data provided
    2. Include specific numbers/values from the result
    3. Keep the answer concise but complete
    4. If the result is a table, summarize the key findings
    5. Do NOT make up any numbers - only use what's in the result
    6. Format currency values with appropriate symbols when relevant

    Answer:

--- FINAL ANSWER ---
**Top 3 services by total revenue (including tax) for European clients in H2 2024**

| Rank | Service | Revenue (USD) |
|------|---------|---------------|
| 1 | Tax Planning | **$5,560.60** |
| 2 | Regulatory Compliance Audit | **$4,957.26** |
| 3 | Contract Review | **$4,531.50** |

These are the highest‑earning services for the specified period and region.

Status: SUCCESS

================================================================================
SUMMARY
================================================================================
Success: 15/15 questions

Results saved to TEST_RESULTS.md
Full log saved to pipeline.log
